<?xml version="1.0" encoding="UTF-8"?>
<coverage generated="1728030514146" clover="3.2.0">
  <project timestamp="1728030514146" name="All files">
    <metrics statements="5976" coveredstatements="5029" conditionals="277" coveredconditionals="252" methods="115" coveredmethods="75" elements="6368" coveredelements="5356" complexity="0" loc="5976" ncloc="5976" packages="36" files="59" classes="59"/>
    <package name="src">
      <metrics statements="76" coveredstatements="0" conditionals="4" coveredconditionals="0" methods="4" coveredmethods="0"/>
      <file name="billing.constants.ts" path="/home/jlarique/code/manager/packages/manager/apps/hub/src/billing.constants.ts">
        <metrics statements="41" coveredstatements="0" conditionals="1" coveredconditionals="0" methods="1" coveredmethods="0"/>
        <line num="1" count="0" type="cond" truecount="0" falsecount="1"/>
        <line num="2" count="0" type="stmt"/>
        <line num="3" count="0" type="stmt"/>
        <line num="4" count="0" type="stmt"/>
        <line num="5" count="0" type="stmt"/>
        <line num="6" count="0" type="stmt"/>
        <line num="7" count="0" type="stmt"/>
        <line num="8" count="0" type="stmt"/>
        <line num="9" count="0" type="stmt"/>
        <line num="10" count="0" type="stmt"/>
        <line num="11" count="0" type="stmt"/>
        <line num="12" count="0" type="stmt"/>
        <line num="13" count="0" type="stmt"/>
        <line num="14" count="0" type="stmt"/>
        <line num="15" count="0" type="stmt"/>
        <line num="16" count="0" type="stmt"/>
        <line num="17" count="0" type="stmt"/>
        <line num="18" count="0" type="stmt"/>
        <line num="19" count="0" type="stmt"/>
        <line num="20" count="0" type="stmt"/>
        <line num="21" count="0" type="stmt"/>
        <line num="22" count="0" type="stmt"/>
        <line num="23" count="0" type="stmt"/>
        <line num="24" count="0" type="stmt"/>
        <line num="25" count="0" type="stmt"/>
        <line num="26" count="0" type="stmt"/>
        <line num="27" count="0" type="stmt"/>
        <line num="28" count="0" type="stmt"/>
        <line num="29" count="0" type="stmt"/>
        <line num="30" count="0" type="stmt"/>
        <line num="31" count="0" type="stmt"/>
        <line num="32" count="0" type="stmt"/>
        <line num="33" count="0" type="stmt"/>
        <line num="34" count="0" type="stmt"/>
        <line num="35" count="0" type="stmt"/>
        <line num="36" count="0" type="stmt"/>
        <line num="37" count="0" type="stmt"/>
        <line num="38" count="0" type="stmt"/>
        <line num="39" count="0" type="stmt"/>
        <line num="40" count="0" type="stmt"/>
        <line num="41" count="0" type="stmt"/>
      </file>
      <file name="hub.config.ts" path="/home/jlarique/code/manager/packages/manager/apps/hub/src/hub.config.ts">
        <metrics statements="3" coveredstatements="0" conditionals="1" coveredconditionals="0" methods="1" coveredmethods="0"/>
        <line num="1" count="0" type="cond" truecount="0" falsecount="1"/>
        <line num="2" count="0" type="stmt"/>
        <line num="3" count="0" type="stmt"/>
      </file>
      <file name="hub.constants.ts" path="/home/jlarique/code/manager/packages/manager/apps/hub/src/hub.constants.ts">
        <metrics statements="12" coveredstatements="0" conditionals="1" coveredconditionals="0" methods="1" coveredmethods="0"/>
        <line num="1" count="0" type="cond" truecount="0" falsecount="1"/>
        <line num="2" count="0" type="stmt"/>
        <line num="3" count="0" type="stmt"/>
        <line num="4" count="0" type="stmt"/>
        <line num="5" count="0" type="stmt"/>
        <line num="6" count="0" type="stmt"/>
        <line num="7" count="0" type="stmt"/>
        <line num="8" count="0" type="stmt"/>
        <line num="9" count="0" type="stmt"/>
        <line num="10" count="0" type="stmt"/>
        <line num="11" count="0" type="stmt"/>
        <line num="12" count="0" type="stmt"/>
      </file>
      <file name="tracking.constant.ts" path="/home/jlarique/code/manager/packages/manager/apps/hub/src/tracking.constant.ts">
        <metrics statements="20" coveredstatements="0" conditionals="1" coveredconditionals="0" methods="1" coveredmethods="0"/>
        <line num="1" count="0" type="cond" truecount="0" falsecount="1"/>
        <line num="2" count="0" type="stmt"/>
        <line num="3" count="0" type="stmt"/>
        <line num="4" count="0" type="stmt"/>
        <line num="5" count="0" type="stmt"/>
        <line num="6" count="0" type="stmt"/>
        <line num="7" count="0" type="stmt"/>
        <line num="8" count="0" type="stmt"/>
        <line num="9" count="0" type="stmt"/>
        <line num="10" count="0" type="stmt"/>
        <line num="11" count="0" type="stmt"/>
        <line num="12" count="0" type="stmt"/>
        <line num="13" count="0" type="stmt"/>
        <line num="14" count="0" type="stmt"/>
        <line num="15" count="0" type="stmt"/>
        <line num="16" count="0" type="stmt"/>
        <line num="17" count="0" type="stmt"/>
        <line num="18" count="0" type="stmt"/>
        <line num="19" count="0" type="stmt"/>
        <line num="20" count="0" type="stmt"/>
      </file>
    </package>
    <package name="src._mock_">
      <metrics statements="2133" coveredstatements="2133" conditionals="0" coveredconditionals="0" methods="0" coveredmethods="0"/>
      <file name="billingServices.ts" path="/home/jlarique/code/manager/packages/manager/apps/hub/src/_mock_/billingServices.ts">
        <metrics statements="150" coveredstatements="150" conditionals="0" coveredconditionals="0" methods="0" coveredmethods="0"/>
        <line num="1" count="1" type="stmt"/>
        <line num="2" count="1" type="stmt"/>
        <line num="3" count="1" type="stmt"/>
        <line num="4" count="1" type="stmt"/>
        <line num="5" count="1" type="stmt"/>
        <line num="6" count="1" type="stmt"/>
        <line num="7" count="1" type="stmt"/>
        <line num="8" count="1" type="stmt"/>
        <line num="9" count="1" type="stmt"/>
        <line num="10" count="1" type="stmt"/>
        <line num="11" count="1" type="stmt"/>
        <line num="12" count="1" type="stmt"/>
        <line num="13" count="1" type="stmt"/>
        <line num="14" count="1" type="stmt"/>
        <line num="15" count="1" type="stmt"/>
        <line num="16" count="1" type="stmt"/>
        <line num="17" count="1" type="stmt"/>
        <line num="18" count="1" type="stmt"/>
        <line num="19" count="1" type="stmt"/>
        <line num="20" count="1" type="stmt"/>
        <line num="21" count="1" type="stmt"/>
        <line num="22" count="1" type="stmt"/>
        <line num="23" count="1" type="stmt"/>
        <line num="24" count="1" type="stmt"/>
        <line num="25" count="1" type="stmt"/>
        <line num="26" count="1" type="stmt"/>
        <line num="27" count="1" type="stmt"/>
        <line num="28" count="1" type="stmt"/>
        <line num="29" count="1" type="stmt"/>
        <line num="30" count="1" type="stmt"/>
        <line num="31" count="1" type="stmt"/>
        <line num="32" count="1" type="stmt"/>
        <line num="33" count="1" type="stmt"/>
        <line num="34" count="1" type="stmt"/>
        <line num="35" count="1" type="stmt"/>
        <line num="36" count="1" type="stmt"/>
        <line num="37" count="1" type="stmt"/>
        <line num="38" count="1" type="stmt"/>
        <line num="39" count="1" type="stmt"/>
        <line num="40" count="1" type="stmt"/>
        <line num="41" count="1" type="stmt"/>
        <line num="42" count="1" type="stmt"/>
        <line num="43" count="1" type="stmt"/>
        <line num="44" count="1" type="stmt"/>
        <line num="45" count="1" type="stmt"/>
        <line num="46" count="1" type="stmt"/>
        <line num="47" count="1" type="stmt"/>
        <line num="48" count="1" type="stmt"/>
        <line num="49" count="1" type="stmt"/>
        <line num="50" count="1" type="stmt"/>
        <line num="51" count="1" type="stmt"/>
        <line num="52" count="1" type="stmt"/>
        <line num="53" count="1" type="stmt"/>
        <line num="54" count="1" type="stmt"/>
        <line num="55" count="1" type="stmt"/>
        <line num="56" count="1" type="stmt"/>
        <line num="57" count="1" type="stmt"/>
        <line num="58" count="1" type="stmt"/>
        <line num="59" count="1" type="stmt"/>
        <line num="60" count="1" type="stmt"/>
        <line num="61" count="1" type="stmt"/>
        <line num="62" count="1" type="stmt"/>
        <line num="63" count="1" type="stmt"/>
        <line num="64" count="1" type="stmt"/>
        <line num="65" count="1" type="stmt"/>
        <line num="66" count="1" type="stmt"/>
        <line num="67" count="1" type="stmt"/>
        <line num="68" count="1" type="stmt"/>
        <line num="69" count="1" type="stmt"/>
        <line num="70" count="1" type="stmt"/>
        <line num="71" count="1" type="stmt"/>
        <line num="72" count="1" type="stmt"/>
        <line num="73" count="1" type="stmt"/>
        <line num="74" count="1" type="stmt"/>
        <line num="75" count="1" type="stmt"/>
        <line num="76" count="1" type="stmt"/>
        <line num="77" count="1" type="stmt"/>
        <line num="78" count="1" type="stmt"/>
        <line num="79" count="1" type="stmt"/>
        <line num="80" count="1" type="stmt"/>
        <line num="81" count="1" type="stmt"/>
        <line num="82" count="1" type="stmt"/>
        <line num="83" count="1" type="stmt"/>
        <line num="84" count="1" type="stmt"/>
        <line num="85" count="1" type="stmt"/>
        <line num="86" count="1" type="stmt"/>
        <line num="87" count="1" type="stmt"/>
        <line num="88" count="1" type="stmt"/>
        <line num="89" count="1" type="stmt"/>
        <line num="90" count="1" type="stmt"/>
        <line num="91" count="1" type="stmt"/>
        <line num="92" count="1" type="stmt"/>
        <line num="93" count="1" type="stmt"/>
        <line num="94" count="1" type="stmt"/>
        <line num="95" count="1" type="stmt"/>
        <line num="96" count="1" type="stmt"/>
        <line num="97" count="1" type="stmt"/>
        <line num="98" count="1" type="stmt"/>
        <line num="99" count="1" type="stmt"/>
        <line num="100" count="1" type="stmt"/>
        <line num="101" count="1" type="stmt"/>
        <line num="102" count="1" type="stmt"/>
        <line num="103" count="1" type="stmt"/>
        <line num="104" count="1" type="stmt"/>
        <line num="105" count="1" type="stmt"/>
        <line num="106" count="1" type="stmt"/>
        <line num="107" count="1" type="stmt"/>
        <line num="108" count="1" type="stmt"/>
        <line num="109" count="1" type="stmt"/>
        <line num="110" count="1" type="stmt"/>
        <line num="111" count="1" type="stmt"/>
        <line num="112" count="1" type="stmt"/>
        <line num="113" count="1" type="stmt"/>
        <line num="114" count="1" type="stmt"/>
        <line num="115" count="1" type="stmt"/>
        <line num="116" count="1" type="stmt"/>
        <line num="117" count="1" type="stmt"/>
        <line num="118" count="1" type="stmt"/>
        <line num="119" count="1" type="stmt"/>
        <line num="120" count="1" type="stmt"/>
        <line num="121" count="1" type="stmt"/>
        <line num="122" count="1" type="stmt"/>
        <line num="123" count="1" type="stmt"/>
        <line num="124" count="1" type="stmt"/>
        <line num="125" count="1" type="stmt"/>
        <line num="126" count="1" type="stmt"/>
        <line num="127" count="1" type="stmt"/>
        <line num="128" count="1" type="stmt"/>
        <line num="129" count="1" type="stmt"/>
        <line num="130" count="1" type="stmt"/>
        <line num="131" count="1" type="stmt"/>
        <line num="132" count="1" type="stmt"/>
        <line num="133" count="1" type="stmt"/>
        <line num="134" count="1" type="stmt"/>
        <line num="135" count="1" type="stmt"/>
        <line num="136" count="1" type="stmt"/>
        <line num="137" count="1" type="stmt"/>
        <line num="138" count="1" type="stmt"/>
        <line num="139" count="1" type="stmt"/>
        <line num="140" count="1" type="stmt"/>
        <line num="141" count="1" type="stmt"/>
        <line num="142" count="1" type="stmt"/>
        <line num="143" count="1" type="stmt"/>
        <line num="144" count="1" type="stmt"/>
        <line num="145" count="1" type="stmt"/>
        <line num="146" count="1" type="stmt"/>
        <line num="147" count="1" type="stmt"/>
        <line num="148" count="1" type="stmt"/>
        <line num="149" count="1" type="stmt"/>
        <line num="150" count="1" type="stmt"/>
      </file>
      <file name="products.ts" path="/home/jlarique/code/manager/packages/manager/apps/hub/src/_mock_/products.ts">
        <metrics statements="1983" coveredstatements="1983" conditionals="0" coveredconditionals="0" methods="0" coveredmethods="0"/>
        <line num="1" count="1" type="stmt"/>
        <line num="2" count="1" type="stmt"/>
        <line num="3" count="1" type="stmt"/>
        <line num="4" count="1" type="stmt"/>
        <line num="5" count="1" type="stmt"/>
        <line num="6" count="1" type="stmt"/>
        <line num="7" count="1" type="stmt"/>
        <line num="8" count="1" type="stmt"/>
        <line num="9" count="1" type="stmt"/>
        <line num="10" count="1" type="stmt"/>
        <line num="11" count="1" type="stmt"/>
        <line num="12" count="1" type="stmt"/>
        <line num="13" count="1" type="stmt"/>
        <line num="14" count="1" type="stmt"/>
        <line num="15" count="1" type="stmt"/>
        <line num="16" count="1" type="stmt"/>
        <line num="17" count="1" type="stmt"/>
        <line num="18" count="1" type="stmt"/>
        <line num="19" count="1" type="stmt"/>
        <line num="20" count="1" type="stmt"/>
        <line num="21" count="1" type="stmt"/>
        <line num="22" count="1" type="stmt"/>
        <line num="23" count="1" type="stmt"/>
        <line num="24" count="1" type="stmt"/>
        <line num="25" count="1" type="stmt"/>
        <line num="26" count="1" type="stmt"/>
        <line num="27" count="1" type="stmt"/>
        <line num="28" count="1" type="stmt"/>
        <line num="29" count="1" type="stmt"/>
        <line num="30" count="1" type="stmt"/>
        <line num="31" count="1" type="stmt"/>
        <line num="32" count="1" type="stmt"/>
        <line num="33" count="1" type="stmt"/>
        <line num="34" count="1" type="stmt"/>
        <line num="35" count="1" type="stmt"/>
        <line num="36" count="1" type="stmt"/>
        <line num="37" count="1" type="stmt"/>
        <line num="38" count="1" type="stmt"/>
        <line num="39" count="1" type="stmt"/>
        <line num="40" count="1" type="stmt"/>
        <line num="41" count="1" type="stmt"/>
        <line num="42" count="1" type="stmt"/>
        <line num="43" count="1" type="stmt"/>
        <line num="44" count="1" type="stmt"/>
        <line num="45" count="1" type="stmt"/>
        <line num="46" count="1" type="stmt"/>
        <line num="47" count="1" type="stmt"/>
        <line num="48" count="1" type="stmt"/>
        <line num="49" count="1" type="stmt"/>
        <line num="50" count="1" type="stmt"/>
        <line num="51" count="1" type="stmt"/>
        <line num="52" count="1" type="stmt"/>
        <line num="53" count="1" type="stmt"/>
        <line num="54" count="1" type="stmt"/>
        <line num="55" count="1" type="stmt"/>
        <line num="56" count="1" type="stmt"/>
        <line num="57" count="1" type="stmt"/>
        <line num="58" count="1" type="stmt"/>
        <line num="59" count="1" type="stmt"/>
        <line num="60" count="1" type="stmt"/>
        <line num="61" count="1" type="stmt"/>
        <line num="62" count="1" type="stmt"/>
        <line num="63" count="1" type="stmt"/>
        <line num="64" count="1" type="stmt"/>
        <line num="65" count="1" type="stmt"/>
        <line num="66" count="1" type="stmt"/>
        <line num="67" count="1" type="stmt"/>
        <line num="68" count="1" type="stmt"/>
        <line num="69" count="1" type="stmt"/>
        <line num="70" count="1" type="stmt"/>
        <line num="71" count="1" type="stmt"/>
        <line num="72" count="1" type="stmt"/>
        <line num="73" count="1" type="stmt"/>
        <line num="74" count="1" type="stmt"/>
        <line num="75" count="1" type="stmt"/>
        <line num="76" count="1" type="stmt"/>
        <line num="77" count="1" type="stmt"/>
        <line num="78" count="1" type="stmt"/>
        <line num="79" count="1" type="stmt"/>
        <line num="80" count="1" type="stmt"/>
        <line num="81" count="1" type="stmt"/>
        <line num="82" count="1" type="stmt"/>
        <line num="83" count="1" type="stmt"/>
        <line num="84" count="1" type="stmt"/>
        <line num="85" count="1" type="stmt"/>
        <line num="86" count="1" type="stmt"/>
        <line num="87" count="1" type="stmt"/>
        <line num="88" count="1" type="stmt"/>
        <line num="89" count="1" type="stmt"/>
        <line num="90" count="1" type="stmt"/>
        <line num="91" count="1" type="stmt"/>
        <line num="92" count="1" type="stmt"/>
        <line num="93" count="1" type="stmt"/>
        <line num="94" count="1" type="stmt"/>
        <line num="95" count="1" type="stmt"/>
        <line num="96" count="1" type="stmt"/>
        <line num="97" count="1" type="stmt"/>
        <line num="98" count="1" type="stmt"/>
        <line num="99" count="1" type="stmt"/>
        <line num="100" count="1" type="stmt"/>
        <line num="101" count="1" type="stmt"/>
        <line num="102" count="1" type="stmt"/>
        <line num="103" count="1" type="stmt"/>
        <line num="104" count="1" type="stmt"/>
        <line num="105" count="1" type="stmt"/>
        <line num="106" count="1" type="stmt"/>
        <line num="107" count="1" type="stmt"/>
        <line num="108" count="1" type="stmt"/>
        <line num="109" count="1" type="stmt"/>
        <line num="110" count="1" type="stmt"/>
        <line num="111" count="1" type="stmt"/>
        <line num="112" count="1" type="stmt"/>
        <line num="113" count="1" type="stmt"/>
        <line num="114" count="1" type="stmt"/>
        <line num="115" count="1" type="stmt"/>
        <line num="116" count="1" type="stmt"/>
        <line num="117" count="1" type="stmt"/>
        <line num="118" count="1" type="stmt"/>
        <line num="119" count="1" type="stmt"/>
        <line num="120" count="1" type="stmt"/>
        <line num="121" count="1" type="stmt"/>
        <line num="122" count="1" type="stmt"/>
        <line num="123" count="1" type="stmt"/>
        <line num="124" count="1" type="stmt"/>
        <line num="125" count="1" type="stmt"/>
        <line num="126" count="1" type="stmt"/>
        <line num="127" count="1" type="stmt"/>
        <line num="128" count="1" type="stmt"/>
        <line num="129" count="1" type="stmt"/>
        <line num="130" count="1" type="stmt"/>
        <line num="131" count="1" type="stmt"/>
        <line num="132" count="1" type="stmt"/>
        <line num="133" count="1" type="stmt"/>
        <line num="134" count="1" type="stmt"/>
        <line num="135" count="1" type="stmt"/>
        <line num="136" count="1" type="stmt"/>
        <line num="137" count="1" type="stmt"/>
        <line num="138" count="1" type="stmt"/>
        <line num="139" count="1" type="stmt"/>
        <line num="140" count="1" type="stmt"/>
        <line num="141" count="1" type="stmt"/>
        <line num="142" count="1" type="stmt"/>
        <line num="143" count="1" type="stmt"/>
        <line num="144" count="1" type="stmt"/>
        <line num="145" count="1" type="stmt"/>
        <line num="146" count="1" type="stmt"/>
        <line num="147" count="1" type="stmt"/>
        <line num="148" count="1" type="stmt"/>
        <line num="149" count="1" type="stmt"/>
        <line num="150" count="1" type="stmt"/>
        <line num="151" count="1" type="stmt"/>
        <line num="152" count="1" type="stmt"/>
        <line num="153" count="1" type="stmt"/>
        <line num="154" count="1" type="stmt"/>
        <line num="155" count="1" type="stmt"/>
        <line num="156" count="1" type="stmt"/>
        <line num="157" count="1" type="stmt"/>
        <line num="158" count="1" type="stmt"/>
        <line num="159" count="1" type="stmt"/>
        <line num="160" count="1" type="stmt"/>
        <line num="161" count="1" type="stmt"/>
        <line num="162" count="1" type="stmt"/>
        <line num="163" count="1" type="stmt"/>
        <line num="164" count="1" type="stmt"/>
        <line num="165" count="1" type="stmt"/>
        <line num="166" count="1" type="stmt"/>
        <line num="167" count="1" type="stmt"/>
        <line num="168" count="1" type="stmt"/>
        <line num="169" count="1" type="stmt"/>
        <line num="170" count="1" type="stmt"/>
        <line num="171" count="1" type="stmt"/>
        <line num="172" count="1" type="stmt"/>
        <line num="173" count="1" type="stmt"/>
        <line num="174" count="1" type="stmt"/>
        <line num="175" count="1" type="stmt"/>
        <line num="176" count="1" type="stmt"/>
        <line num="177" count="1" type="stmt"/>
        <line num="178" count="1" type="stmt"/>
        <line num="179" count="1" type="stmt"/>
        <line num="180" count="1" type="stmt"/>
        <line num="181" count="1" type="stmt"/>
        <line num="182" count="1" type="stmt"/>
        <line num="183" count="1" type="stmt"/>
        <line num="184" count="1" type="stmt"/>
        <line num="185" count="1" type="stmt"/>
        <line num="186" count="1" type="stmt"/>
        <line num="187" count="1" type="stmt"/>
        <line num="188" count="1" type="stmt"/>
        <line num="189" count="1" type="stmt"/>
        <line num="190" count="1" type="stmt"/>
        <line num="191" count="1" type="stmt"/>
        <line num="192" count="1" type="stmt"/>
        <line num="193" count="1" type="stmt"/>
        <line num="194" count="1" type="stmt"/>
        <line num="195" count="1" type="stmt"/>
        <line num="196" count="1" type="stmt"/>
        <line num="197" count="1" type="stmt"/>
        <line num="198" count="1" type="stmt"/>
        <line num="199" count="1" type="stmt"/>
        <line num="200" count="1" type="stmt"/>
        <line num="201" count="1" type="stmt"/>
        <line num="202" count="1" type="stmt"/>
        <line num="203" count="1" type="stmt"/>
        <line num="204" count="1" type="stmt"/>
        <line num="205" count="1" type="stmt"/>
        <line num="206" count="1" type="stmt"/>
        <line num="207" count="1" type="stmt"/>
        <line num="208" count="1" type="stmt"/>
        <line num="209" count="1" type="stmt"/>
        <line num="210" count="1" type="stmt"/>
        <line num="211" count="1" type="stmt"/>
        <line num="212" count="1" type="stmt"/>
        <line num="213" count="1" type="stmt"/>
        <line num="214" count="1" type="stmt"/>
        <line num="215" count="1" type="stmt"/>
        <line num="216" count="1" type="stmt"/>
        <line num="217" count="1" type="stmt"/>
        <line num="218" count="1" type="stmt"/>
        <line num="219" count="1" type="stmt"/>
        <line num="220" count="1" type="stmt"/>
        <line num="221" count="1" type="stmt"/>
        <line num="222" count="1" type="stmt"/>
        <line num="223" count="1" type="stmt"/>
        <line num="224" count="1" type="stmt"/>
        <line num="225" count="1" type="stmt"/>
        <line num="226" count="1" type="stmt"/>
        <line num="227" count="1" type="stmt"/>
        <line num="228" count="1" type="stmt"/>
        <line num="229" count="1" type="stmt"/>
        <line num="230" count="1" type="stmt"/>
        <line num="231" count="1" type="stmt"/>
        <line num="232" count="1" type="stmt"/>
        <line num="233" count="1" type="stmt"/>
        <line num="234" count="1" type="stmt"/>
        <line num="235" count="1" type="stmt"/>
        <line num="236" count="1" type="stmt"/>
        <line num="237" count="1" type="stmt"/>
        <line num="238" count="1" type="stmt"/>
        <line num="239" count="1" type="stmt"/>
        <line num="240" count="1" type="stmt"/>
        <line num="241" count="1" type="stmt"/>
        <line num="242" count="1" type="stmt"/>
        <line num="243" count="1" type="stmt"/>
        <line num="244" count="1" type="stmt"/>
        <line num="245" count="1" type="stmt"/>
        <line num="246" count="1" type="stmt"/>
        <line num="247" count="1" type="stmt"/>
        <line num="248" count="1" type="stmt"/>
        <line num="249" count="1" type="stmt"/>
        <line num="250" count="1" type="stmt"/>
        <line num="251" count="1" type="stmt"/>
        <line num="252" count="1" type="stmt"/>
        <line num="253" count="1" type="stmt"/>
        <line num="254" count="1" type="stmt"/>
        <line num="255" count="1" type="stmt"/>
        <line num="256" count="1" type="stmt"/>
        <line num="257" count="1" type="stmt"/>
        <line num="258" count="1" type="stmt"/>
        <line num="259" count="1" type="stmt"/>
        <line num="260" count="1" type="stmt"/>
        <line num="261" count="1" type="stmt"/>
        <line num="262" count="1" type="stmt"/>
        <line num="263" count="1" type="stmt"/>
        <line num="264" count="1" type="stmt"/>
        <line num="265" count="1" type="stmt"/>
        <line num="266" count="1" type="stmt"/>
        <line num="267" count="1" type="stmt"/>
        <line num="268" count="1" type="stmt"/>
        <line num="269" count="1" type="stmt"/>
        <line num="270" count="1" type="stmt"/>
        <line num="271" count="1" type="stmt"/>
        <line num="272" count="1" type="stmt"/>
        <line num="273" count="1" type="stmt"/>
        <line num="274" count="1" type="stmt"/>
        <line num="275" count="1" type="stmt"/>
        <line num="276" count="1" type="stmt"/>
        <line num="277" count="1" type="stmt"/>
        <line num="278" count="1" type="stmt"/>
        <line num="279" count="1" type="stmt"/>
        <line num="280" count="1" type="stmt"/>
        <line num="281" count="1" type="stmt"/>
        <line num="282" count="1" type="stmt"/>
        <line num="283" count="1" type="stmt"/>
        <line num="284" count="1" type="stmt"/>
        <line num="285" count="1" type="stmt"/>
        <line num="286" count="1" type="stmt"/>
        <line num="287" count="1" type="stmt"/>
        <line num="288" count="1" type="stmt"/>
        <line num="289" count="1" type="stmt"/>
        <line num="290" count="1" type="stmt"/>
        <line num="291" count="1" type="stmt"/>
        <line num="292" count="1" type="stmt"/>
        <line num="293" count="1" type="stmt"/>
        <line num="294" count="1" type="stmt"/>
        <line num="295" count="1" type="stmt"/>
        <line num="296" count="1" type="stmt"/>
        <line num="297" count="1" type="stmt"/>
        <line num="298" count="1" type="stmt"/>
        <line num="299" count="1" type="stmt"/>
        <line num="300" count="1" type="stmt"/>
        <line num="301" count="1" type="stmt"/>
        <line num="302" count="1" type="stmt"/>
        <line num="303" count="1" type="stmt"/>
        <line num="304" count="1" type="stmt"/>
        <line num="305" count="1" type="stmt"/>
        <line num="306" count="1" type="stmt"/>
        <line num="307" count="1" type="stmt"/>
        <line num="308" count="1" type="stmt"/>
        <line num="309" count="1" type="stmt"/>
        <line num="310" count="1" type="stmt"/>
        <line num="311" count="1" type="stmt"/>
        <line num="312" count="1" type="stmt"/>
        <line num="313" count="1" type="stmt"/>
        <line num="314" count="1" type="stmt"/>
        <line num="315" count="1" type="stmt"/>
        <line num="316" count="1" type="stmt"/>
        <line num="317" count="1" type="stmt"/>
        <line num="318" count="1" type="stmt"/>
        <line num="319" count="1" type="stmt"/>
        <line num="320" count="1" type="stmt"/>
        <line num="321" count="1" type="stmt"/>
        <line num="322" count="1" type="stmt"/>
        <line num="323" count="1" type="stmt"/>
        <line num="324" count="1" type="stmt"/>
        <line num="325" count="1" type="stmt"/>
        <line num="326" count="1" type="stmt"/>
        <line num="327" count="1" type="stmt"/>
        <line num="328" count="1" type="stmt"/>
        <line num="329" count="1" type="stmt"/>
        <line num="330" count="1" type="stmt"/>
        <line num="331" count="1" type="stmt"/>
        <line num="332" count="1" type="stmt"/>
        <line num="333" count="1" type="stmt"/>
        <line num="334" count="1" type="stmt"/>
        <line num="335" count="1" type="stmt"/>
        <line num="336" count="1" type="stmt"/>
        <line num="337" count="1" type="stmt"/>
        <line num="338" count="1" type="stmt"/>
        <line num="339" count="1" type="stmt"/>
        <line num="340" count="1" type="stmt"/>
        <line num="341" count="1" type="stmt"/>
        <line num="342" count="1" type="stmt"/>
        <line num="343" count="1" type="stmt"/>
        <line num="344" count="1" type="stmt"/>
        <line num="345" count="1" type="stmt"/>
        <line num="346" count="1" type="stmt"/>
        <line num="347" count="1" type="stmt"/>
        <line num="348" count="1" type="stmt"/>
        <line num="349" count="1" type="stmt"/>
        <line num="350" count="1" type="stmt"/>
        <line num="351" count="1" type="stmt"/>
        <line num="352" count="1" type="stmt"/>
        <line num="353" count="1" type="stmt"/>
        <line num="354" count="1" type="stmt"/>
        <line num="355" count="1" type="stmt"/>
        <line num="356" count="1" type="stmt"/>
        <line num="357" count="1" type="stmt"/>
        <line num="358" count="1" type="stmt"/>
        <line num="359" count="1" type="stmt"/>
        <line num="360" count="1" type="stmt"/>
        <line num="361" count="1" type="stmt"/>
        <line num="362" count="1" type="stmt"/>
        <line num="363" count="1" type="stmt"/>
        <line num="364" count="1" type="stmt"/>
        <line num="365" count="1" type="stmt"/>
        <line num="366" count="1" type="stmt"/>
        <line num="367" count="1" type="stmt"/>
        <line num="368" count="1" type="stmt"/>
        <line num="369" count="1" type="stmt"/>
        <line num="370" count="1" type="stmt"/>
        <line num="371" count="1" type="stmt"/>
        <line num="372" count="1" type="stmt"/>
        <line num="373" count="1" type="stmt"/>
        <line num="374" count="1" type="stmt"/>
        <line num="375" count="1" type="stmt"/>
        <line num="376" count="1" type="stmt"/>
        <line num="377" count="1" type="stmt"/>
        <line num="378" count="1" type="stmt"/>
        <line num="379" count="1" type="stmt"/>
        <line num="380" count="1" type="stmt"/>
        <line num="381" count="1" type="stmt"/>
        <line num="382" count="1" type="stmt"/>
        <line num="383" count="1" type="stmt"/>
        <line num="384" count="1" type="stmt"/>
        <line num="385" count="1" type="stmt"/>
        <line num="386" count="1" type="stmt"/>
        <line num="387" count="1" type="stmt"/>
        <line num="388" count="1" type="stmt"/>
        <line num="389" count="1" type="stmt"/>
        <line num="390" count="1" type="stmt"/>
        <line num="391" count="1" type="stmt"/>
        <line num="392" count="1" type="stmt"/>
        <line num="393" count="1" type="stmt"/>
        <line num="394" count="1" type="stmt"/>
        <line num="395" count="1" type="stmt"/>
        <line num="396" count="1" type="stmt"/>
        <line num="397" count="1" type="stmt"/>
        <line num="398" count="1" type="stmt"/>
        <line num="399" count="1" type="stmt"/>
        <line num="400" count="1" type="stmt"/>
        <line num="401" count="1" type="stmt"/>
        <line num="402" count="1" type="stmt"/>
        <line num="403" count="1" type="stmt"/>
        <line num="404" count="1" type="stmt"/>
        <line num="405" count="1" type="stmt"/>
        <line num="406" count="1" type="stmt"/>
        <line num="407" count="1" type="stmt"/>
        <line num="408" count="1" type="stmt"/>
        <line num="409" count="1" type="stmt"/>
        <line num="410" count="1" type="stmt"/>
        <line num="411" count="1" type="stmt"/>
        <line num="412" count="1" type="stmt"/>
        <line num="413" count="1" type="stmt"/>
        <line num="414" count="1" type="stmt"/>
        <line num="415" count="1" type="stmt"/>
        <line num="416" count="1" type="stmt"/>
        <line num="417" count="1" type="stmt"/>
        <line num="418" count="1" type="stmt"/>
        <line num="419" count="1" type="stmt"/>
        <line num="420" count="1" type="stmt"/>
        <line num="421" count="1" type="stmt"/>
        <line num="422" count="1" type="stmt"/>
        <line num="423" count="1" type="stmt"/>
        <line num="424" count="1" type="stmt"/>
        <line num="425" count="1" type="stmt"/>
        <line num="426" count="1" type="stmt"/>
        <line num="427" count="1" type="stmt"/>
        <line num="428" count="1" type="stmt"/>
        <line num="429" count="1" type="stmt"/>
        <line num="430" count="1" type="stmt"/>
        <line num="431" count="1" type="stmt"/>
        <line num="432" count="1" type="stmt"/>
        <line num="433" count="1" type="stmt"/>
        <line num="434" count="1" type="stmt"/>
        <line num="435" count="1" type="stmt"/>
        <line num="436" count="1" type="stmt"/>
        <line num="437" count="1" type="stmt"/>
        <line num="438" count="1" type="stmt"/>
        <line num="439" count="1" type="stmt"/>
        <line num="440" count="1" type="stmt"/>
        <line num="441" count="1" type="stmt"/>
        <line num="442" count="1" type="stmt"/>
        <line num="443" count="1" type="stmt"/>
        <line num="444" count="1" type="stmt"/>
        <line num="445" count="1" type="stmt"/>
        <line num="446" count="1" type="stmt"/>
        <line num="447" count="1" type="stmt"/>
        <line num="448" count="1" type="stmt"/>
        <line num="449" count="1" type="stmt"/>
        <line num="450" count="1" type="stmt"/>
        <line num="451" count="1" type="stmt"/>
        <line num="452" count="1" type="stmt"/>
        <line num="453" count="1" type="stmt"/>
        <line num="454" count="1" type="stmt"/>
        <line num="455" count="1" type="stmt"/>
        <line num="456" count="1" type="stmt"/>
        <line num="457" count="1" type="stmt"/>
        <line num="458" count="1" type="stmt"/>
        <line num="459" count="1" type="stmt"/>
        <line num="460" count="1" type="stmt"/>
        <line num="461" count="1" type="stmt"/>
        <line num="462" count="1" type="stmt"/>
        <line num="463" count="1" type="stmt"/>
        <line num="464" count="1" type="stmt"/>
        <line num="465" count="1" type="stmt"/>
        <line num="466" count="1" type="stmt"/>
        <line num="467" count="1" type="stmt"/>
        <line num="468" count="1" type="stmt"/>
        <line num="469" count="1" type="stmt"/>
        <line num="470" count="1" type="stmt"/>
        <line num="471" count="1" type="stmt"/>
        <line num="472" count="1" type="stmt"/>
        <line num="473" count="1" type="stmt"/>
        <line num="474" count="1" type="stmt"/>
        <line num="475" count="1" type="stmt"/>
        <line num="476" count="1" type="stmt"/>
        <line num="477" count="1" type="stmt"/>
        <line num="478" count="1" type="stmt"/>
        <line num="479" count="1" type="stmt"/>
        <line num="480" count="1" type="stmt"/>
        <line num="481" count="1" type="stmt"/>
        <line num="482" count="1" type="stmt"/>
        <line num="483" count="1" type="stmt"/>
        <line num="484" count="1" type="stmt"/>
        <line num="485" count="1" type="stmt"/>
        <line num="486" count="1" type="stmt"/>
        <line num="487" count="1" type="stmt"/>
        <line num="488" count="1" type="stmt"/>
        <line num="489" count="1" type="stmt"/>
        <line num="490" count="1" type="stmt"/>
        <line num="491" count="1" type="stmt"/>
        <line num="492" count="1" type="stmt"/>
        <line num="493" count="1" type="stmt"/>
        <line num="494" count="1" type="stmt"/>
        <line num="495" count="1" type="stmt"/>
        <line num="496" count="1" type="stmt"/>
        <line num="497" count="1" type="stmt"/>
        <line num="498" count="1" type="stmt"/>
        <line num="499" count="1" type="stmt"/>
        <line num="500" count="1" type="stmt"/>
        <line num="501" count="1" type="stmt"/>
        <line num="502" count="1" type="stmt"/>
        <line num="503" count="1" type="stmt"/>
        <line num="504" count="1" type="stmt"/>
        <line num="505" count="1" type="stmt"/>
        <line num="506" count="1" type="stmt"/>
        <line num="507" count="1" type="stmt"/>
        <line num="508" count="1" type="stmt"/>
        <line num="509" count="1" type="stmt"/>
        <line num="510" count="1" type="stmt"/>
        <line num="511" count="1" type="stmt"/>
        <line num="512" count="1" type="stmt"/>
        <line num="513" count="1" type="stmt"/>
        <line num="514" count="1" type="stmt"/>
        <line num="515" count="1" type="stmt"/>
        <line num="516" count="1" type="stmt"/>
        <line num="517" count="1" type="stmt"/>
        <line num="518" count="1" type="stmt"/>
        <line num="519" count="1" type="stmt"/>
        <line num="520" count="1" type="stmt"/>
        <line num="521" count="1" type="stmt"/>
        <line num="522" count="1" type="stmt"/>
        <line num="523" count="1" type="stmt"/>
        <line num="524" count="1" type="stmt"/>
        <line num="525" count="1" type="stmt"/>
        <line num="526" count="1" type="stmt"/>
        <line num="527" count="1" type="stmt"/>
        <line num="528" count="1" type="stmt"/>
        <line num="529" count="1" type="stmt"/>
        <line num="530" count="1" type="stmt"/>
        <line num="531" count="1" type="stmt"/>
        <line num="532" count="1" type="stmt"/>
        <line num="533" count="1" type="stmt"/>
        <line num="534" count="1" type="stmt"/>
        <line num="535" count="1" type="stmt"/>
        <line num="536" count="1" type="stmt"/>
        <line num="537" count="1" type="stmt"/>
        <line num="538" count="1" type="stmt"/>
        <line num="539" count="1" type="stmt"/>
        <line num="540" count="1" type="stmt"/>
        <line num="541" count="1" type="stmt"/>
        <line num="542" count="1" type="stmt"/>
        <line num="543" count="1" type="stmt"/>
        <line num="544" count="1" type="stmt"/>
        <line num="545" count="1" type="stmt"/>
        <line num="546" count="1" type="stmt"/>
        <line num="547" count="1" type="stmt"/>
        <line num="548" count="1" type="stmt"/>
        <line num="549" count="1" type="stmt"/>
        <line num="550" count="1" type="stmt"/>
        <line num="551" count="1" type="stmt"/>
        <line num="552" count="1" type="stmt"/>
        <line num="553" count="1" type="stmt"/>
        <line num="554" count="1" type="stmt"/>
        <line num="555" count="1" type="stmt"/>
        <line num="556" count="1" type="stmt"/>
        <line num="557" count="1" type="stmt"/>
        <line num="558" count="1" type="stmt"/>
        <line num="559" count="1" type="stmt"/>
        <line num="560" count="1" type="stmt"/>
        <line num="561" count="1" type="stmt"/>
        <line num="562" count="1" type="stmt"/>
        <line num="563" count="1" type="stmt"/>
        <line num="564" count="1" type="stmt"/>
        <line num="565" count="1" type="stmt"/>
        <line num="566" count="1" type="stmt"/>
        <line num="567" count="1" type="stmt"/>
        <line num="568" count="1" type="stmt"/>
        <line num="569" count="1" type="stmt"/>
        <line num="570" count="1" type="stmt"/>
        <line num="571" count="1" type="stmt"/>
        <line num="572" count="1" type="stmt"/>
        <line num="573" count="1" type="stmt"/>
        <line num="574" count="1" type="stmt"/>
        <line num="575" count="1" type="stmt"/>
        <line num="576" count="1" type="stmt"/>
        <line num="577" count="1" type="stmt"/>
        <line num="578" count="1" type="stmt"/>
        <line num="579" count="1" type="stmt"/>
        <line num="580" count="1" type="stmt"/>
        <line num="581" count="1" type="stmt"/>
        <line num="582" count="1" type="stmt"/>
        <line num="583" count="1" type="stmt"/>
        <line num="584" count="1" type="stmt"/>
        <line num="585" count="1" type="stmt"/>
        <line num="586" count="1" type="stmt"/>
        <line num="587" count="1" type="stmt"/>
        <line num="588" count="1" type="stmt"/>
        <line num="589" count="1" type="stmt"/>
        <line num="590" count="1" type="stmt"/>
        <line num="591" count="1" type="stmt"/>
        <line num="592" count="1" type="stmt"/>
        <line num="593" count="1" type="stmt"/>
        <line num="594" count="1" type="stmt"/>
        <line num="595" count="1" type="stmt"/>
        <line num="596" count="1" type="stmt"/>
        <line num="597" count="1" type="stmt"/>
        <line num="598" count="1" type="stmt"/>
        <line num="599" count="1" type="stmt"/>
        <line num="600" count="1" type="stmt"/>
        <line num="601" count="1" type="stmt"/>
        <line num="602" count="1" type="stmt"/>
        <line num="603" count="1" type="stmt"/>
        <line num="604" count="1" type="stmt"/>
        <line num="605" count="1" type="stmt"/>
        <line num="606" count="1" type="stmt"/>
        <line num="607" count="1" type="stmt"/>
        <line num="608" count="1" type="stmt"/>
        <line num="609" count="1" type="stmt"/>
        <line num="610" count="1" type="stmt"/>
        <line num="611" count="1" type="stmt"/>
        <line num="612" count="1" type="stmt"/>
        <line num="613" count="1" type="stmt"/>
        <line num="614" count="1" type="stmt"/>
        <line num="615" count="1" type="stmt"/>
        <line num="616" count="1" type="stmt"/>
        <line num="617" count="1" type="stmt"/>
        <line num="618" count="1" type="stmt"/>
        <line num="619" count="1" type="stmt"/>
        <line num="620" count="1" type="stmt"/>
        <line num="621" count="1" type="stmt"/>
        <line num="622" count="1" type="stmt"/>
        <line num="623" count="1" type="stmt"/>
        <line num="624" count="1" type="stmt"/>
        <line num="625" count="1" type="stmt"/>
        <line num="626" count="1" type="stmt"/>
        <line num="627" count="1" type="stmt"/>
        <line num="628" count="1" type="stmt"/>
        <line num="629" count="1" type="stmt"/>
        <line num="630" count="1" type="stmt"/>
        <line num="631" count="1" type="stmt"/>
        <line num="632" count="1" type="stmt"/>
        <line num="633" count="1" type="stmt"/>
        <line num="634" count="1" type="stmt"/>
        <line num="635" count="1" type="stmt"/>
        <line num="636" count="1" type="stmt"/>
        <line num="637" count="1" type="stmt"/>
        <line num="638" count="1" type="stmt"/>
        <line num="639" count="1" type="stmt"/>
        <line num="640" count="1" type="stmt"/>
        <line num="641" count="1" type="stmt"/>
        <line num="642" count="1" type="stmt"/>
        <line num="643" count="1" type="stmt"/>
        <line num="644" count="1" type="stmt"/>
        <line num="645" count="1" type="stmt"/>
        <line num="646" count="1" type="stmt"/>
        <line num="647" count="1" type="stmt"/>
        <line num="648" count="1" type="stmt"/>
        <line num="649" count="1" type="stmt"/>
        <line num="650" count="1" type="stmt"/>
        <line num="651" count="1" type="stmt"/>
        <line num="652" count="1" type="stmt"/>
        <line num="653" count="1" type="stmt"/>
        <line num="654" count="1" type="stmt"/>
        <line num="655" count="1" type="stmt"/>
        <line num="656" count="1" type="stmt"/>
        <line num="657" count="1" type="stmt"/>
        <line num="658" count="1" type="stmt"/>
        <line num="659" count="1" type="stmt"/>
        <line num="660" count="1" type="stmt"/>
        <line num="661" count="1" type="stmt"/>
        <line num="662" count="1" type="stmt"/>
        <line num="663" count="1" type="stmt"/>
        <line num="664" count="1" type="stmt"/>
        <line num="665" count="1" type="stmt"/>
        <line num="666" count="1" type="stmt"/>
        <line num="667" count="1" type="stmt"/>
        <line num="668" count="1" type="stmt"/>
        <line num="669" count="1" type="stmt"/>
        <line num="670" count="1" type="stmt"/>
        <line num="671" count="1" type="stmt"/>
        <line num="672" count="1" type="stmt"/>
        <line num="673" count="1" type="stmt"/>
        <line num="674" count="1" type="stmt"/>
        <line num="675" count="1" type="stmt"/>
        <line num="676" count="1" type="stmt"/>
        <line num="677" count="1" type="stmt"/>
        <line num="678" count="1" type="stmt"/>
        <line num="679" count="1" type="stmt"/>
        <line num="680" count="1" type="stmt"/>
        <line num="681" count="1" type="stmt"/>
        <line num="682" count="1" type="stmt"/>
        <line num="683" count="1" type="stmt"/>
        <line num="684" count="1" type="stmt"/>
        <line num="685" count="1" type="stmt"/>
        <line num="686" count="1" type="stmt"/>
        <line num="687" count="1" type="stmt"/>
        <line num="688" count="1" type="stmt"/>
        <line num="689" count="1" type="stmt"/>
        <line num="690" count="1" type="stmt"/>
        <line num="691" count="1" type="stmt"/>
        <line num="692" count="1" type="stmt"/>
        <line num="693" count="1" type="stmt"/>
        <line num="694" count="1" type="stmt"/>
        <line num="695" count="1" type="stmt"/>
        <line num="696" count="1" type="stmt"/>
        <line num="697" count="1" type="stmt"/>
        <line num="698" count="1" type="stmt"/>
        <line num="699" count="1" type="stmt"/>
        <line num="700" count="1" type="stmt"/>
        <line num="701" count="1" type="stmt"/>
        <line num="702" count="1" type="stmt"/>
        <line num="703" count="1" type="stmt"/>
        <line num="704" count="1" type="stmt"/>
        <line num="705" count="1" type="stmt"/>
        <line num="706" count="1" type="stmt"/>
        <line num="707" count="1" type="stmt"/>
        <line num="708" count="1" type="stmt"/>
        <line num="709" count="1" type="stmt"/>
        <line num="710" count="1" type="stmt"/>
        <line num="711" count="1" type="stmt"/>
        <line num="712" count="1" type="stmt"/>
        <line num="713" count="1" type="stmt"/>
        <line num="714" count="1" type="stmt"/>
        <line num="715" count="1" type="stmt"/>
        <line num="716" count="1" type="stmt"/>
        <line num="717" count="1" type="stmt"/>
        <line num="718" count="1" type="stmt"/>
        <line num="719" count="1" type="stmt"/>
        <line num="720" count="1" type="stmt"/>
        <line num="721" count="1" type="stmt"/>
        <line num="722" count="1" type="stmt"/>
        <line num="723" count="1" type="stmt"/>
        <line num="724" count="1" type="stmt"/>
        <line num="725" count="1" type="stmt"/>
        <line num="726" count="1" type="stmt"/>
        <line num="727" count="1" type="stmt"/>
        <line num="728" count="1" type="stmt"/>
        <line num="729" count="1" type="stmt"/>
        <line num="730" count="1" type="stmt"/>
        <line num="731" count="1" type="stmt"/>
        <line num="732" count="1" type="stmt"/>
        <line num="733" count="1" type="stmt"/>
        <line num="734" count="1" type="stmt"/>
        <line num="735" count="1" type="stmt"/>
        <line num="736" count="1" type="stmt"/>
        <line num="737" count="1" type="stmt"/>
        <line num="738" count="1" type="stmt"/>
        <line num="739" count="1" type="stmt"/>
        <line num="740" count="1" type="stmt"/>
        <line num="741" count="1" type="stmt"/>
        <line num="742" count="1" type="stmt"/>
        <line num="743" count="1" type="stmt"/>
        <line num="744" count="1" type="stmt"/>
        <line num="745" count="1" type="stmt"/>
        <line num="746" count="1" type="stmt"/>
        <line num="747" count="1" type="stmt"/>
        <line num="748" count="1" type="stmt"/>
        <line num="749" count="1" type="stmt"/>
        <line num="750" count="1" type="stmt"/>
        <line num="751" count="1" type="stmt"/>
        <line num="752" count="1" type="stmt"/>
        <line num="753" count="1" type="stmt"/>
        <line num="754" count="1" type="stmt"/>
        <line num="755" count="1" type="stmt"/>
        <line num="756" count="1" type="stmt"/>
        <line num="757" count="1" type="stmt"/>
        <line num="758" count="1" type="stmt"/>
        <line num="759" count="1" type="stmt"/>
        <line num="760" count="1" type="stmt"/>
        <line num="761" count="1" type="stmt"/>
        <line num="762" count="1" type="stmt"/>
        <line num="763" count="1" type="stmt"/>
        <line num="764" count="1" type="stmt"/>
        <line num="765" count="1" type="stmt"/>
        <line num="766" count="1" type="stmt"/>
        <line num="767" count="1" type="stmt"/>
        <line num="768" count="1" type="stmt"/>
        <line num="769" count="1" type="stmt"/>
        <line num="770" count="1" type="stmt"/>
        <line num="771" count="1" type="stmt"/>
        <line num="772" count="1" type="stmt"/>
        <line num="773" count="1" type="stmt"/>
        <line num="774" count="1" type="stmt"/>
        <line num="775" count="1" type="stmt"/>
        <line num="776" count="1" type="stmt"/>
        <line num="777" count="1" type="stmt"/>
        <line num="778" count="1" type="stmt"/>
        <line num="779" count="1" type="stmt"/>
        <line num="780" count="1" type="stmt"/>
        <line num="781" count="1" type="stmt"/>
        <line num="782" count="1" type="stmt"/>
        <line num="783" count="1" type="stmt"/>
        <line num="784" count="1" type="stmt"/>
        <line num="785" count="1" type="stmt"/>
        <line num="786" count="1" type="stmt"/>
        <line num="787" count="1" type="stmt"/>
        <line num="788" count="1" type="stmt"/>
        <line num="789" count="1" type="stmt"/>
        <line num="790" count="1" type="stmt"/>
        <line num="791" count="1" type="stmt"/>
        <line num="792" count="1" type="stmt"/>
        <line num="793" count="1" type="stmt"/>
        <line num="794" count="1" type="stmt"/>
        <line num="795" count="1" type="stmt"/>
        <line num="796" count="1" type="stmt"/>
        <line num="797" count="1" type="stmt"/>
        <line num="798" count="1" type="stmt"/>
        <line num="799" count="1" type="stmt"/>
        <line num="800" count="1" type="stmt"/>
        <line num="801" count="1" type="stmt"/>
        <line num="802" count="1" type="stmt"/>
        <line num="803" count="1" type="stmt"/>
        <line num="804" count="1" type="stmt"/>
        <line num="805" count="1" type="stmt"/>
        <line num="806" count="1" type="stmt"/>
        <line num="807" count="1" type="stmt"/>
        <line num="808" count="1" type="stmt"/>
        <line num="809" count="1" type="stmt"/>
        <line num="810" count="1" type="stmt"/>
        <line num="811" count="1" type="stmt"/>
        <line num="812" count="1" type="stmt"/>
        <line num="813" count="1" type="stmt"/>
        <line num="814" count="1" type="stmt"/>
        <line num="815" count="1" type="stmt"/>
        <line num="816" count="1" type="stmt"/>
        <line num="817" count="1" type="stmt"/>
        <line num="818" count="1" type="stmt"/>
        <line num="819" count="1" type="stmt"/>
        <line num="820" count="1" type="stmt"/>
        <line num="821" count="1" type="stmt"/>
        <line num="822" count="1" type="stmt"/>
        <line num="823" count="1" type="stmt"/>
        <line num="824" count="1" type="stmt"/>
        <line num="825" count="1" type="stmt"/>
        <line num="826" count="1" type="stmt"/>
        <line num="827" count="1" type="stmt"/>
        <line num="828" count="1" type="stmt"/>
        <line num="829" count="1" type="stmt"/>
        <line num="830" count="1" type="stmt"/>
        <line num="831" count="1" type="stmt"/>
        <line num="832" count="1" type="stmt"/>
        <line num="833" count="1" type="stmt"/>
        <line num="834" count="1" type="stmt"/>
        <line num="835" count="1" type="stmt"/>
        <line num="836" count="1" type="stmt"/>
        <line num="837" count="1" type="stmt"/>
        <line num="838" count="1" type="stmt"/>
        <line num="839" count="1" type="stmt"/>
        <line num="840" count="1" type="stmt"/>
        <line num="841" count="1" type="stmt"/>
        <line num="842" count="1" type="stmt"/>
        <line num="843" count="1" type="stmt"/>
        <line num="844" count="1" type="stmt"/>
        <line num="845" count="1" type="stmt"/>
        <line num="846" count="1" type="stmt"/>
        <line num="847" count="1" type="stmt"/>
        <line num="848" count="1" type="stmt"/>
        <line num="849" count="1" type="stmt"/>
        <line num="850" count="1" type="stmt"/>
        <line num="851" count="1" type="stmt"/>
        <line num="852" count="1" type="stmt"/>
        <line num="853" count="1" type="stmt"/>
        <line num="854" count="1" type="stmt"/>
        <line num="855" count="1" type="stmt"/>
        <line num="856" count="1" type="stmt"/>
        <line num="857" count="1" type="stmt"/>
        <line num="858" count="1" type="stmt"/>
        <line num="859" count="1" type="stmt"/>
        <line num="860" count="1" type="stmt"/>
        <line num="861" count="1" type="stmt"/>
        <line num="862" count="1" type="stmt"/>
        <line num="863" count="1" type="stmt"/>
        <line num="864" count="1" type="stmt"/>
        <line num="865" count="1" type="stmt"/>
        <line num="866" count="1" type="stmt"/>
        <line num="867" count="1" type="stmt"/>
        <line num="868" count="1" type="stmt"/>
        <line num="869" count="1" type="stmt"/>
        <line num="870" count="1" type="stmt"/>
        <line num="871" count="1" type="stmt"/>
        <line num="872" count="1" type="stmt"/>
        <line num="873" count="1" type="stmt"/>
        <line num="874" count="1" type="stmt"/>
        <line num="875" count="1" type="stmt"/>
        <line num="876" count="1" type="stmt"/>
        <line num="877" count="1" type="stmt"/>
        <line num="878" count="1" type="stmt"/>
        <line num="879" count="1" type="stmt"/>
        <line num="880" count="1" type="stmt"/>
        <line num="881" count="1" type="stmt"/>
        <line num="882" count="1" type="stmt"/>
        <line num="883" count="1" type="stmt"/>
        <line num="884" count="1" type="stmt"/>
        <line num="885" count="1" type="stmt"/>
        <line num="886" count="1" type="stmt"/>
        <line num="887" count="1" type="stmt"/>
        <line num="888" count="1" type="stmt"/>
        <line num="889" count="1" type="stmt"/>
        <line num="890" count="1" type="stmt"/>
        <line num="891" count="1" type="stmt"/>
        <line num="892" count="1" type="stmt"/>
        <line num="893" count="1" type="stmt"/>
        <line num="894" count="1" type="stmt"/>
        <line num="895" count="1" type="stmt"/>
        <line num="896" count="1" type="stmt"/>
        <line num="897" count="1" type="stmt"/>
        <line num="898" count="1" type="stmt"/>
        <line num="899" count="1" type="stmt"/>
        <line num="900" count="1" type="stmt"/>
        <line num="901" count="1" type="stmt"/>
        <line num="902" count="1" type="stmt"/>
        <line num="903" count="1" type="stmt"/>
        <line num="904" count="1" type="stmt"/>
        <line num="905" count="1" type="stmt"/>
        <line num="906" count="1" type="stmt"/>
        <line num="907" count="1" type="stmt"/>
        <line num="908" count="1" type="stmt"/>
        <line num="909" count="1" type="stmt"/>
        <line num="910" count="1" type="stmt"/>
        <line num="911" count="1" type="stmt"/>
        <line num="912" count="1" type="stmt"/>
        <line num="913" count="1" type="stmt"/>
        <line num="914" count="1" type="stmt"/>
        <line num="915" count="1" type="stmt"/>
        <line num="916" count="1" type="stmt"/>
        <line num="917" count="1" type="stmt"/>
        <line num="918" count="1" type="stmt"/>
        <line num="919" count="1" type="stmt"/>
        <line num="920" count="1" type="stmt"/>
        <line num="921" count="1" type="stmt"/>
        <line num="922" count="1" type="stmt"/>
        <line num="923" count="1" type="stmt"/>
        <line num="924" count="1" type="stmt"/>
        <line num="925" count="1" type="stmt"/>
        <line num="926" count="1" type="stmt"/>
        <line num="927" count="1" type="stmt"/>
        <line num="928" count="1" type="stmt"/>
        <line num="929" count="1" type="stmt"/>
        <line num="930" count="1" type="stmt"/>
        <line num="931" count="1" type="stmt"/>
        <line num="932" count="1" type="stmt"/>
        <line num="933" count="1" type="stmt"/>
        <line num="934" count="1" type="stmt"/>
        <line num="935" count="1" type="stmt"/>
        <line num="936" count="1" type="stmt"/>
        <line num="937" count="1" type="stmt"/>
        <line num="938" count="1" type="stmt"/>
        <line num="939" count="1" type="stmt"/>
        <line num="940" count="1" type="stmt"/>
        <line num="941" count="1" type="stmt"/>
        <line num="942" count="1" type="stmt"/>
        <line num="943" count="1" type="stmt"/>
        <line num="944" count="1" type="stmt"/>
        <line num="945" count="1" type="stmt"/>
        <line num="946" count="1" type="stmt"/>
        <line num="947" count="1" type="stmt"/>
        <line num="948" count="1" type="stmt"/>
        <line num="949" count="1" type="stmt"/>
        <line num="950" count="1" type="stmt"/>
        <line num="951" count="1" type="stmt"/>
        <line num="952" count="1" type="stmt"/>
        <line num="953" count="1" type="stmt"/>
        <line num="954" count="1" type="stmt"/>
        <line num="955" count="1" type="stmt"/>
        <line num="956" count="1" type="stmt"/>
        <line num="957" count="1" type="stmt"/>
        <line num="958" count="1" type="stmt"/>
        <line num="959" count="1" type="stmt"/>
        <line num="960" count="1" type="stmt"/>
        <line num="961" count="1" type="stmt"/>
        <line num="962" count="1" type="stmt"/>
        <line num="963" count="1" type="stmt"/>
        <line num="964" count="1" type="stmt"/>
        <line num="965" count="1" type="stmt"/>
        <line num="966" count="1" type="stmt"/>
        <line num="967" count="1" type="stmt"/>
        <line num="968" count="1" type="stmt"/>
        <line num="969" count="1" type="stmt"/>
        <line num="970" count="1" type="stmt"/>
        <line num="971" count="1" type="stmt"/>
        <line num="972" count="1" type="stmt"/>
        <line num="973" count="1" type="stmt"/>
        <line num="974" count="1" type="stmt"/>
        <line num="975" count="1" type="stmt"/>
        <line num="976" count="1" type="stmt"/>
        <line num="977" count="1" type="stmt"/>
        <line num="978" count="1" type="stmt"/>
        <line num="979" count="1" type="stmt"/>
        <line num="980" count="1" type="stmt"/>
        <line num="981" count="1" type="stmt"/>
        <line num="982" count="1" type="stmt"/>
        <line num="983" count="1" type="stmt"/>
        <line num="984" count="1" type="stmt"/>
        <line num="985" count="1" type="stmt"/>
        <line num="986" count="1" type="stmt"/>
        <line num="987" count="1" type="stmt"/>
        <line num="988" count="1" type="stmt"/>
        <line num="989" count="1" type="stmt"/>
        <line num="990" count="1" type="stmt"/>
        <line num="991" count="1" type="stmt"/>
        <line num="992" count="1" type="stmt"/>
        <line num="993" count="1" type="stmt"/>
        <line num="994" count="1" type="stmt"/>
        <line num="995" count="1" type="stmt"/>
        <line num="996" count="1" type="stmt"/>
        <line num="997" count="1" type="stmt"/>
        <line num="998" count="1" type="stmt"/>
        <line num="999" count="1" type="stmt"/>
        <line num="1000" count="1" type="stmt"/>
        <line num="1001" count="1" type="stmt"/>
        <line num="1002" count="1" type="stmt"/>
        <line num="1003" count="1" type="stmt"/>
        <line num="1004" count="1" type="stmt"/>
        <line num="1005" count="1" type="stmt"/>
        <line num="1006" count="1" type="stmt"/>
        <line num="1007" count="1" type="stmt"/>
        <line num="1008" count="1" type="stmt"/>
        <line num="1009" count="1" type="stmt"/>
        <line num="1010" count="1" type="stmt"/>
        <line num="1011" count="1" type="stmt"/>
        <line num="1012" count="1" type="stmt"/>
        <line num="1013" count="1" type="stmt"/>
        <line num="1014" count="1" type="stmt"/>
        <line num="1015" count="1" type="stmt"/>
        <line num="1016" count="1" type="stmt"/>
        <line num="1017" count="1" type="stmt"/>
        <line num="1018" count="1" type="stmt"/>
        <line num="1019" count="1" type="stmt"/>
        <line num="1020" count="1" type="stmt"/>
        <line num="1021" count="1" type="stmt"/>
        <line num="1022" count="1" type="stmt"/>
        <line num="1023" count="1" type="stmt"/>
        <line num="1024" count="1" type="stmt"/>
        <line num="1025" count="1" type="stmt"/>
        <line num="1026" count="1" type="stmt"/>
        <line num="1027" count="1" type="stmt"/>
        <line num="1028" count="1" type="stmt"/>
        <line num="1029" count="1" type="stmt"/>
        <line num="1030" count="1" type="stmt"/>
        <line num="1031" count="1" type="stmt"/>
        <line num="1032" count="1" type="stmt"/>
        <line num="1033" count="1" type="stmt"/>
        <line num="1034" count="1" type="stmt"/>
        <line num="1035" count="1" type="stmt"/>
        <line num="1036" count="1" type="stmt"/>
        <line num="1037" count="1" type="stmt"/>
        <line num="1038" count="1" type="stmt"/>
        <line num="1039" count="1" type="stmt"/>
        <line num="1040" count="1" type="stmt"/>
        <line num="1041" count="1" type="stmt"/>
        <line num="1042" count="1" type="stmt"/>
        <line num="1043" count="1" type="stmt"/>
        <line num="1044" count="1" type="stmt"/>
        <line num="1045" count="1" type="stmt"/>
        <line num="1046" count="1" type="stmt"/>
        <line num="1047" count="1" type="stmt"/>
        <line num="1048" count="1" type="stmt"/>
        <line num="1049" count="1" type="stmt"/>
        <line num="1050" count="1" type="stmt"/>
        <line num="1051" count="1" type="stmt"/>
        <line num="1052" count="1" type="stmt"/>
        <line num="1053" count="1" type="stmt"/>
        <line num="1054" count="1" type="stmt"/>
        <line num="1055" count="1" type="stmt"/>
        <line num="1056" count="1" type="stmt"/>
        <line num="1057" count="1" type="stmt"/>
        <line num="1058" count="1" type="stmt"/>
        <line num="1059" count="1" type="stmt"/>
        <line num="1060" count="1" type="stmt"/>
        <line num="1061" count="1" type="stmt"/>
        <line num="1062" count="1" type="stmt"/>
        <line num="1063" count="1" type="stmt"/>
        <line num="1064" count="1" type="stmt"/>
        <line num="1065" count="1" type="stmt"/>
        <line num="1066" count="1" type="stmt"/>
        <line num="1067" count="1" type="stmt"/>
        <line num="1068" count="1" type="stmt"/>
        <line num="1069" count="1" type="stmt"/>
        <line num="1070" count="1" type="stmt"/>
        <line num="1071" count="1" type="stmt"/>
        <line num="1072" count="1" type="stmt"/>
        <line num="1073" count="1" type="stmt"/>
        <line num="1074" count="1" type="stmt"/>
        <line num="1075" count="1" type="stmt"/>
        <line num="1076" count="1" type="stmt"/>
        <line num="1077" count="1" type="stmt"/>
        <line num="1078" count="1" type="stmt"/>
        <line num="1079" count="1" type="stmt"/>
        <line num="1080" count="1" type="stmt"/>
        <line num="1081" count="1" type="stmt"/>
        <line num="1082" count="1" type="stmt"/>
        <line num="1083" count="1" type="stmt"/>
        <line num="1084" count="1" type="stmt"/>
        <line num="1085" count="1" type="stmt"/>
        <line num="1086" count="1" type="stmt"/>
        <line num="1087" count="1" type="stmt"/>
        <line num="1088" count="1" type="stmt"/>
        <line num="1089" count="1" type="stmt"/>
        <line num="1090" count="1" type="stmt"/>
        <line num="1091" count="1" type="stmt"/>
        <line num="1092" count="1" type="stmt"/>
        <line num="1093" count="1" type="stmt"/>
        <line num="1094" count="1" type="stmt"/>
        <line num="1095" count="1" type="stmt"/>
        <line num="1096" count="1" type="stmt"/>
        <line num="1097" count="1" type="stmt"/>
        <line num="1098" count="1" type="stmt"/>
        <line num="1099" count="1" type="stmt"/>
        <line num="1100" count="1" type="stmt"/>
        <line num="1101" count="1" type="stmt"/>
        <line num="1102" count="1" type="stmt"/>
        <line num="1103" count="1" type="stmt"/>
        <line num="1104" count="1" type="stmt"/>
        <line num="1105" count="1" type="stmt"/>
        <line num="1106" count="1" type="stmt"/>
        <line num="1107" count="1" type="stmt"/>
        <line num="1108" count="1" type="stmt"/>
        <line num="1109" count="1" type="stmt"/>
        <line num="1110" count="1" type="stmt"/>
        <line num="1111" count="1" type="stmt"/>
        <line num="1112" count="1" type="stmt"/>
        <line num="1113" count="1" type="stmt"/>
        <line num="1114" count="1" type="stmt"/>
        <line num="1115" count="1" type="stmt"/>
        <line num="1116" count="1" type="stmt"/>
        <line num="1117" count="1" type="stmt"/>
        <line num="1118" count="1" type="stmt"/>
        <line num="1119" count="1" type="stmt"/>
        <line num="1120" count="1" type="stmt"/>
        <line num="1121" count="1" type="stmt"/>
        <line num="1122" count="1" type="stmt"/>
        <line num="1123" count="1" type="stmt"/>
        <line num="1124" count="1" type="stmt"/>
        <line num="1125" count="1" type="stmt"/>
        <line num="1126" count="1" type="stmt"/>
        <line num="1127" count="1" type="stmt"/>
        <line num="1128" count="1" type="stmt"/>
        <line num="1129" count="1" type="stmt"/>
        <line num="1130" count="1" type="stmt"/>
        <line num="1131" count="1" type="stmt"/>
        <line num="1132" count="1" type="stmt"/>
        <line num="1133" count="1" type="stmt"/>
        <line num="1134" count="1" type="stmt"/>
        <line num="1135" count="1" type="stmt"/>
        <line num="1136" count="1" type="stmt"/>
        <line num="1137" count="1" type="stmt"/>
        <line num="1138" count="1" type="stmt"/>
        <line num="1139" count="1" type="stmt"/>
        <line num="1140" count="1" type="stmt"/>
        <line num="1141" count="1" type="stmt"/>
        <line num="1142" count="1" type="stmt"/>
        <line num="1143" count="1" type="stmt"/>
        <line num="1144" count="1" type="stmt"/>
        <line num="1145" count="1" type="stmt"/>
        <line num="1146" count="1" type="stmt"/>
        <line num="1147" count="1" type="stmt"/>
        <line num="1148" count="1" type="stmt"/>
        <line num="1149" count="1" type="stmt"/>
        <line num="1150" count="1" type="stmt"/>
        <line num="1151" count="1" type="stmt"/>
        <line num="1152" count="1" type="stmt"/>
        <line num="1153" count="1" type="stmt"/>
        <line num="1154" count="1" type="stmt"/>
        <line num="1155" count="1" type="stmt"/>
        <line num="1156" count="1" type="stmt"/>
        <line num="1157" count="1" type="stmt"/>
        <line num="1158" count="1" type="stmt"/>
        <line num="1159" count="1" type="stmt"/>
        <line num="1160" count="1" type="stmt"/>
        <line num="1161" count="1" type="stmt"/>
        <line num="1162" count="1" type="stmt"/>
        <line num="1163" count="1" type="stmt"/>
        <line num="1164" count="1" type="stmt"/>
        <line num="1165" count="1" type="stmt"/>
        <line num="1166" count="1" type="stmt"/>
        <line num="1167" count="1" type="stmt"/>
        <line num="1168" count="1" type="stmt"/>
        <line num="1169" count="1" type="stmt"/>
        <line num="1170" count="1" type="stmt"/>
        <line num="1171" count="1" type="stmt"/>
        <line num="1172" count="1" type="stmt"/>
        <line num="1173" count="1" type="stmt"/>
        <line num="1174" count="1" type="stmt"/>
        <line num="1175" count="1" type="stmt"/>
        <line num="1176" count="1" type="stmt"/>
        <line num="1177" count="1" type="stmt"/>
        <line num="1178" count="1" type="stmt"/>
        <line num="1179" count="1" type="stmt"/>
        <line num="1180" count="1" type="stmt"/>
        <line num="1181" count="1" type="stmt"/>
        <line num="1182" count="1" type="stmt"/>
        <line num="1183" count="1" type="stmt"/>
        <line num="1184" count="1" type="stmt"/>
        <line num="1185" count="1" type="stmt"/>
        <line num="1186" count="1" type="stmt"/>
        <line num="1187" count="1" type="stmt"/>
        <line num="1188" count="1" type="stmt"/>
        <line num="1189" count="1" type="stmt"/>
        <line num="1190" count="1" type="stmt"/>
        <line num="1191" count="1" type="stmt"/>
        <line num="1192" count="1" type="stmt"/>
        <line num="1193" count="1" type="stmt"/>
        <line num="1194" count="1" type="stmt"/>
        <line num="1195" count="1" type="stmt"/>
        <line num="1196" count="1" type="stmt"/>
        <line num="1197" count="1" type="stmt"/>
        <line num="1198" count="1" type="stmt"/>
        <line num="1199" count="1" type="stmt"/>
        <line num="1200" count="1" type="stmt"/>
        <line num="1201" count="1" type="stmt"/>
        <line num="1202" count="1" type="stmt"/>
        <line num="1203" count="1" type="stmt"/>
        <line num="1204" count="1" type="stmt"/>
        <line num="1205" count="1" type="stmt"/>
        <line num="1206" count="1" type="stmt"/>
        <line num="1207" count="1" type="stmt"/>
        <line num="1208" count="1" type="stmt"/>
        <line num="1209" count="1" type="stmt"/>
        <line num="1210" count="1" type="stmt"/>
        <line num="1211" count="1" type="stmt"/>
        <line num="1212" count="1" type="stmt"/>
        <line num="1213" count="1" type="stmt"/>
        <line num="1214" count="1" type="stmt"/>
        <line num="1215" count="1" type="stmt"/>
        <line num="1216" count="1" type="stmt"/>
        <line num="1217" count="1" type="stmt"/>
        <line num="1218" count="1" type="stmt"/>
        <line num="1219" count="1" type="stmt"/>
        <line num="1220" count="1" type="stmt"/>
        <line num="1221" count="1" type="stmt"/>
        <line num="1222" count="1" type="stmt"/>
        <line num="1223" count="1" type="stmt"/>
        <line num="1224" count="1" type="stmt"/>
        <line num="1225" count="1" type="stmt"/>
        <line num="1226" count="1" type="stmt"/>
        <line num="1227" count="1" type="stmt"/>
        <line num="1228" count="1" type="stmt"/>
        <line num="1229" count="1" type="stmt"/>
        <line num="1230" count="1" type="stmt"/>
        <line num="1231" count="1" type="stmt"/>
        <line num="1232" count="1" type="stmt"/>
        <line num="1233" count="1" type="stmt"/>
        <line num="1234" count="1" type="stmt"/>
        <line num="1235" count="1" type="stmt"/>
        <line num="1236" count="1" type="stmt"/>
        <line num="1237" count="1" type="stmt"/>
        <line num="1238" count="1" type="stmt"/>
        <line num="1239" count="1" type="stmt"/>
        <line num="1240" count="1" type="stmt"/>
        <line num="1241" count="1" type="stmt"/>
        <line num="1242" count="1" type="stmt"/>
        <line num="1243" count="1" type="stmt"/>
        <line num="1244" count="1" type="stmt"/>
        <line num="1245" count="1" type="stmt"/>
        <line num="1246" count="1" type="stmt"/>
        <line num="1247" count="1" type="stmt"/>
        <line num="1248" count="1" type="stmt"/>
        <line num="1249" count="1" type="stmt"/>
        <line num="1250" count="1" type="stmt"/>
        <line num="1251" count="1" type="stmt"/>
        <line num="1252" count="1" type="stmt"/>
        <line num="1253" count="1" type="stmt"/>
        <line num="1254" count="1" type="stmt"/>
        <line num="1255" count="1" type="stmt"/>
        <line num="1256" count="1" type="stmt"/>
        <line num="1257" count="1" type="stmt"/>
        <line num="1258" count="1" type="stmt"/>
        <line num="1259" count="1" type="stmt"/>
        <line num="1260" count="1" type="stmt"/>
        <line num="1261" count="1" type="stmt"/>
        <line num="1262" count="1" type="stmt"/>
        <line num="1263" count="1" type="stmt"/>
        <line num="1264" count="1" type="stmt"/>
        <line num="1265" count="1" type="stmt"/>
        <line num="1266" count="1" type="stmt"/>
        <line num="1267" count="1" type="stmt"/>
        <line num="1268" count="1" type="stmt"/>
        <line num="1269" count="1" type="stmt"/>
        <line num="1270" count="1" type="stmt"/>
        <line num="1271" count="1" type="stmt"/>
        <line num="1272" count="1" type="stmt"/>
        <line num="1273" count="1" type="stmt"/>
        <line num="1274" count="1" type="stmt"/>
        <line num="1275" count="1" type="stmt"/>
        <line num="1276" count="1" type="stmt"/>
        <line num="1277" count="1" type="stmt"/>
        <line num="1278" count="1" type="stmt"/>
        <line num="1279" count="1" type="stmt"/>
        <line num="1280" count="1" type="stmt"/>
        <line num="1281" count="1" type="stmt"/>
        <line num="1282" count="1" type="stmt"/>
        <line num="1283" count="1" type="stmt"/>
        <line num="1284" count="1" type="stmt"/>
        <line num="1285" count="1" type="stmt"/>
        <line num="1286" count="1" type="stmt"/>
        <line num="1287" count="1" type="stmt"/>
        <line num="1288" count="1" type="stmt"/>
        <line num="1289" count="1" type="stmt"/>
        <line num="1290" count="1" type="stmt"/>
        <line num="1291" count="1" type="stmt"/>
        <line num="1292" count="1" type="stmt"/>
        <line num="1293" count="1" type="stmt"/>
        <line num="1294" count="1" type="stmt"/>
        <line num="1295" count="1" type="stmt"/>
        <line num="1296" count="1" type="stmt"/>
        <line num="1297" count="1" type="stmt"/>
        <line num="1298" count="1" type="stmt"/>
        <line num="1299" count="1" type="stmt"/>
        <line num="1300" count="1" type="stmt"/>
        <line num="1301" count="1" type="stmt"/>
        <line num="1302" count="1" type="stmt"/>
        <line num="1303" count="1" type="stmt"/>
        <line num="1304" count="1" type="stmt"/>
        <line num="1305" count="1" type="stmt"/>
        <line num="1306" count="1" type="stmt"/>
        <line num="1307" count="1" type="stmt"/>
        <line num="1308" count="1" type="stmt"/>
        <line num="1309" count="1" type="stmt"/>
        <line num="1310" count="1" type="stmt"/>
        <line num="1311" count="1" type="stmt"/>
        <line num="1312" count="1" type="stmt"/>
        <line num="1313" count="1" type="stmt"/>
        <line num="1314" count="1" type="stmt"/>
        <line num="1315" count="1" type="stmt"/>
        <line num="1316" count="1" type="stmt"/>
        <line num="1317" count="1" type="stmt"/>
        <line num="1318" count="1" type="stmt"/>
        <line num="1319" count="1" type="stmt"/>
        <line num="1320" count="1" type="stmt"/>
        <line num="1321" count="1" type="stmt"/>
        <line num="1322" count="1" type="stmt"/>
        <line num="1323" count="1" type="stmt"/>
        <line num="1324" count="1" type="stmt"/>
        <line num="1325" count="1" type="stmt"/>
        <line num="1326" count="1" type="stmt"/>
        <line num="1327" count="1" type="stmt"/>
        <line num="1328" count="1" type="stmt"/>
        <line num="1329" count="1" type="stmt"/>
        <line num="1330" count="1" type="stmt"/>
        <line num="1331" count="1" type="stmt"/>
        <line num="1332" count="1" type="stmt"/>
        <line num="1333" count="1" type="stmt"/>
        <line num="1334" count="1" type="stmt"/>
        <line num="1335" count="1" type="stmt"/>
        <line num="1336" count="1" type="stmt"/>
        <line num="1337" count="1" type="stmt"/>
        <line num="1338" count="1" type="stmt"/>
        <line num="1339" count="1" type="stmt"/>
        <line num="1340" count="1" type="stmt"/>
        <line num="1341" count="1" type="stmt"/>
        <line num="1342" count="1" type="stmt"/>
        <line num="1343" count="1" type="stmt"/>
        <line num="1344" count="1" type="stmt"/>
        <line num="1345" count="1" type="stmt"/>
        <line num="1346" count="1" type="stmt"/>
        <line num="1347" count="1" type="stmt"/>
        <line num="1348" count="1" type="stmt"/>
        <line num="1349" count="1" type="stmt"/>
        <line num="1350" count="1" type="stmt"/>
        <line num="1351" count="1" type="stmt"/>
        <line num="1352" count="1" type="stmt"/>
        <line num="1353" count="1" type="stmt"/>
        <line num="1354" count="1" type="stmt"/>
        <line num="1355" count="1" type="stmt"/>
        <line num="1356" count="1" type="stmt"/>
        <line num="1357" count="1" type="stmt"/>
        <line num="1358" count="1" type="stmt"/>
        <line num="1359" count="1" type="stmt"/>
        <line num="1360" count="1" type="stmt"/>
        <line num="1361" count="1" type="stmt"/>
        <line num="1362" count="1" type="stmt"/>
        <line num="1363" count="1" type="stmt"/>
        <line num="1364" count="1" type="stmt"/>
        <line num="1365" count="1" type="stmt"/>
        <line num="1366" count="1" type="stmt"/>
        <line num="1367" count="1" type="stmt"/>
        <line num="1368" count="1" type="stmt"/>
        <line num="1369" count="1" type="stmt"/>
        <line num="1370" count="1" type="stmt"/>
        <line num="1371" count="1" type="stmt"/>
        <line num="1372" count="1" type="stmt"/>
        <line num="1373" count="1" type="stmt"/>
        <line num="1374" count="1" type="stmt"/>
        <line num="1375" count="1" type="stmt"/>
        <line num="1376" count="1" type="stmt"/>
        <line num="1377" count="1" type="stmt"/>
        <line num="1378" count="1" type="stmt"/>
        <line num="1379" count="1" type="stmt"/>
        <line num="1380" count="1" type="stmt"/>
        <line num="1381" count="1" type="stmt"/>
        <line num="1382" count="1" type="stmt"/>
        <line num="1383" count="1" type="stmt"/>
        <line num="1384" count="1" type="stmt"/>
        <line num="1385" count="1" type="stmt"/>
        <line num="1386" count="1" type="stmt"/>
        <line num="1387" count="1" type="stmt"/>
        <line num="1388" count="1" type="stmt"/>
[...]
        <line num="93" count="10" type="stmt"/>
        <line num="94" count="10" type="stmt"/>
        <line num="95" count="10" type="stmt"/>
        <line num="96" count="10" type="stmt"/>
        <line num="97" count="10" type="stmt"/>
        <line num="98" count="10" type="stmt"/>
        <line num="99" count="10" type="stmt"/>
        <line num="100" count="10" type="stmt"/>
        <line num="101" count="10" type="stmt"/>
        <line num="102" count="10" type="stmt"/>
        <line num="103" count="10" type="stmt"/>
        <line num="104" count="10" type="stmt"/>
        <line num="105" count="10" type="stmt"/>
        <line num="106" count="10" type="stmt"/>
        <line num="107" count="10" type="stmt"/>
        <line num="108" count="10" type="stmt"/>
        <line num="109" count="10" type="stmt"/>
        <line num="110" count="10" type="stmt"/>
        <line num="111" count="10" type="stmt"/>
        <line num="112" count="10" type="stmt"/>
        <line num="113" count="10" type="stmt"/>
        <line num="114" count="10" type="stmt"/>
        <line num="115" count="10" type="stmt"/>
        <line num="116" count="10" type="stmt"/>
        <line num="117" count="10" type="stmt"/>
        <line num="118" count="10" type="cond" truecount="1" falsecount="0"/>
        <line num="119" count="3" type="stmt"/>
        <line num="120" count="3" type="stmt"/>
        <line num="121" count="13" type="stmt"/>
        <line num="122" count="13" type="stmt"/>
      </file>
      <file name="layout.constants.ts" path="/home/jlarique/code/manager/packages/manager/apps/hub/src/pages/layout/layout.constants.ts">
        <metrics statements="23" coveredstatements="23" conditionals="0" coveredconditionals="0" methods="0" coveredmethods="0"/>
        <line num="1" count="1" type="stmt"/>
        <line num="2" count="1" type="stmt"/>
        <line num="3" count="1" type="stmt"/>
        <line num="4" count="1" type="stmt"/>
        <line num="5" count="1" type="stmt"/>
        <line num="6" count="1" type="stmt"/>
        <line num="7" count="1" type="stmt"/>
        <line num="8" count="1" type="stmt"/>
        <line num="9" count="1" type="stmt"/>
        <line num="10" count="1" type="stmt"/>
        <line num="11" count="1" type="stmt"/>
        <line num="12" count="1" type="stmt"/>
        <line num="13" count="1" type="stmt"/>
        <line num="14" count="1" type="stmt"/>
        <line num="15" count="1" type="stmt"/>
        <line num="16" count="1" type="stmt"/>
        <line num="17" count="1" type="stmt"/>
        <line num="18" count="1" type="stmt"/>
        <line num="19" count="1" type="stmt"/>
        <line num="20" count="1" type="stmt"/>
        <line num="21" count="1" type="stmt"/>
        <line num="22" count="1" type="stmt"/>
        <line num="23" count="1" type="stmt"/>
      </file>
      <file name="layout.tsx" path="/home/jlarique/code/manager/packages/manager/apps/hub/src/pages/layout/layout.tsx">
        <metrics statements="283" coveredstatements="283" conditionals="33" coveredconditionals="33" methods="2" coveredmethods="2"/>
        <line num="1" count="1" type="stmt"/>
        <line num="2" count="1" type="stmt"/>
        <line num="3" count="1" type="stmt"/>
        <line num="4" count="1" type="stmt"/>
        <line num="5" count="1" type="stmt"/>
        <line num="6" count="1" type="stmt"/>
        <line num="7" count="1" type="stmt"/>
        <line num="8" count="1" type="stmt"/>
        <line num="9" count="1" type="stmt"/>
        <line num="10" count="1" type="stmt"/>
        <line num="11" count="1" type="stmt"/>
        <line num="12" count="1" type="stmt"/>
        <line num="13" count="1" type="stmt"/>
        <line num="14" count="1" type="stmt"/>
        <line num="15" count="1" type="stmt"/>
        <line num="16" count="1" type="stmt"/>
        <line num="17" count="1" type="stmt"/>
        <line num="18" count="1" type="stmt"/>
        <line num="19" count="1" type="stmt"/>
        <line num="20" count="1" type="stmt"/>
        <line num="21" count="1" type="stmt"/>
        <line num="22" count="1" type="stmt"/>
        <line num="23" count="1" type="stmt"/>
        <line num="24" count="1" type="stmt"/>
        <line num="25" count="1" type="stmt"/>
        <line num="26" count="1" type="stmt"/>
        <line num="27" count="1" type="stmt"/>
        <line num="28" count="1" type="stmt"/>
        <line num="29" count="1" type="stmt"/>
        <line num="30" count="1" type="cond" truecount="1" falsecount="0"/>
        <line num="31" count="1" type="cond" truecount="1" falsecount="0"/>
        <line num="32" count="1" type="cond" truecount="1" falsecount="0"/>
        <line num="33" count="1" type="cond" truecount="1" falsecount="0"/>
        <line num="34" count="1" type="stmt"/>
        <line num="35" count="1" type="stmt"/>
        <line num="36" count="1" type="cond" truecount="1" falsecount="0"/>
        <line num="37" count="1" type="stmt"/>
        <line num="38" count="1" type="stmt"/>
        <line num="39" count="1" type="cond" truecount="1" falsecount="0"/>
        <line num="40" count="1" type="stmt"/>
        <line num="41" count="1" type="stmt"/>
        <line num="42" count="1" type="cond" truecount="1" falsecount="0"/>
        <line num="43" count="1" type="stmt"/>
        <line num="44" count="1" type="stmt"/>
        <line num="45" count="1" type="cond" truecount="1" falsecount="0"/>
        <line num="46" count="1" type="stmt"/>
        <line num="47" count="1" type="stmt"/>
        <line num="48" count="1" type="cond" truecount="1" falsecount="0"/>
        <line num="49" count="1" type="stmt"/>
        <line num="50" count="1" type="stmt"/>
        <line num="51" count="1" type="cond" truecount="1" falsecount="0"/>
        <line num="52" count="1" type="stmt"/>
        <line num="53" count="1" type="stmt"/>
        <line num="54" count="1" type="stmt"/>
        <line num="55" count="7" type="cond" truecount="1" falsecount="0"/>
        <line num="56" count="7" type="stmt"/>
        <line num="57" count="7" type="stmt"/>
        <line num="58" count="7" type="stmt"/>
        <line num="59" count="7" type="stmt"/>
        <line num="60" count="7" type="stmt"/>
        <line num="61" count="7" type="stmt"/>
        <line num="62" count="7" type="stmt"/>
        <line num="63" count="7" type="stmt"/>
        <line num="64" count="7" type="stmt"/>
        <line num="65" count="7" type="stmt"/>
        <line num="66" count="7" type="cond" truecount="1" falsecount="0"/>
        <line num="67" count="7" type="stmt"/>
        <line num="68" count="7" type="stmt"/>
        <line num="69" count="7" type="stmt"/>
        <line num="70" count="7" type="cond" truecount="1" falsecount="0"/>
        <line num="71" count="7" type="stmt"/>
        <line num="72" count="7" type="stmt"/>
        <line num="73" count="7" type="stmt"/>
        <line num="74" count="7" type="stmt"/>
        <line num="75" count="7" type="stmt"/>
        <line num="76" count="7" type="stmt"/>
        <line num="77" count="7" type="stmt"/>
        <line num="78" count="7" type="stmt"/>
        <line num="79" count="7" type="stmt"/>
        <line num="80" count="7" type="stmt"/>
        <line num="81" count="7" type="stmt"/>
        <line num="82" count="7" type="stmt"/>
        <line num="83" count="7" type="stmt"/>
        <line num="84" count="7" type="stmt"/>
        <line num="85" count="7" type="stmt"/>
        <line num="86" count="7" type="stmt"/>
        <line num="87" count="7" type="stmt"/>
        <line num="88" count="7" type="stmt"/>
        <line num="89" count="7" type="cond" truecount="1" falsecount="0"/>
        <line num="90" count="1" type="stmt"/>
        <line num="91" count="1" type="stmt"/>
        <line num="92" count="7" type="stmt"/>
        <line num="93" count="7" type="stmt"/>
        <line num="94" count="7" type="stmt"/>
        <line num="95" count="7" type="stmt"/>
        <line num="96" count="7" type="stmt"/>
        <line num="97" count="7" type="stmt"/>
        <line num="98" count="7" type="stmt"/>
        <line num="99" count="7" type="stmt"/>
        <line num="100" count="7" type="stmt"/>
        <line num="101" count="7" type="stmt"/>
        <line num="102" count="7" type="stmt"/>
        <line num="103" count="7" type="stmt"/>
        <line num="104" count="7" type="stmt"/>
        <line num="105" count="7" type="stmt"/>
        <line num="106" count="7" type="stmt"/>
        <line num="107" count="7" type="stmt"/>
        <line num="108" count="7" type="stmt"/>
        <line num="109" count="7" type="stmt"/>
        <line num="110" count="7" type="stmt"/>
        <line num="111" count="7" type="stmt"/>
        <line num="112" count="7" type="stmt"/>
        <line num="113" count="7" type="stmt"/>
        <line num="114" count="7" type="stmt"/>
        <line num="115" count="7" type="stmt"/>
        <line num="116" count="7" type="cond" truecount="1" falsecount="0"/>
        <line num="117" count="3" type="cond" truecount="1" falsecount="0"/>
        <line num="118" count="4" type="stmt"/>
        <line num="119" count="7" type="stmt"/>
        <line num="120" count="7" type="stmt"/>
        <line num="121" count="7" type="stmt"/>
        <line num="122" count="7" type="stmt"/>
        <line num="123" count="7" type="stmt"/>
        <line num="124" count="7" type="stmt"/>
        <line num="125" count="7" type="stmt"/>
        <line num="126" count="7" type="stmt"/>
        <line num="127" count="7" type="stmt"/>
        <line num="128" count="7" type="stmt"/>
        <line num="129" count="7" type="stmt"/>
        <line num="130" count="7" type="stmt"/>
        <line num="131" count="7" type="stmt"/>
        <line num="132" count="7" type="stmt"/>
        <line num="133" count="7" type="stmt"/>
        <line num="134" count="7" type="stmt"/>
        <line num="135" count="7" type="stmt"/>
        <line num="136" count="7" type="stmt"/>
        <line num="137" count="7" type="stmt"/>
        <line num="138" count="7" type="stmt"/>
        <line num="139" count="7" type="stmt"/>
        <line num="140" count="7" type="stmt"/>
        <line num="141" count="7" type="stmt"/>
        <line num="142" count="7" type="stmt"/>
        <line num="143" count="7" type="stmt"/>
        <line num="144" count="7" type="stmt"/>
        <line num="145" count="7" type="cond" truecount="1" falsecount="0"/>
        <line num="146" count="1" type="stmt"/>
        <line num="147" count="7" type="stmt"/>
        <line num="148" count="7" type="cond" truecount="2" falsecount="0"/>
        <line num="149" count="5" type="stmt"/>
        <line num="150" count="5" type="stmt"/>
        <line num="151" count="5" type="stmt"/>
        <line num="152" count="5" type="stmt"/>
        <line num="153" count="5" type="stmt"/>
        <line num="154" count="5" type="stmt"/>
        <line num="155" count="5" type="stmt"/>
        <line num="156" count="5" type="stmt"/>
        <line num="157" count="5" type="stmt"/>
        <line num="158" count="5" type="stmt"/>
        <line num="159" count="5" type="stmt"/>
        <line num="160" count="5" type="stmt"/>
        <line num="161" count="5" type="stmt"/>
        <line num="162" count="7" type="stmt"/>
        <line num="163" count="7" type="stmt"/>
        <line num="164" count="7" type="cond" truecount="1" falsecount="0"/>
        <line num="165" count="1" type="stmt"/>
        <line num="166" count="1" type="stmt"/>
        <line num="167" count="1" type="stmt"/>
        <line num="168" count="1" type="stmt"/>
        <line num="169" count="1" type="stmt"/>
        <line num="170" count="1" type="stmt"/>
        <line num="171" count="7" type="stmt"/>
        <line num="172" count="7" type="cond" truecount="2" falsecount="0"/>
        <line num="173" count="5" type="stmt"/>
        <line num="174" count="5" type="stmt"/>
        <line num="175" count="5" type="stmt"/>
        <line num="176" count="5" type="stmt"/>
        <line num="177" count="5" type="stmt"/>
        <line num="178" count="5" type="stmt"/>
        <line num="179" count="5" type="stmt"/>
        <line num="180" count="5" type="stmt"/>
        <line num="181" count="5" type="stmt"/>
        <line num="182" count="5" type="stmt"/>
        <line num="183" count="5" type="stmt"/>
        <line num="184" count="5" type="stmt"/>
        <line num="185" count="7" type="stmt"/>
        <line num="186" count="7" type="cond" truecount="1" falsecount="0"/>
        <line num="187" count="6" type="stmt"/>
        <line num="188" count="6" type="stmt"/>
        <line num="189" count="6" type="stmt"/>
        <line num="190" count="6" type="stmt"/>
        <line num="191" count="7" type="stmt"/>
        <line num="192" count="7" type="stmt"/>
        <line num="193" count="7" type="stmt"/>
        <line num="194" count="7" type="stmt"/>
        <line num="195" count="7" type="stmt"/>
        <line num="196" count="7" type="stmt"/>
        <line num="197" count="7" type="stmt"/>
        <line num="198" count="7" type="stmt"/>
        <line num="199" count="7" type="stmt"/>
        <line num="200" count="7" type="stmt"/>
        <line num="201" count="7" type="cond" truecount="1" falsecount="0"/>
        <line num="202" count="7" type="cond" truecount="2" falsecount="0"/>
        <line num="203" count="5" type="stmt"/>
        <line num="204" count="5" type="stmt"/>
        <line num="205" count="5" type="stmt"/>
        <line num="206" count="5" type="stmt"/>
        <line num="207" count="5" type="stmt"/>
        <line num="208" count="5" type="stmt"/>
        <line num="209" count="5" type="stmt"/>
        <line num="210" count="5" type="stmt"/>
        <line num="211" count="5" type="stmt"/>
        <line num="212" count="5" type="stmt"/>
        <line num="213" count="5" type="stmt"/>
        <line num="214" count="5" type="stmt"/>
        <line num="215" count="5" type="stmt"/>
        <line num="216" count="5" type="stmt"/>
        <line num="217" count="5" type="cond" truecount="1" falsecount="0"/>
        <line num="218" count="1" type="cond" truecount="1" falsecount="0"/>
        <line num="219" count="4" type="stmt"/>
        <line num="220" count="4" type="stmt"/>
        <line num="221" count="5" type="stmt"/>
        <line num="222" count="5" type="stmt"/>
        <line num="223" count="5" type="stmt"/>
        <line num="224" count="5" type="stmt"/>
        <line num="225" count="5" type="stmt"/>
        <line num="226" count="5" type="stmt"/>
        <line num="227" count="5" type="stmt"/>
        <line num="228" count="5" type="stmt"/>
        <line num="229" count="5" type="stmt"/>
        <line num="230" count="5" type="stmt"/>
        <line num="231" count="5" type="stmt"/>
        <line num="232" count="5" type="stmt"/>
        <line num="233" count="5" type="stmt"/>
        <line num="234" count="5" type="stmt"/>
        <line num="235" count="5" type="stmt"/>
        <line num="236" count="5" type="stmt"/>
        <line num="237" count="5" type="stmt"/>
        <line num="238" count="5" type="stmt"/>
        <line num="239" count="5" type="stmt"/>
        <line num="240" count="5" type="stmt"/>
        <line num="241" count="5" type="stmt"/>
        <line num="242" count="5" type="stmt"/>
        <line num="243" count="7" type="stmt"/>
        <line num="244" count="7" type="stmt"/>
        <line num="245" count="7" type="stmt"/>
        <line num="246" count="7" type="cond" truecount="1" falsecount="0"/>
        <line num="247" count="7" type="cond" truecount="2" falsecount="0"/>
        <line num="248" count="5" type="stmt"/>
        <line num="249" count="5" type="stmt"/>
        <line num="250" count="5" type="stmt"/>
        <line num="251" count="7" type="stmt"/>
        <line num="252" count="7" type="cond" truecount="2" falsecount="0"/>
        <line num="253" count="1" type="stmt"/>
        <line num="254" count="1" type="stmt"/>
        <line num="255" count="1" type="stmt"/>
        <line num="256" count="1" type="stmt"/>
        <line num="257" count="1" type="stmt"/>
        <line num="258" count="1" type="stmt"/>
        <line num="259" count="1" type="stmt"/>
        <line num="260" count="1" type="stmt"/>
        <line num="261" count="1" type="stmt"/>
        <line num="262" count="1" type="stmt"/>
        <line num="263" count="1" type="stmt"/>
        <line num="264" count="1" type="stmt"/>
        <line num="265" count="1" type="stmt"/>
        <line num="266" count="1" type="stmt"/>
        <line num="267" count="1" type="stmt"/>
        <line num="268" count="1" type="stmt"/>
        <line num="269" count="1" type="stmt"/>
        <line num="270" count="1" type="stmt"/>
        <line num="271" count="1" type="stmt"/>
        <line num="272" count="1" type="stmt"/>
        <line num="273" count="7" type="stmt"/>
        <line num="274" count="7" type="stmt"/>
        <line num="275" count="7" type="stmt"/>
        <line num="276" count="7" type="stmt"/>
        <line num="277" count="7" type="stmt"/>
        <line num="278" count="7" type="stmt"/>
        <line num="279" count="7" type="stmt"/>
        <line num="280" count="7" type="stmt"/>
        <line num="281" count="7" type="stmt"/>
        <line num="282" count="7" type="stmt"/>
        <line num="283" count="7" type="stmt"/>
      </file>
    </package>
    <package name="src.routes">
      <metrics statements="38" coveredstatements="0" conditionals="2" coveredconditionals="0" methods="2" coveredmethods="0"/>
      <file name="routes.constant.ts" path="/home/jlarique/code/manager/packages/manager/apps/hub/src/routes/routes.constant.ts">
        <metrics statements="7" coveredstatements="0" conditionals="1" coveredconditionals="0" methods="1" coveredmethods="0"/>
        <line num="1" count="0" type="cond" truecount="0" falsecount="1"/>
        <line num="2" count="0" type="stmt"/>
        <line num="3" count="0" type="stmt"/>
        <line num="4" count="0" type="stmt"/>
        <line num="5" count="0" type="stmt"/>
        <line num="6" count="0" type="stmt"/>
        <line num="7" count="0" type="stmt"/>
      </file>
      <file name="routes.tsx" path="/home/jlarique/code/manager/packages/manager/apps/hub/src/routes/routes.tsx">
        <metrics statements="31" coveredstatements="0" conditionals="1" coveredconditionals="0" methods="1" coveredmethods="0"/>
        <line num="1" count="0" type="cond" truecount="0" falsecount="1"/>
        <line num="2" count="0" type="stmt"/>
        <line num="3" count="0" type="stmt"/>
        <line num="4" count="0" type="stmt"/>
        <line num="5" count="0" type="stmt"/>
        <line num="6" count="0" type="stmt"/>
        <line num="7" count="0" type="stmt"/>
        <line num="8" count="0" type="stmt"/>
        <line num="9" count="0" type="stmt"/>
        <line num="10" count="0" type="stmt"/>
        <line num="11" count="0" type="stmt"/>
        <line num="12" count="0" type="stmt"/>
        <line num="13" count="0" type="stmt"/>
        <line num="14" count="0" type="stmt"/>
        <line num="15" count="0" type="stmt"/>
        <line num="16" count="0" type="stmt"/>
        <line num="17" count="0" type="stmt"/>
        <line num="18" count="0" type="stmt"/>
        <line num="19" count="0" type="stmt"/>
        <line num="20" count="0" type="stmt"/>
        <line num="21" count="0" type="stmt"/>
        <line num="22" count="0" type="stmt"/>
        <line num="23" count="0" type="stmt"/>
        <line num="24" count="0" type="stmt"/>
        <line num="25" count="0" type="stmt"/>
        <line num="26" count="0" type="stmt"/>
        <line num="27" count="0" type="stmt"/>
        <line num="28" count="0" type="stmt"/>
        <line num="29" count="0" type="stmt"/>
        <line num="30" count="0" type="stmt"/>
        <line num="31" count="0" type="stmt"/>
      </file>
    </package>
  </project>
</coverage>
