{"/home/jlarique/code/manager/packages/manager/apps/hub/src/billing.constants.ts": {"path":"/home/jlarique/code/manager/packages/manager/apps/hub/src/billing.constants.ts","all":true,"statementMap":{"0":{"start":{"line":1,"column":0},"end":{"line":1,"column":29}},"1":{"start":{"line":2,"column":0},"end":{"line":2,"column":31}},"2":{"start":{"line":3,"column":0},"end":{"line":3,"column":57}},"3":{"start":{"line":4,"column":0},"end":{"line":4,"column":29}},"4":{"start":{"line":5,"column":0},"end":{"line":5,"column":55}},"5":{"start":{"line":6,"column":0},"end":{"line":6,"column":29}},"6":{"start":{"line":7,"column":0},"end":{"line":7,"column":41}},"7":{"start":{"line":8,"column":0},"end":{"line":8,"column":25}},"8":{"start":{"line":9,"column":0},"end":{"line":9,"column":13}},"9":{"start":{"line":10,"column":0},"end":{"line":10,"column":25}},"10":{"start":{"line":11,"column":0},"end":{"line":11,"column":23}},"11":{"start":{"line":12,"column":0},"end":{"line":12,"column":21}},"12":{"start":{"line":13,"column":0},"end":{"line":13,"column":24}},"13":{"start":{"line":14,"column":0},"end":{"line":14,"column":44}},"14":{"start":{"line":15,"column":0},"end":{"line":15,"column":2}},"15":{"start":{"line":16,"column":0},"end":{"line":16,"column":0}},"16":{"start":{"line":17,"column":0},"end":{"line":17,"column":50}},"17":{"start":{"line":18,"column":0},"end":{"line":18,"column":53}},"18":{"start":{"line":19,"column":0},"end":{"line":19,"column":69}},"19":{"start":{"line":20,"column":0},"end":{"line":20,"column":69}},"20":{"start":{"line":21,"column":0},"end":{"line":21,"column":66}},"21":{"start":{"line":22,"column":0},"end":{"line":22,"column":66}},"22":{"start":{"line":23,"column":0},"end":{"line":23,"column":69}},"23":{"start":{"line":24,"column":0},"end":{"line":24,"column":66}},"24":{"start":{"line":25,"column":0},"end":{"line":25,"column":74}},"25":{"start":{"line":26,"column":0},"end":{"line":26,"column":69}},"26":{"start":{"line":27,"column":0},"end":{"line":27,"column":69}},"27":{"start":{"line":28,"column":0},"end":{"line":28,"column":66}},"28":{"start":{"line":29,"column":0},"end":{"line":29,"column":66}},"29":{"start":{"line":30,"column":0},"end":{"line":30,"column":66}},"30":{"start":{"line":31,"column":0},"end":{"line":31,"column":70}},"31":{"start":{"line":32,"column":0},"end":{"line":32,"column":66}},"32":{"start":{"line":33,"column":0},"end":{"line":33,"column":66}},"33":{"start":{"line":34,"column":0},"end":{"line":34,"column":66}},"34":{"start":{"line":35,"column":0},"end":{"line":35,"column":69}},"35":{"start":{"line":36,"column":0},"end":{"line":36,"column":69}},"36":{"start":{"line":37,"column":0},"end":{"line":37,"column":69}},"37":{"start":{"line":38,"column":0},"end":{"line":38,"column":66}},"38":{"start":{"line":39,"column":0},"end":{"line":39,"column":70}},"39":{"start":{"line":40,"column":0},"end":{"line":40,"column":69}},"40":{"start":{"line":41,"column":0},"end":{"line":41,"column":2}}},"s":{"0":0,"1":0,"2":0,"3":0,"4":0,"5":0,"6":0,"7":0,"8":0,"9":0,"10":0,"11":0,"12":0,"13":0,"14":0,"15":0,"16":0,"17":0,"18":0,"19":0,"20":0,"21":0,"22":0,"23":0,"24":0,"25":0,"26":0,"27":0,"28":0,"29":0,"30":0,"31":0,"32":0,"33":0,"34":0,"35":0,"36":0,"37":0,"38":0,"39":0,"40":0},"branchMap":{"0":{"type":"branch","line":1,"loc":{"start":{"line":1,"column":0},"end":{"line":41,"column":2}},"locations":[{"start":{"line":1,"column":0},"end":{"line":41,"column":2}}]}},"b":{"0":[0]},"fnMap":{"0":{"name":"(empty-report)","decl":{"start":{"line":1,"column":0},"end":{"line":41,"column":2}},"loc":{"start":{"line":1,"column":0},"end":{"line":41,"column":2}},"line":1}},"f":{"0":0}}
,"/home/jlarique/code/manager/packages/manager/apps/hub/src/hub.config.ts": {"path":"/home/jlarique/code/manager/packages/manager/apps/hub/src/hub.config.ts","all":true,"statementMap":{"0":{"start":{"line":1,"column":0},"end":{"line":1,"column":16}},"1":{"start":{"line":2,"column":0},"end":{"line":2,"column":19}},"2":{"start":{"line":3,"column":0},"end":{"line":3,"column":2}}},"s":{"0":0,"1":0,"2":0},"branchMap":{"0":{"type":"branch","line":1,"loc":{"start":{"line":1,"column":0},"end":{"line":3,"column":2}},"locations":[{"start":{"line":1,"column":0},"end":{"line":3,"column":2}}]}},"b":{"0":[0]},"fnMap":{"0":{"name":"(empty-report)","decl":{"start":{"line":1,"column":0},"end":{"line":3,"column":2}},"loc":{"start":{"line":1,"column":0},"end":{"line":3,"column":2}},"line":1}},"f":{"0":0}}
,"/home/jlarique/code/manager/packages/manager/apps/hub/src/hub.constants.ts": {"path":"/home/jlarique/code/manager/packages/manager/apps/hub/src/hub.constants.ts","all":true,"statementMap":{"0":{"start":{"line":1,"column":0},"end":{"line":1,"column":37}},"1":{"start":{"line":2,"column":0},"end":{"line":2,"column":0}},"2":{"start":{"line":3,"column":0},"end":{"line":3,"column":46}},"3":{"start":{"line":4,"column":0},"end":{"line":4,"column":0}},"4":{"start":{"line":5,"column":0},"end":{"line":5,"column":52}},"5":{"start":{"line":6,"column":0},"end":{"line":6,"column":0}},"6":{"start":{"line":7,"column":0},"end":{"line":7,"column":78}},"7":{"start":{"line":8,"column":0},"end":{"line":8,"column":0}},"8":{"start":{"line":9,"column":0},"end":{"line":9,"column":16}},"9":{"start":{"line":10,"column":0},"end":{"line":10,"column":23}},"10":{"start":{"line":11,"column":0},"end":{"line":11,"column":20}},"11":{"start":{"line":12,"column":0},"end":{"line":12,"column":2}}},"s":{"0":0,"1":0,"2":0,"3":0,"4":0,"5":0,"6":0,"7":0,"8":0,"9":0,"10":0,"11":0},"branchMap":{"0":{"type":"branch","line":1,"loc":{"start":{"line":1,"column":0},"end":{"line":12,"column":2}},"locations":[{"start":{"line":1,"column":0},"end":{"line":12,"column":2}}]}},"b":{"0":[0]},"fnMap":{"0":{"name":"(empty-report)","decl":{"start":{"line":1,"column":0},"end":{"line":12,"column":2}},"loc":{"start":{"line":1,"column":0},"end":{"line":12,"column":2}},"line":1}},"f":{"0":0}}
,"/home/jlarique/code/manager/packages/manager/apps/hub/src/tracking.constant.ts": {"path":"/home/jlarique/code/manager/packages/manager/apps/hub/src/tracking.constant.ts","all":true,"statementMap":{"0":{"start":{"line":1,"column":0},"end":{"line":1,"column":23}},"1":{"start":{"line":2,"column":0},"end":{"line":2,"column":7}},"2":{"start":{"line":3,"column":0},"end":{"line":3,"column":13}},"3":{"start":{"line":4,"column":0},"end":{"line":4,"column":19}},"4":{"start":{"line":5,"column":0},"end":{"line":5,"column":6}},"5":{"start":{"line":6,"column":0},"end":{"line":6,"column":4}},"6":{"start":{"line":7,"column":0},"end":{"line":7,"column":7}},"7":{"start":{"line":8,"column":0},"end":{"line":8,"column":13}},"8":{"start":{"line":9,"column":0},"end":{"line":9,"column":19}},"9":{"start":{"line":10,"column":0},"end":{"line":10,"column":6}},"10":{"start":{"line":11,"column":0},"end":{"line":11,"column":4}},"11":{"start":{"line":12,"column":0},"end":{"line":12,"column":7}},"12":{"start":{"line":13,"column":0},"end":{"line":13,"column":13}},"13":{"start":{"line":14,"column":0},"end":{"line":14,"column":19}},"14":{"start":{"line":15,"column":0},"end":{"line":15,"column":6}},"15":{"start":{"line":16,"column":0},"end":{"line":16,"column":4}},"16":{"start":{"line":17,"column":0},"end":{"line":17,"column":2}},"17":{"start":{"line":18,"column":0},"end":{"line":18,"column":30}},"18":{"start":{"line":19,"column":0},"end":{"line":19,"column":34}},"19":{"start":{"line":20,"column":0},"end":{"line":20,"column":27}}},"s":{"0":0,"1":0,"2":0,"3":0,"4":0,"5":0,"6":0,"7":0,"8":0,"9":0,"10":0,"11":0,"12":0,"13":0,"14":0,"15":0,"16":0,"17":0,"18":0,"19":0},"branchMap":{"0":{"type":"branch","line":1,"loc":{"start":{"line":1,"column":0},"end":{"line":20,"column":27}},"locations":[{"start":{"line":1,"column":0},"end":{"line":20,"column":27}}]}},"b":{"0":[0]},"fnMap":{"0":{"name":"(empty-report)","decl":{"start":{"line":1,"column":0},"end":{"line":20,"column":27}},"loc":{"start":{"line":1,"column":0},"end":{"line":20,"column":27}},"line":1}},"f":{"0":0}}
,"/home/jlarique/code/manager/packages/manager/apps/hub/src/_mock_/billingServices.ts": {"path":"/home/jlarique/code/manager/packages/manager/apps/hub/src/_mock_/billingServices.ts","all":false,"statementMap":{"0":{"start":{"line":1,"column":0},"end":{"line":1,"column":8}},"1":{"start":{"line":2,"column":0},"end":{"line":2,"column":21}},"2":{"start":{"line":3,"column":0},"end":{"line":3,"column":17}},"3":{"start":{"line":4,"column":0},"end":{"line":4,"column":46}},"4":{"start":{"line":5,"column":0},"end":{"line":5,"column":0}},"5":{"start":{"line":6,"column":0},"end":{"line":6,"column":46}},"6":{"start":{"line":7,"column":0},"end":{"line":7,"column":31}},"7":{"start":{"line":8,"column":0},"end":{"line":8,"column":28}},"8":{"start":{"line":9,"column":0},"end":{"line":9,"column":32}},"9":{"start":{"line":10,"column":0},"end":{"line":10,"column":30}},"10":{"start":{"line":11,"column":0},"end":{"line":11,"column":37}},"11":{"start":{"line":12,"column":0},"end":{"line":12,"column":13}},"12":{"start":{"line":13,"column":0},"end":{"line":13,"column":10}},"13":{"start":{"line":14,"column":0},"end":{"line":14,"column":20}},"14":{"start":{"line":15,"column":0},"end":{"line":15,"column":30}},"15":{"start":{"line":16,"column":0},"end":{"line":16,"column":18}},"16":{"start":{"line":17,"column":0},"end":{"line":17,"column":25}},"17":{"start":{"line":18,"column":0},"end":{"line":18,"column":15}},"18":{"start":{"line":19,"column":0},"end":{"line":19,"column":4}},"19":{"start":{"line":20,"column":0},"end":{"line":20,"column":32}},"20":{"start":{"line":21,"column":0},"end":{"line":21,"column":33}},"21":{"start":{"line":22,"column":0},"end":{"line":22,"column":29}},"22":{"start":{"line":23,"column":0},"end":{"line":23,"column":23}},"23":{"start":{"line":24,"column":0},"end":{"line":24,"column":6}},"24":{"start":{"line":25,"column":0},"end":{"line":25,"column":80}},"25":{"start":{"line":26,"column":0},"end":{"line":26,"column":3}},"26":{"start":{"line":27,"column":0},"end":{"line":27,"column":75}},"27":{"start":{"line":28,"column":0},"end":{"line":28,"column":31}},"28":{"start":{"line":29,"column":0},"end":{"line":29,"column":28}},"29":{"start":{"line":30,"column":0},"end":{"line":30,"column":32}},"30":{"start":{"line":31,"column":0},"end":{"line":31,"column":59}},"31":{"start":{"line":32,"column":0},"end":{"line":32,"column":37}},"32":{"start":{"line":33,"column":0},"end":{"line":33,"column":13}},"33":{"start":{"line":34,"column":0},"end":{"line":34,"column":10}},"34":{"start":{"line":35,"column":0},"end":{"line":35,"column":21}},"35":{"start":{"line":36,"column":0},"end":{"line":36,"column":30}},"36":{"start":{"line":37,"column":0},"end":{"line":37,"column":18}},"37":{"start":{"line":38,"column":0},"end":{"line":38,"column":24}},"38":{"start":{"line":39,"column":0},"end":{"line":39,"column":17}},"39":{"start":{"line":40,"column":0},"end":{"line":40,"column":4}},"40":{"start":{"line":41,"column":0},"end":{"line":41,"column":24}},"41":{"start":{"line":42,"column":0},"end":{"line":42,"column":62}},"42":{"start":{"line":43,"column":0},"end":{"line":43,"column":24}},"43":{"start":{"line":44,"column":0},"end":{"line":44,"column":19}},"44":{"start":{"line":45,"column":0},"end":{"line":45,"column":6}},"45":{"start":{"line":46,"column":0},"end":{"line":46,"column":120}},"46":{"start":{"line":47,"column":0},"end":{"line":47,"column":3}},"47":{"start":{"line":48,"column":0},"end":{"line":48,"column":61}},"48":{"start":{"line":49,"column":0},"end":{"line":49,"column":31}},"49":{"start":{"line":50,"column":0},"end":{"line":50,"column":28}},"50":{"start":{"line":51,"column":0},"end":{"line":51,"column":32}},"51":{"start":{"line":52,"column":0},"end":{"line":52,"column":45}},"52":{"start":{"line":53,"column":0},"end":{"line":53,"column":37}},"53":{"start":{"line":54,"column":0},"end":{"line":54,"column":13}},"54":{"start":{"line":55,"column":0},"end":{"line":55,"column":10}},"55":{"start":{"line":56,"column":0},"end":{"line":56,"column":21}},"56":{"start":{"line":57,"column":0},"end":{"line":57,"column":30}},"57":{"start":{"line":58,"column":0},"end":{"line":58,"column":18}},"58":{"start":{"line":59,"column":0},"end":{"line":59,"column":25}},"59":{"start":{"line":60,"column":0},"end":{"line":60,"column":15}},"60":{"start":{"line":61,"column":0},"end":{"line":61,"column":4}},"61":{"start":{"line":62,"column":0},"end":{"line":62,"column":25}},"62":{"start":{"line":63,"column":0},"end":{"line":63,"column":48}},"63":{"start":{"line":64,"column":0},"end":{"line":64,"column":34}},"64":{"start":{"line":65,"column":0},"end":{"line":65,"column":19}},"65":{"start":{"line":66,"column":0},"end":{"line":66,"column":6}},"66":{"start":{"line":67,"column":0},"end":{"line":67,"column":86}},"67":{"start":{"line":68,"column":0},"end":{"line":68,"column":3}},"68":{"start":{"line":69,"column":0},"end":{"line":69,"column":65}},"69":{"start":{"line":70,"column":0},"end":{"line":70,"column":31}},"70":{"start":{"line":71,"column":0},"end":{"line":71,"column":28}},"71":{"start":{"line":72,"column":0},"end":{"line":72,"column":32}},"72":{"start":{"line":73,"column":0},"end":{"line":73,"column":49}},"73":{"start":{"line":74,"column":0},"end":{"line":74,"column":37}},"74":{"start":{"line":75,"column":0},"end":{"line":75,"column":13}},"75":{"start":{"line":76,"column":0},"end":{"line":76,"column":10}},"76":{"start":{"line":77,"column":0},"end":{"line":77,"column":21}},"77":{"start":{"line":78,"column":0},"end":{"line":78,"column":30}},"78":{"start":{"line":79,"column":0},"end":{"line":79,"column":18}},"79":{"start":{"line":80,"column":0},"end":{"line":80,"column":24}},"80":{"start":{"line":81,"column":0},"end":{"line":81,"column":15}},"81":{"start":{"line":82,"column":0},"end":{"line":82,"column":4}},"82":{"start":{"line":83,"column":0},"end":{"line":83,"column":32}},"83":{"start":{"line":84,"column":0},"end":{"line":84,"column":52}},"84":{"start":{"line":85,"column":0},"end":{"line":85,"column":33}},"85":{"start":{"line":86,"column":0},"end":{"line":86,"column":30}},"86":{"start":{"line":87,"column":0},"end":{"line":87,"column":12}},"87":{"start":{"line":88,"column":0},"end":{"line":88,"column":3}},"88":{"start":{"line":89,"column":0},"end":{"line":89,"column":42}},"89":{"start":{"line":90,"column":0},"end":{"line":90,"column":31}},"90":{"start":{"line":91,"column":0},"end":{"line":91,"column":28}},"91":{"start":{"line":92,"column":0},"end":{"line":92,"column":32}},"92":{"start":{"line":93,"column":0},"end":{"line":93,"column":45}},"93":{"start":{"line":94,"column":0},"end":{"line":94,"column":37}},"94":{"start":{"line":95,"column":0},"end":{"line":95,"column":13}},"95":{"start":{"line":96,"column":0},"end":{"line":96,"column":10}},"96":{"start":{"line":97,"column":0},"end":{"line":97,"column":21}},"97":{"start":{"line":98,"column":0},"end":{"line":98,"column":30}},"98":{"start":{"line":99,"column":0},"end":{"line":99,"column":18}},"99":{"start":{"line":100,"column":0},"end":{"line":100,"column":25}},"100":{"start":{"line":101,"column":0},"end":{"line":101,"column":15}},"101":{"start":{"line":102,"column":0},"end":{"line":102,"column":4}},"102":{"start":{"line":103,"column":0},"end":{"line":103,"column":25}},"103":{"start":{"line":104,"column":0},"end":{"line":104,"column":48}},"104":{"start":{"line":105,"column":0},"end":{"line":105,"column":34}},"105":{"start":{"line":106,"column":0},"end":{"line":106,"column":25}},"106":{"start":{"line":107,"column":0},"end":{"line":107,"column":6}},"107":{"start":{"line":108,"column":0},"end":{"line":108,"column":86}},"108":{"start":{"line":109,"column":0},"end":{"line":109,"column":3}},"109":{"start":{"line":110,"column":0},"end":{"line":110,"column":67}},"110":{"start":{"line":111,"column":0},"end":{"line":111,"column":31}},"111":{"start":{"line":112,"column":0},"end":{"line":112,"column":28}},"112":{"start":{"line":113,"column":0},"end":{"line":113,"column":32}},"113":{"start":{"line":114,"column":0},"end":{"line":114,"column":51}},"114":{"start":{"line":115,"column":0},"end":{"line":115,"column":37}},"115":{"start":{"line":116,"column":0},"end":{"line":116,"column":13}},"116":{"start":{"line":117,"column":0},"end":{"line":117,"column":10}},"117":{"start":{"line":118,"column":0},"end":{"line":118,"column":20}},"118":{"start":{"line":119,"column":0},"end":{"line":119,"column":30}},"119":{"start":{"line":120,"column":0},"end":{"line":120,"column":18}},"120":{"start":{"line":121,"column":0},"end":{"line":121,"column":25}},"121":{"start":{"line":122,"column":0},"end":{"line":122,"column":15}},"122":{"start":{"line":123,"column":0},"end":{"line":123,"column":4}},"123":{"start":{"line":124,"column":0},"end":{"line":124,"column":32}},"124":{"start":{"line":125,"column":0},"end":{"line":125,"column":54}},"125":{"start":{"line":126,"column":0},"end":{"line":126,"column":29}},"126":{"start":{"line":127,"column":0},"end":{"line":127,"column":19}},"127":{"start":{"line":128,"column":0},"end":{"line":128,"column":6}},"128":{"start":{"line":129,"column":0},"end":{"line":129,"column":101}},"129":{"start":{"line":130,"column":0},"end":{"line":130,"column":3}},"130":{"start":{"line":131,"column":0},"end":{"line":131,"column":0}},"131":{"start":{"line":132,"column":0},"end":{"line":132,"column":47}},"132":{"start":{"line":133,"column":0},"end":{"line":133,"column":15}},"133":{"start":{"line":134,"column":0},"end":{"line":134,"column":11}},"134":{"start":{"line":135,"column":0},"end":{"line":135,"column":2}},"135":{"start":{"line":136,"column":0},"end":{"line":136,"column":0}},"136":{"start":{"line":137,"column":0},"end":{"line":137,"column":48}},"137":{"start":{"line":138,"column":0},"end":{"line":138,"column":68}},"138":{"start":{"line":139,"column":0},"end":{"line":139,"column":11}},"139":{"start":{"line":140,"column":0},"end":{"line":140,"column":2}},"140":{"start":{"line":141,"column":0},"end":{"line":141,"column":0}},"141":{"start":{"line":142,"column":0},"end":{"line":142,"column":49}},"142":{"start":{"line":143,"column":0},"end":{"line":143,"column":13}},"143":{"start":{"line":144,"column":0},"end":{"line":144,"column":22}},"144":{"start":{"line":145,"column":0},"end":{"line":145,"column":51}},"145":{"start":{"line":146,"column":0},"end":{"line":146,"column":37}},"146":{"start":{"line":147,"column":0},"end":{"line":147,"column":41}},"147":{"start":{"line":148,"column":0},"end":{"line":148,"column":4}},"148":{"start":{"line":149,"column":0},"end":{"line":149,"column":11}},"149":{"start":{"line":150,"column":0},"end":{"line":150,"column":2}}},"s":{"0":1,"1":1,"2":1,"3":1,"4":1,"5":1,"6":1,"7":1,"8":1,"9":1,"10":1,"11":1,"12":1,"13":1,"14":1,"15":1,"16":1,"17":1,"18":1,"19":1,"20":1,"21":1,"22":1,"23":1,"24":1,"25":1,"26":1,"27":1,"28":1,"29":1,"30":1,"31":1,"32":1,"33":1,"34":1,"35":1,"36":1,"37":1,"38":1,"39":1,"40":1,"41":1,"42":1,"43":1,"44":1,"45":1,"46":1,"47":1,"48":1,"49":1,"50":1,"51":1,"52":1,"53":1,"54":1,"55":1,"56":1,"57":1,"58":1,"59":1,"60":1,"61":1,"62":1,"63":1,"64":1,"65":1,"66":1,"67":1,"68":1,"69":1,"70":1,"71":1,"72":1,"73":1,"74":1,"75":1,"76":1,"77":1,"78":1,"79":1,"80":1,"81":1,"82":1,"83":1,"84":1,"85":1,"86":1,"87":1,"88":1,"89":1,"90":1,"91":1,"92":1,"93":1,"94":1,"95":1,"96":1,"97":1,"98":1,"99":1,"100":1,"101":1,"102":1,"103":1,"104":1,"105":1,"106":1,"107":1,"108":1,"109":1,"110":1,"111":1,"112":1,"113":1,"114":1,"115":1,"116":1,"117":1,"118":1,"119":1,"120":1,"121":1,"122":1,"123":1,"124":1,"125":1,"126":1,"127":1,"128":1,"129":1,"130":1,"131":1,"132":1,"133":1,"134":1,"135":1,"136":1,"137":1,"138":1,"139":1,"140":1,"141":1,"142":1,"143":1,"144":1,"145":1,"146":1,"147":1,"148":1,"149":1},"branchMap":{},"b":{},"fnMap":{},"f":{}}
,"/home/jlarique/code/manager/packages/manager/apps/hub/src/_mock_/products.ts": {"path":"/home/jlarique/code/manager/packages/manager/apps/hub/src/_mock_/products.ts","all":false,"statementMap":{"0":{"start":{"line":1,"column":0},"end":{"line":1,"column":64}},"1":{"start":{"line":2,"column":0},"end":{"line":2,"column":0}},"2":{"start":{"line":3,"column":0},"end":{"line":3,"column":48}},"3":{"start":{"line":4,"column":0},"end":{"line":4,"column":11}},"4":{"start":{"line":5,"column":0},"end":{"line":5,"column":9}},"5":{"start":{"line":6,"column":0},"end":{"line":6,"column":20}},"6":{"start":{"line":7,"column":0},"end":{"line":7,"column":15}},"7":{"start":{"line":8,"column":0},"end":{"line":8,"column":13}},"8":{"start":{"line":9,"column":0},"end":{"line":9,"column":9}},"9":{"start":{"line":10,"column":0},"end":{"line":10,"column":32}},"10":{"start":{"line":11,"column":0},"end":{"line":11,"column":21}},"11":{"start":{"line":12,"column":0},"end":{"line":12,"column":40}},"12":{"start":{"line":13,"column":0},"end":{"line":13,"column":26}},"13":{"start":{"line":14,"column":0},"end":{"line":14,"column":22}},"14":{"start":{"line":15,"column":0},"end":{"line":15,"column":42}},"15":{"start":{"line":16,"column":0},"end":{"line":16,"column":37}},"16":{"start":{"line":17,"column":0},"end":{"line":17,"column":14}},"17":{"start":{"line":18,"column":0},"end":{"line":18,"column":36}},"18":{"start":{"line":19,"column":0},"end":{"line":19,"column":28}},"19":{"start":{"line":20,"column":0},"end":{"line":20,"column":12}},"20":{"start":{"line":21,"column":0},"end":{"line":21,"column":18}},"21":{"start":{"line":22,"column":0},"end":{"line":22,"column":49}},"22":{"start":{"line":23,"column":0},"end":{"line":23,"column":12}},"23":{"start":{"line":24,"column":0},"end":{"line":24,"column":31}},"24":{"start":{"line":25,"column":0},"end":{"line":25,"column":21}},"25":{"start":{"line":26,"column":0},"end":{"line":26,"column":28}},"26":{"start":{"line":27,"column":0},"end":{"line":27,"column":28}},"27":{"start":{"line":28,"column":0},"end":{"line":28,"column":28}},"28":{"start":{"line":29,"column":0},"end":{"line":29,"column":12}},"29":{"start":{"line":30,"column":0},"end":{"line":30,"column":14}},"30":{"start":{"line":31,"column":0},"end":{"line":31,"column":85}},"31":{"start":{"line":32,"column":0},"end":{"line":32,"column":10}},"32":{"start":{"line":33,"column":0},"end":{"line":33,"column":8}},"33":{"start":{"line":34,"column":0},"end":{"line":34,"column":6}},"34":{"start":{"line":35,"column":0},"end":{"line":35,"column":4}},"35":{"start":{"line":36,"column":0},"end":{"line":36,"column":2}},"36":{"start":{"line":37,"column":0},"end":{"line":37,"column":0}},"37":{"start":{"line":38,"column":0},"end":{"line":38,"column":50}},"38":{"start":{"line":39,"column":0},"end":{"line":39,"column":12}},"39":{"start":{"line":40,"column":0},"end":{"line":40,"column":9}},"40":{"start":{"line":41,"column":0},"end":{"line":41,"column":20}},"41":{"start":{"line":42,"column":0},"end":{"line":42,"column":15}},"42":{"start":{"line":43,"column":0},"end":{"line":43,"column":13}},"43":{"start":{"line":44,"column":0},"end":{"line":44,"column":9}},"44":{"start":{"line":45,"column":0},"end":{"line":45,"column":32}},"45":{"start":{"line":46,"column":0},"end":{"line":46,"column":21}},"46":{"start":{"line":47,"column":0},"end":{"line":47,"column":43}},"47":{"start":{"line":48,"column":0},"end":{"line":48,"column":36}},"48":{"start":{"line":49,"column":0},"end":{"line":49,"column":22}},"49":{"start":{"line":50,"column":0},"end":{"line":50,"column":47}},"50":{"start":{"line":51,"column":0},"end":{"line":51,"column":37}},"51":{"start":{"line":52,"column":0},"end":{"line":52,"column":14}},"52":{"start":{"line":53,"column":0},"end":{"line":53,"column":36}},"53":{"start":{"line":54,"column":0},"end":{"line":54,"column":28}},"54":{"start":{"line":55,"column":0},"end":{"line":55,"column":12}},"55":{"start":{"line":56,"column":0},"end":{"line":56,"column":18}},"56":{"start":{"line":57,"column":0},"end":{"line":57,"column":49}},"57":{"start":{"line":58,"column":0},"end":{"line":58,"column":12}},"58":{"start":{"line":59,"column":0},"end":{"line":59,"column":29}},"59":{"start":{"line":60,"column":0},"end":{"line":60,"column":21}},"60":{"start":{"line":61,"column":0},"end":{"line":61,"column":28}},"61":{"start":{"line":62,"column":0},"end":{"line":62,"column":28}},"62":{"start":{"line":63,"column":0},"end":{"line":63,"column":28}},"63":{"start":{"line":64,"column":0},"end":{"line":64,"column":12}},"64":{"start":{"line":65,"column":0},"end":{"line":65,"column":14}},"65":{"start":{"line":66,"column":0},"end":{"line":66,"column":88}},"66":{"start":{"line":67,"column":0},"end":{"line":67,"column":10}},"67":{"start":{"line":68,"column":0},"end":{"line":68,"column":9}},"68":{"start":{"line":69,"column":0},"end":{"line":69,"column":32}},"69":{"start":{"line":70,"column":0},"end":{"line":70,"column":21}},"70":{"start":{"line":71,"column":0},"end":{"line":71,"column":43}},"71":{"start":{"line":72,"column":0},"end":{"line":72,"column":36}},"72":{"start":{"line":73,"column":0},"end":{"line":73,"column":22}},"73":{"start":{"line":74,"column":0},"end":{"line":74,"column":47}},"74":{"start":{"line":75,"column":0},"end":{"line":75,"column":37}},"75":{"start":{"line":76,"column":0},"end":{"line":76,"column":14}},"76":{"start":{"line":77,"column":0},"end":{"line":77,"column":36}},"77":{"start":{"line":78,"column":0},"end":{"line":78,"column":28}},"78":{"start":{"line":79,"column":0},"end":{"line":79,"column":12}},"79":{"start":{"line":80,"column":0},"end":{"line":80,"column":18}},"80":{"start":{"line":81,"column":0},"end":{"line":81,"column":49}},"81":{"start":{"line":82,"column":0},"end":{"line":82,"column":12}},"82":{"start":{"line":83,"column":0},"end":{"line":83,"column":29}},"83":{"start":{"line":84,"column":0},"end":{"line":84,"column":21}},"84":{"start":{"line":85,"column":0},"end":{"line":85,"column":28}},"85":{"start":{"line":86,"column":0},"end":{"line":86,"column":28}},"86":{"start":{"line":87,"column":0},"end":{"line":87,"column":28}},"87":{"start":{"line":88,"column":0},"end":{"line":88,"column":12}},"88":{"start":{"line":89,"column":0},"end":{"line":89,"column":14}},"89":{"start":{"line":90,"column":0},"end":{"line":90,"column":88}},"90":{"start":{"line":91,"column":0},"end":{"line":91,"column":10}},"91":{"start":{"line":92,"column":0},"end":{"line":92,"column":9}},"92":{"start":{"line":93,"column":0},"end":{"line":93,"column":32}},"93":{"start":{"line":94,"column":0},"end":{"line":94,"column":21}},"94":{"start":{"line":95,"column":0},"end":{"line":95,"column":28}},"95":{"start":{"line":96,"column":0},"end":{"line":96,"column":36}},"96":{"start":{"line":97,"column":0},"end":{"line":97,"column":22}},"97":{"start":{"line":98,"column":0},"end":{"line":98,"column":47}},"98":{"start":{"line":99,"column":0},"end":{"line":99,"column":37}},"99":{"start":{"line":100,"column":0},"end":{"line":100,"column":14}},"100":{"start":{"line":101,"column":0},"end":{"line":101,"column":36}},"101":{"start":{"line":102,"column":0},"end":{"line":102,"column":28}},"102":{"start":{"line":103,"column":0},"end":{"line":103,"column":12}},"103":{"start":{"line":104,"column":0},"end":{"line":104,"column":18}},"104":{"start":{"line":105,"column":0},"end":{"line":105,"column":49}},"105":{"start":{"line":106,"column":0},"end":{"line":106,"column":12}},"106":{"start":{"line":107,"column":0},"end":{"line":107,"column":29}},"107":{"start":{"line":108,"column":0},"end":{"line":108,"column":21}},"108":{"start":{"line":109,"column":0},"end":{"line":109,"column":28}},"109":{"start":{"line":110,"column":0},"end":{"line":110,"column":28}},"110":{"start":{"line":111,"column":0},"end":{"line":111,"column":28}},"111":{"start":{"line":112,"column":0},"end":{"line":112,"column":12}},"112":{"start":{"line":113,"column":0},"end":{"line":113,"column":14}},"113":{"start":{"line":114,"column":0},"end":{"line":114,"column":88}},"114":{"start":{"line":115,"column":0},"end":{"line":115,"column":10}},"115":{"start":{"line":116,"column":0},"end":{"line":116,"column":8}},"116":{"start":{"line":117,"column":0},"end":{"line":117,"column":6}},"117":{"start":{"line":118,"column":0},"end":{"line":118,"column":20}},"118":{"start":{"line":119,"column":0},"end":{"line":119,"column":15}},"119":{"start":{"line":120,"column":0},"end":{"line":120,"column":13}},"120":{"start":{"line":121,"column":0},"end":{"line":121,"column":9}},"121":{"start":{"line":122,"column":0},"end":{"line":122,"column":35}},"122":{"start":{"line":123,"column":0},"end":{"line":123,"column":21}},"123":{"start":{"line":124,"column":0},"end":{"line":124,"column":41}},"124":{"start":{"line":125,"column":0},"end":{"line":125,"column":30}},"125":{"start":{"line":126,"column":0},"end":{"line":126,"column":22}},"126":{"start":{"line":127,"column":0},"end":{"line":127,"column":53}},"127":{"start":{"line":128,"column":0},"end":{"line":128,"column":36}},"128":{"start":{"line":129,"column":0},"end":{"line":129,"column":14}},"129":{"start":{"line":130,"column":0},"end":{"line":130,"column":36}},"130":{"start":{"line":131,"column":0},"end":{"line":131,"column":28}},"131":{"start":{"line":132,"column":0},"end":{"line":132,"column":12}},"132":{"start":{"line":133,"column":0},"end":{"line":133,"column":18}},"133":{"start":{"line":134,"column":0},"end":{"line":134,"column":49}},"134":{"start":{"line":135,"column":0},"end":{"line":135,"column":12}},"135":{"start":{"line":136,"column":0},"end":{"line":136,"column":30}},"136":{"start":{"line":137,"column":0},"end":{"line":137,"column":21}},"137":{"start":{"line":138,"column":0},"end":{"line":138,"column":31}},"138":{"start":{"line":139,"column":0},"end":{"line":139,"column":31}},"139":{"start":{"line":140,"column":0},"end":{"line":140,"column":31}},"140":{"start":{"line":141,"column":0},"end":{"line":141,"column":12}},"141":{"start":{"line":142,"column":0},"end":{"line":142,"column":14}},"142":{"start":{"line":143,"column":0},"end":{"line":143,"column":80}},"143":{"start":{"line":144,"column":0},"end":{"line":144,"column":10}},"144":{"start":{"line":145,"column":0},"end":{"line":145,"column":9}},"145":{"start":{"line":146,"column":0},"end":{"line":146,"column":35}},"146":{"start":{"line":147,"column":0},"end":{"line":147,"column":21}},"147":{"start":{"line":148,"column":0},"end":{"line":148,"column":41}},"148":{"start":{"line":149,"column":0},"end":{"line":149,"column":34}},"149":{"start":{"line":150,"column":0},"end":{"line":150,"column":22}},"150":{"start":{"line":151,"column":0},"end":{"line":151,"column":53}},"151":{"start":{"line":152,"column":0},"end":{"line":152,"column":36}},"152":{"start":{"line":153,"column":0},"end":{"line":153,"column":14}},"153":{"start":{"line":154,"column":0},"end":{"line":154,"column":36}},"154":{"start":{"line":155,"column":0},"end":{"line":155,"column":28}},"155":{"start":{"line":156,"column":0},"end":{"line":156,"column":12}},"156":{"start":{"line":157,"column":0},"end":{"line":157,"column":18}},"157":{"start":{"line":158,"column":0},"end":{"line":158,"column":49}},"158":{"start":{"line":159,"column":0},"end":{"line":159,"column":12}},"159":{"start":{"line":160,"column":0},"end":{"line":160,"column":30}},"160":{"start":{"line":161,"column":0},"end":{"line":161,"column":21}},"161":{"start":{"line":162,"column":0},"end":{"line":162,"column":31}},"162":{"start":{"line":163,"column":0},"end":{"line":163,"column":31}},"163":{"start":{"line":164,"column":0},"end":{"line":164,"column":31}},"164":{"start":{"line":165,"column":0},"end":{"line":165,"column":12}},"165":{"start":{"line":166,"column":0},"end":{"line":166,"column":14}},"166":{"start":{"line":167,"column":0},"end":{"line":167,"column":84}},"167":{"start":{"line":168,"column":0},"end":{"line":168,"column":10}},"168":{"start":{"line":169,"column":0},"end":{"line":169,"column":9}},"169":{"start":{"line":170,"column":0},"end":{"line":170,"column":35}},"170":{"start":{"line":171,"column":0},"end":{"line":171,"column":21}},"171":{"start":{"line":172,"column":0},"end":{"line":172,"column":41}},"172":{"start":{"line":173,"column":0},"end":{"line":173,"column":34}},"173":{"start":{"line":174,"column":0},"end":{"line":174,"column":22}},"174":{"start":{"line":175,"column":0},"end":{"line":175,"column":53}},"175":{"start":{"line":176,"column":0},"end":{"line":176,"column":36}},"176":{"start":{"line":177,"column":0},"end":{"line":177,"column":14}},"177":{"start":{"line":178,"column":0},"end":{"line":178,"column":36}},"178":{"start":{"line":179,"column":0},"end":{"line":179,"column":28}},"179":{"start":{"line":180,"column":0},"end":{"line":180,"column":12}},"180":{"start":{"line":181,"column":0},"end":{"line":181,"column":18}},"181":{"start":{"line":182,"column":0},"end":{"line":182,"column":49}},"182":{"start":{"line":183,"column":0},"end":{"line":183,"column":12}},"183":{"start":{"line":184,"column":0},"end":{"line":184,"column":30}},"184":{"start":{"line":185,"column":0},"end":{"line":185,"column":21}},"185":{"start":{"line":186,"column":0},"end":{"line":186,"column":31}},"186":{"start":{"line":187,"column":0},"end":{"line":187,"column":31}},"187":{"start":{"line":188,"column":0},"end":{"line":188,"column":31}},"188":{"start":{"line":189,"column":0},"end":{"line":189,"column":12}},"189":{"start":{"line":190,"column":0},"end":{"line":190,"column":14}},"190":{"start":{"line":191,"column":0},"end":{"line":191,"column":84}},"191":{"start":{"line":192,"column":0},"end":{"line":192,"column":10}},"192":{"start":{"line":193,"column":0},"end":{"line":193,"column":9}},"193":{"start":{"line":194,"column":0},"end":{"line":194,"column":35}},"194":{"start":{"line":195,"column":0},"end":{"line":195,"column":21}},"195":{"start":{"line":196,"column":0},"end":{"line":196,"column":41}},"196":{"start":{"line":197,"column":0},"end":{"line":197,"column":34}},"197":{"start":{"line":198,"column":0},"end":{"line":198,"column":22}},"198":{"start":{"line":199,"column":0},"end":{"line":199,"column":53}},"199":{"start":{"line":200,"column":0},"end":{"line":200,"column":36}},"200":{"start":{"line":201,"column":0},"end":{"line":201,"column":14}},"201":{"start":{"line":202,"column":0},"end":{"line":202,"column":36}},"202":{"start":{"line":203,"column":0},"end":{"line":203,"column":28}},"203":{"start":{"line":204,"column":0},"end":{"line":204,"column":12}},"204":{"start":{"line":205,"column":0},"end":{"line":205,"column":18}},"205":{"start":{"line":206,"column":0},"end":{"line":206,"column":49}},"206":{"start":{"line":207,"column":0},"end":{"line":207,"column":12}},"207":{"start":{"line":208,"column":0},"end":{"line":208,"column":30}},"208":{"start":{"line":209,"column":0},"end":{"line":209,"column":21}},"209":{"start":{"line":210,"column":0},"end":{"line":210,"column":31}},"210":{"start":{"line":211,"column":0},"end":{"line":211,"column":31}},"211":{"start":{"line":212,"column":0},"end":{"line":212,"column":31}},"212":{"start":{"line":213,"column":0},"end":{"line":213,"column":12}},"213":{"start":{"line":214,"column":0},"end":{"line":214,"column":14}},"214":{"start":{"line":215,"column":0},"end":{"line":215,"column":84}},"215":{"start":{"line":216,"column":0},"end":{"line":216,"column":10}},"216":{"start":{"line":217,"column":0},"end":{"line":217,"column":9}},"217":{"start":{"line":218,"column":0},"end":{"line":218,"column":35}},"218":{"start":{"line":219,"column":0},"end":{"line":219,"column":21}},"219":{"start":{"line":220,"column":0},"end":{"line":220,"column":41}},"220":{"start":{"line":221,"column":0},"end":{"line":221,"column":34}},"221":{"start":{"line":222,"column":0},"end":{"line":222,"column":22}},"222":{"start":{"line":223,"column":0},"end":{"line":223,"column":53}},"223":{"start":{"line":224,"column":0},"end":{"line":224,"column":36}},"224":{"start":{"line":225,"column":0},"end":{"line":225,"column":14}},"225":{"start":{"line":226,"column":0},"end":{"line":226,"column":36}},"226":{"start":{"line":227,"column":0},"end":{"line":227,"column":28}},"227":{"start":{"line":228,"column":0},"end":{"line":228,"column":12}},"228":{"start":{"line":229,"column":0},"end":{"line":229,"column":18}},"229":{"start":{"line":230,"column":0},"end":{"line":230,"column":49}},"230":{"start":{"line":231,"column":0},"end":{"line":231,"column":12}},"231":{"start":{"line":232,"column":0},"end":{"line":232,"column":30}},"232":{"start":{"line":233,"column":0},"end":{"line":233,"column":21}},"233":{"start":{"line":234,"column":0},"end":{"line":234,"column":31}},"234":{"start":{"line":235,"column":0},"end":{"line":235,"column":31}},"235":{"start":{"line":236,"column":0},"end":{"line":236,"column":31}},"236":{"start":{"line":237,"column":0},"end":{"line":237,"column":12}},"237":{"start":{"line":238,"column":0},"end":{"line":238,"column":14}},"238":{"start":{"line":239,"column":0},"end":{"line":239,"column":84}},"239":{"start":{"line":240,"column":0},"end":{"line":240,"column":10}},"240":{"start":{"line":241,"column":0},"end":{"line":241,"column":9}},"241":{"start":{"line":242,"column":0},"end":{"line":242,"column":35}},"242":{"start":{"line":243,"column":0},"end":{"line":243,"column":21}},"243":{"start":{"line":244,"column":0},"end":{"line":244,"column":41}},"244":{"start":{"line":245,"column":0},"end":{"line":245,"column":34}},"245":{"start":{"line":246,"column":0},"end":{"line":246,"column":22}},"246":{"start":{"line":247,"column":0},"end":{"line":247,"column":53}},"247":{"start":{"line":248,"column":0},"end":{"line":248,"column":36}},"248":{"start":{"line":249,"column":0},"end":{"line":249,"column":14}},"249":{"start":{"line":250,"column":0},"end":{"line":250,"column":36}},"250":{"start":{"line":251,"column":0},"end":{"line":251,"column":28}},"251":{"start":{"line":252,"column":0},"end":{"line":252,"column":12}},"252":{"start":{"line":253,"column":0},"end":{"line":253,"column":18}},"253":{"start":{"line":254,"column":0},"end":{"line":254,"column":49}},"254":{"start":{"line":255,"column":0},"end":{"line":255,"column":12}},"255":{"start":{"line":256,"column":0},"end":{"line":256,"column":30}},"256":{"start":{"line":257,"column":0},"end":{"line":257,"column":21}},"257":{"start":{"line":258,"column":0},"end":{"line":258,"column":31}},"258":{"start":{"line":259,"column":0},"end":{"line":259,"column":31}},"259":{"start":{"line":260,"column":0},"end":{"line":260,"column":31}},"260":{"start":{"line":261,"column":0},"end":{"line":261,"column":12}},"261":{"start":{"line":262,"column":0},"end":{"line":262,"column":14}},"262":{"start":{"line":263,"column":0},"end":{"line":263,"column":84}},"263":{"start":{"line":264,"column":0},"end":{"line":264,"column":10}},"264":{"start":{"line":265,"column":0},"end":{"line":265,"column":9}},"265":{"start":{"line":266,"column":0},"end":{"line":266,"column":35}},"266":{"start":{"line":267,"column":0},"end":{"line":267,"column":21}},"267":{"start":{"line":268,"column":0},"end":{"line":268,"column":41}},"268":{"start":{"line":269,"column":0},"end":{"line":269,"column":34}},"269":{"start":{"line":270,"column":0},"end":{"line":270,"column":22}},"270":{"start":{"line":271,"column":0},"end":{"line":271,"column":53}},"271":{"start":{"line":272,"column":0},"end":{"line":272,"column":36}},"272":{"start":{"line":273,"column":0},"end":{"line":273,"column":14}},"273":{"start":{"line":274,"column":0},"end":{"line":274,"column":36}},"274":{"start":{"line":275,"column":0},"end":{"line":275,"column":28}},"275":{"start":{"line":276,"column":0},"end":{"line":276,"column":12}},"276":{"start":{"line":277,"column":0},"end":{"line":277,"column":18}},"277":{"start":{"line":278,"column":0},"end":{"line":278,"column":49}},"278":{"start":{"line":279,"column":0},"end":{"line":279,"column":12}},"279":{"start":{"line":280,"column":0},"end":{"line":280,"column":30}},"280":{"start":{"line":281,"column":0},"end":{"line":281,"column":21}},"281":{"start":{"line":282,"column":0},"end":{"line":282,"column":31}},"282":{"start":{"line":283,"column":0},"end":{"line":283,"column":31}},"283":{"start":{"line":284,"column":0},"end":{"line":284,"column":31}},"284":{"start":{"line":285,"column":0},"end":{"line":285,"column":12}},"285":{"start":{"line":286,"column":0},"end":{"line":286,"column":14}},"286":{"start":{"line":287,"column":0},"end":{"line":287,"column":84}},"287":{"start":{"line":288,"column":0},"end":{"line":288,"column":10}},"288":{"start":{"line":289,"column":0},"end":{"line":289,"column":9}},"289":{"start":{"line":290,"column":0},"end":{"line":290,"column":35}},"290":{"start":{"line":291,"column":0},"end":{"line":291,"column":21}},"291":{"start":{"line":292,"column":0},"end":{"line":292,"column":41}},"292":{"start":{"line":293,"column":0},"end":{"line":293,"column":34}},"293":{"start":{"line":294,"column":0},"end":{"line":294,"column":22}},"294":{"start":{"line":295,"column":0},"end":{"line":295,"column":53}},"295":{"start":{"line":296,"column":0},"end":{"line":296,"column":36}},"296":{"start":{"line":297,"column":0},"end":{"line":297,"column":14}},"297":{"start":{"line":298,"column":0},"end":{"line":298,"column":36}},"298":{"start":{"line":299,"column":0},"end":{"line":299,"column":28}},"299":{"start":{"line":300,"column":0},"end":{"line":300,"column":12}},"300":{"start":{"line":301,"column":0},"end":{"line":301,"column":18}},"301":{"start":{"line":302,"column":0},"end":{"line":302,"column":49}},"302":{"start":{"line":303,"column":0},"end":{"line":303,"column":12}},"303":{"start":{"line":304,"column":0},"end":{"line":304,"column":30}},"304":{"start":{"line":305,"column":0},"end":{"line":305,"column":21}},"305":{"start":{"line":306,"column":0},"end":{"line":306,"column":31}},"306":{"start":{"line":307,"column":0},"end":{"line":307,"column":31}},"307":{"start":{"line":308,"column":0},"end":{"line":308,"column":31}},"308":{"start":{"line":309,"column":0},"end":{"line":309,"column":12}},"309":{"start":{"line":310,"column":0},"end":{"line":310,"column":14}},"310":{"start":{"line":311,"column":0},"end":{"line":311,"column":84}},"311":{"start":{"line":312,"column":0},"end":{"line":312,"column":10}},"312":{"start":{"line":313,"column":0},"end":{"line":313,"column":8}},"313":{"start":{"line":314,"column":0},"end":{"line":314,"column":6}},"314":{"start":{"line":315,"column":0},"end":{"line":315,"column":17}},"315":{"start":{"line":316,"column":0},"end":{"line":316,"column":15}},"316":{"start":{"line":317,"column":0},"end":{"line":317,"column":13}},"317":{"start":{"line":318,"column":0},"end":{"line":318,"column":9}},"318":{"start":{"line":319,"column":0},"end":{"line":319,"column":36}},"319":{"start":{"line":320,"column":0},"end":{"line":320,"column":21}},"320":{"start":{"line":321,"column":0},"end":{"line":321,"column":33}},"321":{"start":{"line":322,"column":0},"end":{"line":322,"column":26}},"322":{"start":{"line":323,"column":0},"end":{"line":323,"column":22}},"323":{"start":{"line":324,"column":0},"end":{"line":324,"column":44}},"324":{"start":{"line":325,"column":0},"end":{"line":325,"column":35}},"325":{"start":{"line":326,"column":0},"end":{"line":326,"column":14}},"326":{"start":{"line":327,"column":0},"end":{"line":327,"column":36}},"327":{"start":{"line":328,"column":0},"end":{"line":328,"column":28}},"328":{"start":{"line":329,"column":0},"end":{"line":329,"column":12}},"329":{"start":{"line":330,"column":0},"end":{"line":330,"column":18}},"330":{"start":{"line":331,"column":0},"end":{"line":331,"column":46}},"331":{"start":{"line":332,"column":0},"end":{"line":332,"column":12}},"332":{"start":{"line":333,"column":0},"end":{"line":333,"column":29}},"333":{"start":{"line":334,"column":0},"end":{"line":334,"column":21}},"334":{"start":{"line":335,"column":0},"end":{"line":335,"column":28}},"335":{"start":{"line":336,"column":0},"end":{"line":336,"column":28}},"336":{"start":{"line":337,"column":0},"end":{"line":337,"column":28}},"337":{"start":{"line":338,"column":0},"end":{"line":338,"column":12}},"338":{"start":{"line":339,"column":0},"end":{"line":339,"column":79}},"339":{"start":{"line":340,"column":0},"end":{"line":340,"column":10}},"340":{"start":{"line":341,"column":0},"end":{"line":341,"column":9}},"341":{"start":{"line":342,"column":0},"end":{"line":342,"column":36}},"342":{"start":{"line":343,"column":0},"end":{"line":343,"column":21}},"343":{"start":{"line":344,"column":0},"end":{"line":344,"column":33}},"344":{"start":{"line":345,"column":0},"end":{"line":345,"column":26}},"345":{"start":{"line":346,"column":0},"end":{"line":346,"column":22}},"346":{"start":{"line":347,"column":0},"end":{"line":347,"column":44}},"347":{"start":{"line":348,"column":0},"end":{"line":348,"column":35}},"348":{"start":{"line":349,"column":0},"end":{"line":349,"column":14}},"349":{"start":{"line":350,"column":0},"end":{"line":350,"column":36}},"350":{"start":{"line":351,"column":0},"end":{"line":351,"column":28}},"351":{"start":{"line":352,"column":0},"end":{"line":352,"column":12}},"352":{"start":{"line":353,"column":0},"end":{"line":353,"column":18}},"353":{"start":{"line":354,"column":0},"end":{"line":354,"column":46}},"354":{"start":{"line":355,"column":0},"end":{"line":355,"column":12}},"355":{"start":{"line":356,"column":0},"end":{"line":356,"column":29}},"356":{"start":{"line":357,"column":0},"end":{"line":357,"column":21}},"357":{"start":{"line":358,"column":0},"end":{"line":358,"column":28}},"358":{"start":{"line":359,"column":0},"end":{"line":359,"column":28}},"359":{"start":{"line":360,"column":0},"end":{"line":360,"column":28}},"360":{"start":{"line":361,"column":0},"end":{"line":361,"column":12}},"361":{"start":{"line":362,"column":0},"end":{"line":362,"column":79}},"362":{"start":{"line":363,"column":0},"end":{"line":363,"column":10}},"363":{"start":{"line":364,"column":0},"end":{"line":364,"column":9}},"364":{"start":{"line":365,"column":0},"end":{"line":365,"column":36}},"365":{"start":{"line":366,"column":0},"end":{"line":366,"column":21}},"366":{"start":{"line":367,"column":0},"end":{"line":367,"column":33}},"367":{"start":{"line":368,"column":0},"end":{"line":368,"column":26}},"368":{"start":{"line":369,"column":0},"end":{"line":369,"column":22}},"369":{"start":{"line":370,"column":0},"end":{"line":370,"column":44}},"370":{"start":{"line":371,"column":0},"end":{"line":371,"column":35}},"371":{"start":{"line":372,"column":0},"end":{"line":372,"column":14}},"372":{"start":{"line":373,"column":0},"end":{"line":373,"column":36}},"373":{"start":{"line":374,"column":0},"end":{"line":374,"column":28}},"374":{"start":{"line":375,"column":0},"end":{"line":375,"column":12}},"375":{"start":{"line":376,"column":0},"end":{"line":376,"column":18}},"376":{"start":{"line":377,"column":0},"end":{"line":377,"column":46}},"377":{"start":{"line":378,"column":0},"end":{"line":378,"column":12}},"378":{"start":{"line":379,"column":0},"end":{"line":379,"column":29}},"379":{"start":{"line":380,"column":0},"end":{"line":380,"column":21}},"380":{"start":{"line":381,"column":0},"end":{"line":381,"column":28}},"381":{"start":{"line":382,"column":0},"end":{"line":382,"column":28}},"382":{"start":{"line":383,"column":0},"end":{"line":383,"column":28}},"383":{"start":{"line":384,"column":0},"end":{"line":384,"column":12}},"384":{"start":{"line":385,"column":0},"end":{"line":385,"column":79}},"385":{"start":{"line":386,"column":0},"end":{"line":386,"column":10}},"386":{"start":{"line":387,"column":0},"end":{"line":387,"column":9}},"387":{"start":{"line":388,"column":0},"end":{"line":388,"column":36}},"388":{"start":{"line":389,"column":0},"end":{"line":389,"column":21}},"389":{"start":{"line":390,"column":0},"end":{"line":390,"column":33}},"390":{"start":{"line":391,"column":0},"end":{"line":391,"column":26}},"391":{"start":{"line":392,"column":0},"end":{"line":392,"column":22}},"392":{"start":{"line":393,"column":0},"end":{"line":393,"column":44}},"393":{"start":{"line":394,"column":0},"end":{"line":394,"column":35}},"394":{"start":{"line":395,"column":0},"end":{"line":395,"column":14}},"395":{"start":{"line":396,"column":0},"end":{"line":396,"column":36}},"396":{"start":{"line":397,"column":0},"end":{"line":397,"column":28}},"397":{"start":{"line":398,"column":0},"end":{"line":398,"column":12}},"398":{"start":{"line":399,"column":0},"end":{"line":399,"column":18}},"399":{"start":{"line":400,"column":0},"end":{"line":400,"column":46}},"400":{"start":{"line":401,"column":0},"end":{"line":401,"column":12}},"401":{"start":{"line":402,"column":0},"end":{"line":402,"column":29}},"402":{"start":{"line":403,"column":0},"end":{"line":403,"column":21}},"403":{"start":{"line":404,"column":0},"end":{"line":404,"column":28}},"404":{"start":{"line":405,"column":0},"end":{"line":405,"column":28}},"405":{"start":{"line":406,"column":0},"end":{"line":406,"column":28}},"406":{"start":{"line":407,"column":0},"end":{"line":407,"column":12}},"407":{"start":{"line":408,"column":0},"end":{"line":408,"column":79}},"408":{"start":{"line":409,"column":0},"end":{"line":409,"column":10}},"409":{"start":{"line":410,"column":0},"end":{"line":410,"column":9}},"410":{"start":{"line":411,"column":0},"end":{"line":411,"column":36}},"411":{"start":{"line":412,"column":0},"end":{"line":412,"column":21}},"412":{"start":{"line":413,"column":0},"end":{"line":413,"column":33}},"413":{"start":{"line":414,"column":0},"end":{"line":414,"column":26}},"414":{"start":{"line":415,"column":0},"end":{"line":415,"column":22}},"415":{"start":{"line":416,"column":0},"end":{"line":416,"column":44}},"416":{"start":{"line":417,"column":0},"end":{"line":417,"column":35}},"417":{"start":{"line":418,"column":0},"end":{"line":418,"column":14}},"418":{"start":{"line":419,"column":0},"end":{"line":419,"column":36}},"419":{"start":{"line":420,"column":0},"end":{"line":420,"column":28}},"420":{"start":{"line":421,"column":0},"end":{"line":421,"column":12}},"421":{"start":{"line":422,"column":0},"end":{"line":422,"column":18}},"422":{"start":{"line":423,"column":0},"end":{"line":423,"column":46}},"423":{"start":{"line":424,"column":0},"end":{"line":424,"column":12}},"424":{"start":{"line":425,"column":0},"end":{"line":425,"column":29}},"425":{"start":{"line":426,"column":0},"end":{"line":426,"column":21}},"426":{"start":{"line":427,"column":0},"end":{"line":427,"column":28}},"427":{"start":{"line":428,"column":0},"end":{"line":428,"column":28}},"428":{"start":{"line":429,"column":0},"end":{"line":429,"column":28}},"429":{"start":{"line":430,"column":0},"end":{"line":430,"column":12}},"430":{"start":{"line":431,"column":0},"end":{"line":431,"column":79}},"431":{"start":{"line":432,"column":0},"end":{"line":432,"column":10}},"432":{"start":{"line":433,"column":0},"end":{"line":433,"column":8}},"433":{"start":{"line":434,"column":0},"end":{"line":434,"column":6}},"434":{"start":{"line":435,"column":0},"end":{"line":435,"column":22}},"435":{"start":{"line":436,"column":0},"end":{"line":436,"column":15}},"436":{"start":{"line":437,"column":0},"end":{"line":437,"column":13}},"437":{"start":{"line":438,"column":0},"end":{"line":438,"column":9}},"438":{"start":{"line":439,"column":0},"end":{"line":439,"column":36}},"439":{"start":{"line":440,"column":0},"end":{"line":440,"column":21}},"440":{"start":{"line":441,"column":0},"end":{"line":441,"column":33}},"441":{"start":{"line":442,"column":0},"end":{"line":442,"column":26}},"442":{"start":{"line":443,"column":0},"end":{"line":443,"column":22}},"443":{"start":{"line":444,"column":0},"end":{"line":444,"column":56}},"444":{"start":{"line":445,"column":0},"end":{"line":445,"column":37}},"445":{"start":{"line":446,"column":0},"end":{"line":446,"column":14}},"446":{"start":{"line":447,"column":0},"end":{"line":447,"column":36}},"447":{"start":{"line":448,"column":0},"end":{"line":448,"column":28}},"448":{"start":{"line":449,"column":0},"end":{"line":449,"column":12}},"449":{"start":{"line":450,"column":0},"end":{"line":450,"column":18}},"450":{"start":{"line":451,"column":0},"end":{"line":451,"column":50}},"451":{"start":{"line":452,"column":0},"end":{"line":452,"column":12}},"452":{"start":{"line":453,"column":0},"end":{"line":453,"column":25}},"453":{"start":{"line":454,"column":0},"end":{"line":454,"column":41}},"454":{"start":{"line":455,"column":0},"end":{"line":455,"column":21}},"455":{"start":{"line":456,"column":0},"end":{"line":456,"column":28}},"456":{"start":{"line":457,"column":0},"end":{"line":457,"column":28}},"457":{"start":{"line":458,"column":0},"end":{"line":458,"column":28}},"458":{"start":{"line":459,"column":0},"end":{"line":459,"column":12}},"459":{"start":{"line":460,"column":0},"end":{"line":460,"column":14}},"460":{"start":{"line":461,"column":0},"end":{"line":461,"column":90}},"461":{"start":{"line":462,"column":0},"end":{"line":462,"column":10}},"462":{"start":{"line":463,"column":0},"end":{"line":463,"column":9}},"463":{"start":{"line":464,"column":0},"end":{"line":464,"column":36}},"464":{"start":{"line":465,"column":0},"end":{"line":465,"column":21}},"465":{"start":{"line":466,"column":0},"end":{"line":466,"column":33}},"466":{"start":{"line":467,"column":0},"end":{"line":467,"column":26}},"467":{"start":{"line":468,"column":0},"end":{"line":468,"column":22}},"468":{"start":{"line":469,"column":0},"end":{"line":469,"column":56}},"469":{"start":{"line":470,"column":0},"end":{"line":470,"column":37}},"470":{"start":{"line":471,"column":0},"end":{"line":471,"column":14}},"471":{"start":{"line":472,"column":0},"end":{"line":472,"column":36}},"472":{"start":{"line":473,"column":0},"end":{"line":473,"column":28}},"473":{"start":{"line":474,"column":0},"end":{"line":474,"column":12}},"474":{"start":{"line":475,"column":0},"end":{"line":475,"column":18}},"475":{"start":{"line":476,"column":0},"end":{"line":476,"column":50}},"476":{"start":{"line":477,"column":0},"end":{"line":477,"column":12}},"477":{"start":{"line":478,"column":0},"end":{"line":478,"column":25}},"478":{"start":{"line":479,"column":0},"end":{"line":479,"column":41}},"479":{"start":{"line":480,"column":0},"end":{"line":480,"column":21}},"480":{"start":{"line":481,"column":0},"end":{"line":481,"column":28}},"481":{"start":{"line":482,"column":0},"end":{"line":482,"column":28}},"482":{"start":{"line":483,"column":0},"end":{"line":483,"column":28}},"483":{"start":{"line":484,"column":0},"end":{"line":484,"column":12}},"484":{"start":{"line":485,"column":0},"end":{"line":485,"column":14}},"485":{"start":{"line":486,"column":0},"end":{"line":486,"column":90}},"486":{"start":{"line":487,"column":0},"end":{"line":487,"column":10}},"487":{"start":{"line":488,"column":0},"end":{"line":488,"column":9}},"488":{"start":{"line":489,"column":0},"end":{"line":489,"column":36}},"489":{"start":{"line":490,"column":0},"end":{"line":490,"column":21}},"490":{"start":{"line":491,"column":0},"end":{"line":491,"column":33}},"491":{"start":{"line":492,"column":0},"end":{"line":492,"column":26}},"492":{"start":{"line":493,"column":0},"end":{"line":493,"column":22}},"493":{"start":{"line":494,"column":0},"end":{"line":494,"column":56}},"494":{"start":{"line":495,"column":0},"end":{"line":495,"column":37}},"495":{"start":{"line":496,"column":0},"end":{"line":496,"column":14}},"496":{"start":{"line":497,"column":0},"end":{"line":497,"column":36}},"497":{"start":{"line":498,"column":0},"end":{"line":498,"column":28}},"498":{"start":{"line":499,"column":0},"end":{"line":499,"column":12}},"499":{"start":{"line":500,"column":0},"end":{"line":500,"column":18}},"500":{"start":{"line":501,"column":0},"end":{"line":501,"column":50}},"501":{"start":{"line":502,"column":0},"end":{"line":502,"column":12}},"502":{"start":{"line":503,"column":0},"end":{"line":503,"column":25}},"503":{"start":{"line":504,"column":0},"end":{"line":504,"column":41}},"504":{"start":{"line":505,"column":0},"end":{"line":505,"column":21}},"505":{"start":{"line":506,"column":0},"end":{"line":506,"column":28}},"506":{"start":{"line":507,"column":0},"end":{"line":507,"column":28}},"507":{"start":{"line":508,"column":0},"end":{"line":508,"column":28}},"508":{"start":{"line":509,"column":0},"end":{"line":509,"column":12}},"509":{"start":{"line":510,"column":0},"end":{"line":510,"column":14}},"510":{"start":{"line":511,"column":0},"end":{"line":511,"column":90}},"511":{"start":{"line":512,"column":0},"end":{"line":512,"column":10}},"512":{"start":{"line":513,"column":0},"end":{"line":513,"column":9}},"513":{"start":{"line":514,"column":0},"end":{"line":514,"column":36}},"514":{"start":{"line":515,"column":0},"end":{"line":515,"column":21}},"515":{"start":{"line":516,"column":0},"end":{"line":516,"column":33}},"516":{"start":{"line":517,"column":0},"end":{"line":517,"column":26}},"517":{"start":{"line":518,"column":0},"end":{"line":518,"column":22}},"518":{"start":{"line":519,"column":0},"end":{"line":519,"column":56}},"519":{"start":{"line":520,"column":0},"end":{"line":520,"column":37}},"520":{"start":{"line":521,"column":0},"end":{"line":521,"column":14}},"521":{"start":{"line":522,"column":0},"end":{"line":522,"column":36}},"522":{"start":{"line":523,"column":0},"end":{"line":523,"column":28}},"523":{"start":{"line":524,"column":0},"end":{"line":524,"column":12}},"524":{"start":{"line":525,"column":0},"end":{"line":525,"column":18}},"525":{"start":{"line":526,"column":0},"end":{"line":526,"column":50}},"526":{"start":{"line":527,"column":0},"end":{"line":527,"column":12}},"527":{"start":{"line":528,"column":0},"end":{"line":528,"column":25}},"528":{"start":{"line":529,"column":0},"end":{"line":529,"column":41}},"529":{"start":{"line":530,"column":0},"end":{"line":530,"column":21}},"530":{"start":{"line":531,"column":0},"end":{"line":531,"column":28}},"531":{"start":{"line":532,"column":0},"end":{"line":532,"column":28}},"532":{"start":{"line":533,"column":0},"end":{"line":533,"column":28}},"533":{"start":{"line":534,"column":0},"end":{"line":534,"column":12}},"534":{"start":{"line":535,"column":0},"end":{"line":535,"column":14}},"535":{"start":{"line":536,"column":0},"end":{"line":536,"column":90}},"536":{"start":{"line":537,"column":0},"end":{"line":537,"column":10}},"537":{"start":{"line":538,"column":0},"end":{"line":538,"column":9}},"538":{"start":{"line":539,"column":0},"end":{"line":539,"column":36}},"539":{"start":{"line":540,"column":0},"end":{"line":540,"column":21}},"540":{"start":{"line":541,"column":0},"end":{"line":541,"column":33}},"541":{"start":{"line":542,"column":0},"end":{"line":542,"column":26}},"542":{"start":{"line":543,"column":0},"end":{"line":543,"column":22}},"543":{"start":{"line":544,"column":0},"end":{"line":544,"column":56}},"544":{"start":{"line":545,"column":0},"end":{"line":545,"column":37}},"545":{"start":{"line":546,"column":0},"end":{"line":546,"column":14}},"546":{"start":{"line":547,"column":0},"end":{"line":547,"column":36}},"547":{"start":{"line":548,"column":0},"end":{"line":548,"column":28}},"548":{"start":{"line":549,"column":0},"end":{"line":549,"column":12}},"549":{"start":{"line":550,"column":0},"end":{"line":550,"column":18}},"550":{"start":{"line":551,"column":0},"end":{"line":551,"column":50}},"551":{"start":{"line":552,"column":0},"end":{"line":552,"column":12}},"552":{"start":{"line":553,"column":0},"end":{"line":553,"column":25}},"553":{"start":{"line":554,"column":0},"end":{"line":554,"column":41}},"554":{"start":{"line":555,"column":0},"end":{"line":555,"column":21}},"555":{"start":{"line":556,"column":0},"end":{"line":556,"column":28}},"556":{"start":{"line":557,"column":0},"end":{"line":557,"column":28}},"557":{"start":{"line":558,"column":0},"end":{"line":558,"column":28}},"558":{"start":{"line":559,"column":0},"end":{"line":559,"column":12}},"559":{"start":{"line":560,"column":0},"end":{"line":560,"column":14}},"560":{"start":{"line":561,"column":0},"end":{"line":561,"column":90}},"561":{"start":{"line":562,"column":0},"end":{"line":562,"column":10}},"562":{"start":{"line":563,"column":0},"end":{"line":563,"column":9}},"563":{"start":{"line":564,"column":0},"end":{"line":564,"column":36}},"564":{"start":{"line":565,"column":0},"end":{"line":565,"column":21}},"565":{"start":{"line":566,"column":0},"end":{"line":566,"column":33}},"566":{"start":{"line":567,"column":0},"end":{"line":567,"column":26}},"567":{"start":{"line":568,"column":0},"end":{"line":568,"column":22}},"568":{"start":{"line":569,"column":0},"end":{"line":569,"column":56}},"569":{"start":{"line":570,"column":0},"end":{"line":570,"column":37}},"570":{"start":{"line":571,"column":0},"end":{"line":571,"column":14}},"571":{"start":{"line":572,"column":0},"end":{"line":572,"column":36}},"572":{"start":{"line":573,"column":0},"end":{"line":573,"column":28}},"573":{"start":{"line":574,"column":0},"end":{"line":574,"column":12}},"574":{"start":{"line":575,"column":0},"end":{"line":575,"column":18}},"575":{"start":{"line":576,"column":0},"end":{"line":576,"column":50}},"576":{"start":{"line":577,"column":0},"end":{"line":577,"column":12}},"577":{"start":{"line":578,"column":0},"end":{"line":578,"column":25}},"578":{"start":{"line":579,"column":0},"end":{"line":579,"column":41}},"579":{"start":{"line":580,"column":0},"end":{"line":580,"column":21}},"580":{"start":{"line":581,"column":0},"end":{"line":581,"column":28}},"581":{"start":{"line":582,"column":0},"end":{"line":582,"column":28}},"582":{"start":{"line":583,"column":0},"end":{"line":583,"column":28}},"583":{"start":{"line":584,"column":0},"end":{"line":584,"column":12}},"584":{"start":{"line":585,"column":0},"end":{"line":585,"column":14}},"585":{"start":{"line":586,"column":0},"end":{"line":586,"column":90}},"586":{"start":{"line":587,"column":0},"end":{"line":587,"column":10}},"587":{"start":{"line":588,"column":0},"end":{"line":588,"column":9}},"588":{"start":{"line":589,"column":0},"end":{"line":589,"column":36}},"589":{"start":{"line":590,"column":0},"end":{"line":590,"column":21}},"590":{"start":{"line":591,"column":0},"end":{"line":591,"column":33}},"591":{"start":{"line":592,"column":0},"end":{"line":592,"column":26}},"592":{"start":{"line":593,"column":0},"end":{"line":593,"column":22}},"593":{"start":{"line":594,"column":0},"end":{"line":594,"column":56}},"594":{"start":{"line":595,"column":0},"end":{"line":595,"column":37}},"595":{"start":{"line":596,"column":0},"end":{"line":596,"column":14}},"596":{"start":{"line":597,"column":0},"end":{"line":597,"column":36}},"597":{"start":{"line":598,"column":0},"end":{"line":598,"column":28}},"598":{"start":{"line":599,"column":0},"end":{"line":599,"column":12}},"599":{"start":{"line":600,"column":0},"end":{"line":600,"column":18}},"600":{"start":{"line":601,"column":0},"end":{"line":601,"column":50}},"601":{"start":{"line":602,"column":0},"end":{"line":602,"column":12}},"602":{"start":{"line":603,"column":0},"end":{"line":603,"column":25}},"603":{"start":{"line":604,"column":0},"end":{"line":604,"column":41}},"604":{"start":{"line":605,"column":0},"end":{"line":605,"column":21}},"605":{"start":{"line":606,"column":0},"end":{"line":606,"column":28}},"606":{"start":{"line":607,"column":0},"end":{"line":607,"column":28}},"607":{"start":{"line":608,"column":0},"end":{"line":608,"column":28}},"608":{"start":{"line":609,"column":0},"end":{"line":609,"column":12}},"609":{"start":{"line":610,"column":0},"end":{"line":610,"column":14}},"610":{"start":{"line":611,"column":0},"end":{"line":611,"column":90}},"611":{"start":{"line":612,"column":0},"end":{"line":612,"column":10}},"612":{"start":{"line":613,"column":0},"end":{"line":613,"column":9}},"613":{"start":{"line":614,"column":0},"end":{"line":614,"column":36}},"614":{"start":{"line":615,"column":0},"end":{"line":615,"column":21}},"615":{"start":{"line":616,"column":0},"end":{"line":616,"column":33}},"616":{"start":{"line":617,"column":0},"end":{"line":617,"column":26}},"617":{"start":{"line":618,"column":0},"end":{"line":618,"column":22}},"618":{"start":{"line":619,"column":0},"end":{"line":619,"column":56}},"619":{"start":{"line":620,"column":0},"end":{"line":620,"column":37}},"620":{"start":{"line":621,"column":0},"end":{"line":621,"column":14}},"621":{"start":{"line":622,"column":0},"end":{"line":622,"column":36}},"622":{"start":{"line":623,"column":0},"end":{"line":623,"column":28}},"623":{"start":{"line":624,"column":0},"end":{"line":624,"column":12}},"624":{"start":{"line":625,"column":0},"end":{"line":625,"column":18}},"625":{"start":{"line":626,"column":0},"end":{"line":626,"column":50}},"626":{"start":{"line":627,"column":0},"end":{"line":627,"column":12}},"627":{"start":{"line":628,"column":0},"end":{"line":628,"column":25}},"628":{"start":{"line":629,"column":0},"end":{"line":629,"column":41}},"629":{"start":{"line":630,"column":0},"end":{"line":630,"column":21}},"630":{"start":{"line":631,"column":0},"end":{"line":631,"column":28}},"631":{"start":{"line":632,"column":0},"end":{"line":632,"column":28}},"632":{"start":{"line":633,"column":0},"end":{"line":633,"column":28}},"633":{"start":{"line":634,"column":0},"end":{"line":634,"column":12}},"634":{"start":{"line":635,"column":0},"end":{"line":635,"column":14}},"635":{"start":{"line":636,"column":0},"end":{"line":636,"column":90}},"636":{"start":{"line":637,"column":0},"end":{"line":637,"column":10}},"637":{"start":{"line":638,"column":0},"end":{"line":638,"column":9}},"638":{"start":{"line":639,"column":0},"end":{"line":639,"column":36}},"639":{"start":{"line":640,"column":0},"end":{"line":640,"column":21}},"640":{"start":{"line":641,"column":0},"end":{"line":641,"column":33}},"641":{"start":{"line":642,"column":0},"end":{"line":642,"column":26}},"642":{"start":{"line":643,"column":0},"end":{"line":643,"column":22}},"643":{"start":{"line":644,"column":0},"end":{"line":644,"column":56}},"644":{"start":{"line":645,"column":0},"end":{"line":645,"column":37}},"645":{"start":{"line":646,"column":0},"end":{"line":646,"column":14}},"646":{"start":{"line":647,"column":0},"end":{"line":647,"column":36}},"647":{"start":{"line":648,"column":0},"end":{"line":648,"column":28}},"648":{"start":{"line":649,"column":0},"end":{"line":649,"column":12}},"649":{"start":{"line":650,"column":0},"end":{"line":650,"column":18}},"650":{"start":{"line":651,"column":0},"end":{"line":651,"column":50}},"651":{"start":{"line":652,"column":0},"end":{"line":652,"column":12}},"652":{"start":{"line":653,"column":0},"end":{"line":653,"column":25}},"653":{"start":{"line":654,"column":0},"end":{"line":654,"column":41}},"654":{"start":{"line":655,"column":0},"end":{"line":655,"column":21}},"655":{"start":{"line":656,"column":0},"end":{"line":656,"column":28}},"656":{"start":{"line":657,"column":0},"end":{"line":657,"column":28}},"657":{"start":{"line":658,"column":0},"end":{"line":658,"column":28}},"658":{"start":{"line":659,"column":0},"end":{"line":659,"column":12}},"659":{"start":{"line":660,"column":0},"end":{"line":660,"column":14}},"660":{"start":{"line":661,"column":0},"end":{"line":661,"column":90}},"661":{"start":{"line":662,"column":0},"end":{"line":662,"column":10}},"662":{"start":{"line":663,"column":0},"end":{"line":663,"column":8}},"663":{"start":{"line":664,"column":0},"end":{"line":664,"column":6}},"664":{"start":{"line":665,"column":0},"end":{"line":665,"column":24}},"665":{"start":{"line":666,"column":0},"end":{"line":666,"column":15}},"666":{"start":{"line":667,"column":0},"end":{"line":667,"column":13}},"667":{"start":{"line":668,"column":0},"end":{"line":668,"column":9}},"668":{"start":{"line":669,"column":0},"end":{"line":669,"column":29}},"669":{"start":{"line":670,"column":0},"end":{"line":670,"column":21}},"670":{"start":{"line":671,"column":0},"end":{"line":671,"column":47}},"671":{"start":{"line":672,"column":0},"end":{"line":672,"column":40}},"672":{"start":{"line":673,"column":0},"end":{"line":673,"column":36}},"673":{"start":{"line":674,"column":0},"end":{"line":674,"column":31}},"674":{"start":{"line":675,"column":0},"end":{"line":675,"column":12}},"675":{"start":{"line":676,"column":0},"end":{"line":676,"column":18}},"676":{"start":{"line":677,"column":0},"end":{"line":677,"column":53}},"677":{"start":{"line":678,"column":0},"end":{"line":678,"column":12}},"678":{"start":{"line":679,"column":0},"end":{"line":679,"column":23}},"679":{"start":{"line":680,"column":0},"end":{"line":680,"column":21}},"680":{"start":{"line":681,"column":0},"end":{"line":681,"column":28}},"681":{"start":{"line":682,"column":0},"end":{"line":682,"column":28}},"682":{"start":{"line":683,"column":0},"end":{"line":683,"column":28}},"683":{"start":{"line":684,"column":0},"end":{"line":684,"column":12}},"684":{"start":{"line":685,"column":0},"end":{"line":685,"column":14}},"685":{"start":{"line":686,"column":0},"end":{"line":686,"column":96}},"686":{"start":{"line":687,"column":0},"end":{"line":687,"column":10}},"687":{"start":{"line":688,"column":0},"end":{"line":688,"column":8}},"688":{"start":{"line":689,"column":0},"end":{"line":689,"column":6}},"689":{"start":{"line":690,"column":0},"end":{"line":690,"column":22}},"690":{"start":{"line":691,"column":0},"end":{"line":691,"column":15}},"691":{"start":{"line":692,"column":0},"end":{"line":692,"column":13}},"692":{"start":{"line":693,"column":0},"end":{"line":693,"column":9}},"693":{"start":{"line":694,"column":0},"end":{"line":694,"column":36}},"694":{"start":{"line":695,"column":0},"end":{"line":695,"column":21}},"695":{"start":{"line":696,"column":0},"end":{"line":696,"column":35}},"696":{"start":{"line":697,"column":0},"end":{"line":697,"column":28}},"697":{"start":{"line":698,"column":0},"end":{"line":698,"column":22}},"698":{"start":{"line":699,"column":0},"end":{"line":699,"column":48}},"699":{"start":{"line":700,"column":0},"end":{"line":700,"column":34}},"700":{"start":{"line":701,"column":0},"end":{"line":701,"column":14}},"701":{"start":{"line":702,"column":0},"end":{"line":702,"column":36}},"702":{"start":{"line":703,"column":0},"end":{"line":703,"column":28}},"703":{"start":{"line":704,"column":0},"end":{"line":704,"column":12}},"704":{"start":{"line":705,"column":0},"end":{"line":705,"column":18}},"705":{"start":{"line":706,"column":0},"end":{"line":706,"column":51}},"706":{"start":{"line":707,"column":0},"end":{"line":707,"column":12}},"707":{"start":{"line":708,"column":0},"end":{"line":708,"column":24}},"708":{"start":{"line":709,"column":0},"end":{"line":709,"column":21}},"709":{"start":{"line":710,"column":0},"end":{"line":710,"column":28}},"710":{"start":{"line":711,"column":0},"end":{"line":711,"column":28}},"711":{"start":{"line":712,"column":0},"end":{"line":712,"column":28}},"712":{"start":{"line":713,"column":0},"end":{"line":713,"column":12}},"713":{"start":{"line":714,"column":0},"end":{"line":714,"column":14}},"714":{"start":{"line":715,"column":0},"end":{"line":715,"column":84}},"715":{"start":{"line":716,"column":0},"end":{"line":716,"column":10}},"716":{"start":{"line":717,"column":0},"end":{"line":717,"column":9}},"717":{"start":{"line":718,"column":0},"end":{"line":718,"column":36}},"718":{"start":{"line":719,"column":0},"end":{"line":719,"column":21}},"719":{"start":{"line":720,"column":0},"end":{"line":720,"column":35}},"720":{"start":{"line":721,"column":0},"end":{"line":721,"column":28}},"721":{"start":{"line":722,"column":0},"end":{"line":722,"column":22}},"722":{"start":{"line":723,"column":0},"end":{"line":723,"column":48}},"723":{"start":{"line":724,"column":0},"end":{"line":724,"column":34}},"724":{"start":{"line":725,"column":0},"end":{"line":725,"column":14}},"725":{"start":{"line":726,"column":0},"end":{"line":726,"column":36}},"726":{"start":{"line":727,"column":0},"end":{"line":727,"column":28}},"727":{"start":{"line":728,"column":0},"end":{"line":728,"column":12}},"728":{"start":{"line":729,"column":0},"end":{"line":729,"column":18}},"729":{"start":{"line":730,"column":0},"end":{"line":730,"column":51}},"730":{"start":{"line":731,"column":0},"end":{"line":731,"column":12}},"731":{"start":{"line":732,"column":0},"end":{"line":732,"column":24}},"732":{"start":{"line":733,"column":0},"end":{"line":733,"column":21}},"733":{"start":{"line":734,"column":0},"end":{"line":734,"column":28}},"734":{"start":{"line":735,"column":0},"end":{"line":735,"column":28}},"735":{"start":{"line":736,"column":0},"end":{"line":736,"column":28}},"736":{"start":{"line":737,"column":0},"end":{"line":737,"column":12}},"737":{"start":{"line":738,"column":0},"end":{"line":738,"column":14}},"738":{"start":{"line":739,"column":0},"end":{"line":739,"column":84}},"739":{"start":{"line":740,"column":0},"end":{"line":740,"column":10}},"740":{"start":{"line":741,"column":0},"end":{"line":741,"column":8}},"741":{"start":{"line":742,"column":0},"end":{"line":742,"column":6}},"742":{"start":{"line":743,"column":0},"end":{"line":743,"column":23}},"743":{"start":{"line":744,"column":0},"end":{"line":744,"column":15}},"744":{"start":{"line":745,"column":0},"end":{"line":745,"column":13}},"745":{"start":{"line":746,"column":0},"end":{"line":746,"column":9}},"746":{"start":{"line":747,"column":0},"end":{"line":747,"column":29}},"747":{"start":{"line":748,"column":0},"end":{"line":748,"column":21}},"748":{"start":{"line":749,"column":0},"end":{"line":749,"column":46}},"749":{"start":{"line":750,"column":0},"end":{"line":750,"column":39}},"750":{"start":{"line":751,"column":0},"end":{"line":751,"column":22}},"751":{"start":{"line":752,"column":0},"end":{"line":752,"column":58}},"752":{"start":{"line":753,"column":0},"end":{"line":753,"column":44}},"753":{"start":{"line":754,"column":0},"end":{"line":754,"column":14}},"754":{"start":{"line":755,"column":0},"end":{"line":755,"column":40}},"755":{"start":{"line":756,"column":0},"end":{"line":756,"column":28}},"756":{"start":{"line":757,"column":0},"end":{"line":757,"column":12}},"757":{"start":{"line":758,"column":0},"end":{"line":758,"column":18}},"758":{"start":{"line":759,"column":0},"end":{"line":759,"column":52}},"759":{"start":{"line":760,"column":0},"end":{"line":760,"column":12}},"760":{"start":{"line":761,"column":0},"end":{"line":761,"column":27}},"761":{"start":{"line":762,"column":0},"end":{"line":762,"column":21}},"762":{"start":{"line":763,"column":0},"end":{"line":763,"column":28}},"763":{"start":{"line":764,"column":0},"end":{"line":764,"column":28}},"764":{"start":{"line":765,"column":0},"end":{"line":765,"column":28}},"765":{"start":{"line":766,"column":0},"end":{"line":766,"column":12}},"766":{"start":{"line":767,"column":0},"end":{"line":767,"column":14}},"767":{"start":{"line":768,"column":0},"end":{"line":768,"column":94}},"768":{"start":{"line":769,"column":0},"end":{"line":769,"column":10}},"769":{"start":{"line":770,"column":0},"end":{"line":770,"column":9}},"770":{"start":{"line":771,"column":0},"end":{"line":771,"column":29}},"771":{"start":{"line":772,"column":0},"end":{"line":772,"column":21}},"772":{"start":{"line":773,"column":0},"end":{"line":773,"column":46}},"773":{"start":{"line":774,"column":0},"end":{"line":774,"column":39}},"774":{"start":{"line":775,"column":0},"end":{"line":775,"column":22}},"775":{"start":{"line":776,"column":0},"end":{"line":776,"column":58}},"776":{"start":{"line":777,"column":0},"end":{"line":777,"column":44}},"777":{"start":{"line":778,"column":0},"end":{"line":778,"column":14}},"778":{"start":{"line":779,"column":0},"end":{"line":779,"column":40}},"779":{"start":{"line":780,"column":0},"end":{"line":780,"column":28}},"780":{"start":{"line":781,"column":0},"end":{"line":781,"column":12}},"781":{"start":{"line":782,"column":0},"end":{"line":782,"column":18}},"782":{"start":{"line":783,"column":0},"end":{"line":783,"column":52}},"783":{"start":{"line":784,"column":0},"end":{"line":784,"column":12}},"784":{"start":{"line":785,"column":0},"end":{"line":785,"column":27}},"785":{"start":{"line":786,"column":0},"end":{"line":786,"column":21}},"786":{"start":{"line":787,"column":0},"end":{"line":787,"column":28}},"787":{"start":{"line":788,"column":0},"end":{"line":788,"column":28}},"788":{"start":{"line":789,"column":0},"end":{"line":789,"column":28}},"789":{"start":{"line":790,"column":0},"end":{"line":790,"column":12}},"790":{"start":{"line":791,"column":0},"end":{"line":791,"column":14}},"791":{"start":{"line":792,"column":0},"end":{"line":792,"column":94}},"792":{"start":{"line":793,"column":0},"end":{"line":793,"column":10}},"793":{"start":{"line":794,"column":0},"end":{"line":794,"column":9}},"794":{"start":{"line":795,"column":0},"end":{"line":795,"column":29}},"795":{"start":{"line":796,"column":0},"end":{"line":796,"column":21}},"796":{"start":{"line":797,"column":0},"end":{"line":797,"column":46}},"797":{"start":{"line":798,"column":0},"end":{"line":798,"column":39}},"798":{"start":{"line":799,"column":0},"end":{"line":799,"column":22}},"799":{"start":{"line":800,"column":0},"end":{"line":800,"column":58}},"800":{"start":{"line":801,"column":0},"end":{"line":801,"column":44}},"801":{"start":{"line":802,"column":0},"end":{"line":802,"column":14}},"802":{"start":{"line":803,"column":0},"end":{"line":803,"column":40}},"803":{"start":{"line":804,"column":0},"end":{"line":804,"column":28}},"804":{"start":{"line":805,"column":0},"end":{"line":805,"column":12}},"805":{"start":{"line":806,"column":0},"end":{"line":806,"column":18}},"806":{"start":{"line":807,"column":0},"end":{"line":807,"column":52}},"807":{"start":{"line":808,"column":0},"end":{"line":808,"column":12}},"808":{"start":{"line":809,"column":0},"end":{"line":809,"column":27}},"809":{"start":{"line":810,"column":0},"end":{"line":810,"column":21}},"810":{"start":{"line":811,"column":0},"end":{"line":811,"column":28}},"811":{"start":{"line":812,"column":0},"end":{"line":812,"column":28}},"812":{"start":{"line":813,"column":0},"end":{"line":813,"column":28}},"813":{"start":{"line":814,"column":0},"end":{"line":814,"column":12}},"814":{"start":{"line":815,"column":0},"end":{"line":815,"column":14}},"815":{"start":{"line":816,"column":0},"end":{"line":816,"column":94}},"816":{"start":{"line":817,"column":0},"end":{"line":817,"column":10}},"817":{"start":{"line":818,"column":0},"end":{"line":818,"column":9}},"818":{"start":{"line":819,"column":0},"end":{"line":819,"column":29}},"819":{"start":{"line":820,"column":0},"end":{"line":820,"column":21}},"820":{"start":{"line":821,"column":0},"end":{"line":821,"column":46}},"821":{"start":{"line":822,"column":0},"end":{"line":822,"column":39}},"822":{"start":{"line":823,"column":0},"end":{"line":823,"column":22}},"823":{"start":{"line":824,"column":0},"end":{"line":824,"column":58}},"824":{"start":{"line":825,"column":0},"end":{"line":825,"column":44}},"825":{"start":{"line":826,"column":0},"end":{"line":826,"column":14}},"826":{"start":{"line":827,"column":0},"end":{"line":827,"column":40}},"827":{"start":{"line":828,"column":0},"end":{"line":828,"column":28}},"828":{"start":{"line":829,"column":0},"end":{"line":829,"column":12}},"829":{"start":{"line":830,"column":0},"end":{"line":830,"column":18}},"830":{"start":{"line":831,"column":0},"end":{"line":831,"column":52}},"831":{"start":{"line":832,"column":0},"end":{"line":832,"column":12}},"832":{"start":{"line":833,"column":0},"end":{"line":833,"column":27}},"833":{"start":{"line":834,"column":0},"end":{"line":834,"column":21}},"834":{"start":{"line":835,"column":0},"end":{"line":835,"column":28}},"835":{"start":{"line":836,"column":0},"end":{"line":836,"column":28}},"836":{"start":{"line":837,"column":0},"end":{"line":837,"column":28}},"837":{"start":{"line":838,"column":0},"end":{"line":838,"column":12}},"838":{"start":{"line":839,"column":0},"end":{"line":839,"column":14}},"839":{"start":{"line":840,"column":0},"end":{"line":840,"column":94}},"840":{"start":{"line":841,"column":0},"end":{"line":841,"column":10}},"841":{"start":{"line":842,"column":0},"end":{"line":842,"column":8}},"842":{"start":{"line":843,"column":0},"end":{"line":843,"column":6}},"843":{"start":{"line":844,"column":0},"end":{"line":844,"column":4}},"844":{"start":{"line":845,"column":0},"end":{"line":845,"column":2}},"845":{"start":{"line":846,"column":0},"end":{"line":846,"column":0}},"846":{"start":{"line":847,"column":0},"end":{"line":847,"column":57}},"847":{"start":{"line":848,"column":0},"end":{"line":848,"column":3}},"848":{"start":{"line":849,"column":0},"end":{"line":849,"column":13}},"849":{"start":{"line":850,"column":0},"end":{"line":850,"column":11}},"850":{"start":{"line":851,"column":0},"end":{"line":851,"column":7}},"851":{"start":{"line":852,"column":0},"end":{"line":852,"column":34}},"852":{"start":{"line":853,"column":0},"end":{"line":853,"column":19}},"853":{"start":{"line":854,"co
[...]
:{"line":183,"column":24}},"183":{"start":{"line":184,"column":0},"end":{"line":184,"column":23}},"184":{"start":{"line":185,"column":0},"end":{"line":185,"column":20}},"185":{"start":{"line":186,"column":0},"end":{"line":186,"column":34}},"186":{"start":{"line":187,"column":0},"end":{"line":187,"column":22}},"187":{"start":{"line":188,"column":0},"end":{"line":188,"column":53}},"188":{"start":{"line":189,"column":0},"end":{"line":189,"column":53}},"189":{"start":{"line":190,"column":0},"end":{"line":190,"column":23}},"190":{"start":{"line":191,"column":0},"end":{"line":191,"column":20}},"191":{"start":{"line":192,"column":0},"end":{"line":192,"column":27}},"192":{"start":{"line":193,"column":0},"end":{"line":193,"column":49}},"193":{"start":{"line":194,"column":0},"end":{"line":194,"column":50}},"194":{"start":{"line":195,"column":0},"end":{"line":195,"column":45}},"195":{"start":{"line":196,"column":0},"end":{"line":196,"column":55}},"196":{"start":{"line":197,"column":0},"end":{"line":197,"column":19}},"197":{"start":{"line":198,"column":0},"end":{"line":198,"column":57}},"198":{"start":{"line":199,"column":0},"end":{"line":199,"column":29}},"199":{"start":{"line":200,"column":0},"end":{"line":200,"column":56}},"200":{"start":{"line":201,"column":0},"end":{"line":201,"column":51}},"201":{"start":{"line":202,"column":0},"end":{"line":202,"column":56}},"202":{"start":{"line":203,"column":0},"end":{"line":203,"column":24}},"203":{"start":{"line":204,"column":0},"end":{"line":204,"column":80}},"204":{"start":{"line":205,"column":0},"end":{"line":205,"column":64}},"205":{"start":{"line":206,"column":0},"end":{"line":206,"column":42}},"206":{"start":{"line":207,"column":0},"end":{"line":207,"column":80}},"207":{"start":{"line":208,"column":0},"end":{"line":208,"column":30}},"208":{"start":{"line":209,"column":0},"end":{"line":209,"column":37}},"209":{"start":{"line":210,"column":0},"end":{"line":210,"column":30}},"210":{"start":{"line":211,"column":0},"end":{"line":211,"column":99}},"211":{"start":{"line":212,"column":0},"end":{"line":212,"column":35}},"212":{"start":{"line":213,"column":0},"end":{"line":213,"column":38}},"213":{"start":{"line":214,"column":0},"end":{"line":214,"column":85}},"214":{"start":{"line":215,"column":0},"end":{"line":215,"column":29}},"215":{"start":{"line":216,"column":0},"end":{"line":216,"column":27}},"216":{"start":{"line":217,"column":0},"end":{"line":217,"column":48}},"217":{"start":{"line":218,"column":0},"end":{"line":218,"column":58}},"218":{"start":{"line":219,"column":0},"end":{"line":219,"column":33}},"219":{"start":{"line":220,"column":0},"end":{"line":220,"column":48}},"220":{"start":{"line":221,"column":0},"end":{"line":221,"column":30}},"221":{"start":{"line":222,"column":0},"end":{"line":222,"column":37}},"222":{"start":{"line":223,"column":0},"end":{"line":223,"column":30}},"223":{"start":{"line":224,"column":0},"end":{"line":224,"column":99}},"224":{"start":{"line":225,"column":0},"end":{"line":225,"column":35}},"225":{"start":{"line":226,"column":0},"end":{"line":226,"column":38}},"226":{"start":{"line":227,"column":0},"end":{"line":227,"column":77}},"227":{"start":{"line":228,"column":0},"end":{"line":228,"column":29}},"228":{"start":{"line":229,"column":0},"end":{"line":229,"column":27}},"229":{"start":{"line":230,"column":0},"end":{"line":230,"column":42}},"230":{"start":{"line":231,"column":0},"end":{"line":231,"column":37}},"231":{"start":{"line":232,"column":0},"end":{"line":232,"column":30}},"232":{"start":{"line":233,"column":0},"end":{"line":233,"column":75}},"233":{"start":{"line":234,"column":0},"end":{"line":234,"column":35}},"234":{"start":{"line":235,"column":0},"end":{"line":235,"column":38}},"235":{"start":{"line":236,"column":0},"end":{"line":236,"column":84}},"236":{"start":{"line":237,"column":0},"end":{"line":237,"column":29}},"237":{"start":{"line":238,"column":0},"end":{"line":238,"column":27}},"238":{"start":{"line":239,"column":0},"end":{"line":239,"column":45}},"239":{"start":{"line":240,"column":0},"end":{"line":240,"column":37}},"240":{"start":{"line":241,"column":0},"end":{"line":241,"column":30}},"241":{"start":{"line":242,"column":0},"end":{"line":242,"column":25}},"242":{"start":{"line":243,"column":0},"end":{"line":243,"column":22}},"243":{"start":{"line":244,"column":0},"end":{"line":244,"column":24}},"244":{"start":{"line":245,"column":0},"end":{"line":245,"column":57}},"245":{"start":{"line":246,"column":0},"end":{"line":246,"column":55}},"246":{"start":{"line":247,"column":0},"end":{"line":247,"column":56}},"247":{"start":{"line":248,"column":0},"end":{"line":248,"column":64}},"248":{"start":{"line":249,"column":0},"end":{"line":249,"column":65}},"249":{"start":{"line":250,"column":0},"end":{"line":250,"column":33}},"250":{"start":{"line":251,"column":0},"end":{"line":251,"column":22}},"251":{"start":{"line":252,"column":0},"end":{"line":252,"column":55}},"252":{"start":{"line":253,"column":0},"end":{"line":253,"column":24}},"253":{"start":{"line":254,"column":0},"end":{"line":254,"column":92}},"254":{"start":{"line":255,"column":0},"end":{"line":255,"column":33}},"255":{"start":{"line":256,"column":0},"end":{"line":256,"column":55}},"256":{"start":{"line":257,"column":0},"end":{"line":257,"column":56}},"257":{"start":{"line":258,"column":0},"end":{"line":258,"column":51}},"258":{"start":{"line":259,"column":0},"end":{"line":259,"column":61}},"259":{"start":{"line":260,"column":0},"end":{"line":260,"column":25}},"260":{"start":{"line":261,"column":0},"end":{"line":261,"column":58}},"261":{"start":{"line":262,"column":0},"end":{"line":262,"column":35}},"262":{"start":{"line":263,"column":0},"end":{"line":263,"column":33}},"263":{"start":{"line":264,"column":0},"end":{"line":264,"column":55}},"264":{"start":{"line":265,"column":0},"end":{"line":265,"column":59}},"265":{"start":{"line":266,"column":0},"end":{"line":266,"column":51}},"266":{"start":{"line":267,"column":0},"end":{"line":267,"column":61}},"267":{"start":{"line":268,"column":0},"end":{"line":268,"column":25}},"268":{"start":{"line":269,"column":0},"end":{"line":269,"column":64}},"269":{"start":{"line":270,"column":0},"end":{"line":270,"column":35}},"270":{"start":{"line":271,"column":0},"end":{"line":271,"column":52}},"271":{"start":{"line":272,"column":0},"end":{"line":272,"column":25}},"272":{"start":{"line":273,"column":0},"end":{"line":273,"column":22}},"273":{"start":{"line":274,"column":0},"end":{"line":274,"column":24}},"274":{"start":{"line":275,"column":0},"end":{"line":275,"column":22}},"275":{"start":{"line":276,"column":0},"end":{"line":276,"column":20}},"276":{"start":{"line":277,"column":0},"end":{"line":277,"column":18}},"277":{"start":{"line":278,"column":0},"end":{"line":278,"column":16}},"278":{"start":{"line":279,"column":0},"end":{"line":279,"column":14}},"279":{"start":{"line":280,"column":0},"end":{"line":280,"column":12}},"280":{"start":{"line":281,"column":0},"end":{"line":281,"column":7}},"281":{"start":{"line":282,"column":0},"end":{"line":282,"column":4}},"282":{"start":{"line":283,"column":0},"end":{"line":283,"column":1}}},"s":{"0":1,"1":1,"2":1,"3":1,"4":1,"5":1,"6":1,"7":1,"8":1,"9":1,"10":1,"11":1,"12":1,"13":1,"14":1,"15":1,"16":1,"17":1,"18":1,"19":1,"20":1,"21":1,"22":1,"23":1,"24":1,"25":1,"26":1,"27":1,"28":1,"29":1,"30":1,"31":1,"32":1,"33":1,"34":1,"35":1,"36":1,"37":1,"38":1,"39":1,"40":1,"41":1,"42":1,"43":1,"44":1,"45":1,"46":1,"47":1,"48":1,"49":1,"50":1,"51":1,"52":1,"53":1,"54":7,"55":7,"56":7,"57":7,"58":7,"59":7,"60":7,"61":7,"62":7,"63":7,"64":7,"65":7,"66":7,"67":7,"68":7,"69":7,"70":7,"71":7,"72":7,"73":7,"74":7,"75":7,"76":7,"77":7,"78":7,"79":7,"80":7,"81":7,"82":7,"83":7,"84":7,"85":7,"86":7,"87":7,"88":7,"89":1,"90":1,"91":7,"92":7,"93":7,"94":7,"95":7,"96":7,"97":7,"98":7,"99":7,"100":7,"101":7,"102":7,"103":7,"104":7,"105":7,"106":7,"107":7,"108":7,"109":7,"110":7,"111":7,"112":7,"113":7,"114":7,"115":7,"116":3,"117":4,"118":7,"119":7,"120":7,"121":7,"122":7,"123":7,"124":7,"125":7,"126":7,"127":7,"128":7,"129":7,"130":7,"131":7,"132":7,"133":7,"134":7,"135":7,"136":7,"137":7,"138":7,"139":7,"140":7,"141":7,"142":7,"143":7,"144":7,"145":1,"146":7,"147":7,"148":5,"149":5,"150":5,"151":5,"152":5,"153":5,"154":5,"155":5,"156":5,"157":5,"158":5,"159":5,"160":5,"161":7,"162":7,"163":7,"164":1,"165":1,"166":1,"167":1,"168":1,"169":1,"170":7,"171":7,"172":5,"173":5,"174":5,"175":5,"176":5,"177":5,"178":5,"179":5,"180":5,"181":5,"182":5,"183":5,"184":7,"185":7,"186":6,"187":6,"188":6,"189":6,"190":7,"191":7,"192":7,"193":7,"194":7,"195":7,"196":7,"197":7,"198":7,"199":7,"200":7,"201":7,"202":5,"203":5,"204":5,"205":5,"206":5,"207":5,"208":5,"209":5,"210":5,"211":5,"212":5,"213":5,"214":5,"215":5,"216":5,"217":1,"218":4,"219":4,"220":5,"221":5,"222":5,"223":5,"224":5,"225":5,"226":5,"227":5,"228":5,"229":5,"230":5,"231":5,"232":5,"233":5,"234":5,"235":5,"236":5,"237":5,"238":5,"239":5,"240":5,"241":5,"242":7,"243":7,"244":7,"245":7,"246":7,"247":5,"248":5,"249":5,"250":7,"251":7,"252":1,"253":1,"254":1,"255":1,"256":1,"257":1,"258":1,"259":1,"260":1,"261":1,"262":1,"263":1,"264":1,"265":1,"266":1,"267":1,"268":1,"269":1,"270":1,"271":1,"272":7,"273":7,"274":7,"275":7,"276":7,"277":7,"278":7,"279":7,"280":7,"281":7,"282":7},"branchMap":{"0":{"type":"branch","line":30,"loc":{"start":{"line":30,"column":21},"end":{"line":30,"column":77}},"locations":[{"start":{"line":30,"column":21},"end":{"line":30,"column":77}}]},"1":{"type":"branch","line":31,"loc":{"start":{"line":31,"column":20},"end":{"line":31,"column":74}},"locations":[{"start":{"line":31,"column":20},"end":{"line":31,"column":74}}]},"2":{"type":"branch","line":32,"loc":{"start":{"line":32,"column":22},"end":{"line":32,"column":80}},"locations":[{"start":{"line":32,"column":22},"end":{"line":32,"column":80}}]},"3":{"type":"branch","line":33,"loc":{"start":{"line":33,"column":27},"end":{"line":34,"column":71}},"locations":[{"start":{"line":33,"column":27},"end":{"line":34,"column":71}}]},"4":{"type":"branch","line":36,"loc":{"start":{"line":36,"column":24},"end":{"line":37,"column":58}},"locations":[{"start":{"line":36,"column":24},"end":{"line":37,"column":58}}]},"5":{"type":"branch","line":39,"loc":{"start":{"line":39,"column":28},"end":{"line":40,"column":52}},"locations":[{"start":{"line":39,"column":28},"end":{"line":40,"column":52}}]},"6":{"type":"branch","line":42,"loc":{"start":{"line":42,"column":38},"end":{"line":43,"column":62}},"locations":[{"start":{"line":42,"column":38},"end":{"line":43,"column":62}}]},"7":{"type":"branch","line":45,"loc":{"start":{"line":45,"column":27},"end":{"line":46,"column":51}},"locations":[{"start":{"line":45,"column":27},"end":{"line":46,"column":51}}]},"8":{"type":"branch","line":48,"loc":{"start":{"line":48,"column":25},"end":{"line":49,"column":49}},"locations":[{"start":{"line":48,"column":25},"end":{"line":49,"column":49}}]},"9":{"type":"branch","line":51,"loc":{"start":{"line":51,"column":24},"end":{"line":52,"column":48}},"locations":[{"start":{"line":51,"column":24},"end":{"line":52,"column":48}}]},"10":{"type":"branch","line":55,"loc":{"start":{"line":55,"column":0},"end":{"line":283,"column":1}},"locations":[{"start":{"line":55,"column":0},"end":{"line":283,"column":1}}]},"11":{"type":"branch","line":116,"loc":{"start":{"line":116,"column":45},"end":{"line":117,"column":48}},"locations":[{"start":{"line":116,"column":45},"end":{"line":117,"column":48}}]},"12":{"type":"branch","line":117,"loc":{"start":{"line":117,"column":16},"end":{"line":118,"column":18}},"locations":[{"start":{"line":117,"column":16},"end":{"line":118,"column":18}}]},"13":{"type":"branch","line":145,"loc":{"start":{"line":145,"column":21},"end":{"line":146,"column":69}},"locations":[{"start":{"line":145,"column":21},"end":{"line":146,"column":69}}]},"14":{"type":"branch","line":148,"loc":{"start":{"line":148,"column":22},"end":{"line":148,"column":56}},"locations":[{"start":{"line":148,"column":22},"end":{"line":148,"column":56}}]},"15":{"type":"branch","line":148,"loc":{"start":{"line":148,"column":36},"end":{"line":161,"column":25}},"locations":[{"start":{"line":148,"column":36},"end":{"line":161,"column":25}}]},"16":{"type":"branch","line":164,"loc":{"start":{"line":164,"column":19},"end":{"line":170,"column":23}},"locations":[{"start":{"line":164,"column":19},"end":{"line":170,"column":23}}]},"17":{"type":"branch","line":172,"loc":{"start":{"line":172,"column":20},"end":{"line":172,"column":54}},"locations":[{"start":{"line":172,"column":20},"end":{"line":172,"column":54}}]},"18":{"type":"branch","line":172,"loc":{"start":{"line":172,"column":34},"end":{"line":184,"column":23}},"locations":[{"start":{"line":172,"column":34},"end":{"line":184,"column":23}}]},"19":{"type":"branch","line":186,"loc":{"start":{"line":186,"column":20},"end":{"line":190,"column":23}},"locations":[{"start":{"line":186,"column":20},"end":{"line":190,"column":23}}]},"20":{"type":"branch","line":201,"loc":{"start":{"line":201,"column":21},"end":{"line":201,"column":51}},"locations":[{"start":{"line":201,"column":21},"end":{"line":201,"column":51}}]},"21":{"type":"branch","line":202,"loc":{"start":{"line":202,"column":22},"end":{"line":202,"column":56}},"locations":[{"start":{"line":202,"column":22},"end":{"line":202,"column":56}}]},"22":{"type":"branch","line":202,"loc":{"start":{"line":202,"column":36},"end":{"line":242,"column":25}},"locations":[{"start":{"line":202,"column":36},"end":{"line":242,"column":25}}]},"23":{"type":"branch","line":217,"loc":{"start":{"line":217,"column":34},"end":{"line":218,"column":58}},"locations":[{"start":{"line":217,"column":34},"end":{"line":218,"column":58}}]},"24":{"type":"branch","line":218,"loc":{"start":{"line":218,"column":56},"end":{"line":220,"column":48}},"locations":[{"start":{"line":218,"column":56},"end":{"line":220,"column":48}}]},"25":{"type":"branch","line":246,"loc":{"start":{"line":246,"column":21},"end":{"line":246,"column":55}},"locations":[{"start":{"line":246,"column":21},"end":{"line":246,"column":55}}]},"26":{"type":"branch","line":247,"loc":{"start":{"line":247,"column":22},"end":{"line":247,"column":56}},"locations":[{"start":{"line":247,"column":22},"end":{"line":247,"column":56}}]},"27":{"type":"branch","line":247,"loc":{"start":{"line":247,"column":36},"end":{"line":250,"column":33}},"locations":[{"start":{"line":247,"column":36},"end":{"line":250,"column":33}}]},"28":{"type":"branch","line":252,"loc":{"start":{"line":252,"column":22},"end":{"line":252,"column":55}},"locations":[{"start":{"line":252,"column":22},"end":{"line":252,"column":55}}]},"29":{"type":"branch","line":252,"loc":{"start":{"line":252,"column":35},"end":{"line":272,"column":25}},"locations":[{"start":{"line":252,"column":35},"end":{"line":272,"column":25}}]},"30":{"type":"branch","line":66,"loc":{"start":{"line":66,"column":12},"end":{"line":68,"column":5}},"locations":[{"start":{"line":66,"column":12},"end":{"line":68,"column":5}}]},"31":{"type":"branch","line":70,"loc":{"start":{"line":70,"column":12},"end":{"line":74,"column":5}},"locations":[{"start":{"line":70,"column":12},"end":{"line":74,"column":5}}]},"32":{"type":"branch","line":89,"loc":{"start":{"line":89,"column":2},"end":{"line":91,"column":3}},"locations":[{"start":{"line":89,"column":2},"end":{"line":91,"column":3}}]}},"b":{"0":[1],"1":[1],"2":[1],"3":[1],"4":[1],"5":[1],"6":[1],"7":[1],"8":[1],"9":[1],"10":[7],"11":[3],"12":[4],"13":[1],"14":[6],"15":[5],"16":[1],"17":[6],"18":[5],"19":[6],"20":[1],"21":[6],"22":[5],"23":[1],"24":[4],"25":[1],"26":[6],"27":[5],"28":[6],"29":[1],"30":[7],"31":[7],"32":[1]},"fnMap":{"0":{"name":"Layout","decl":{"start":{"line":55,"column":0},"end":{"line":283,"column":1}},"loc":{"start":{"line":55,"column":0},"end":{"line":283,"column":1}},"line":55},"1":{"name":"scrollToComponent","decl":{"start":{"line":89,"column":2},"end":{"line":91,"column":3}},"loc":{"start":{"line":89,"column":2},"end":{"line":91,"column":3}},"line":89}},"f":{"0":7,"1":1}}
,"/home/jlarique/code/manager/packages/manager/apps/hub/src/routes/routes.constant.ts": {"path":"/home/jlarique/code/manager/packages/manager/apps/hub/src/routes/routes.constant.ts","all":true,"statementMap":{"0":{"start":{"line":1,"column":0},"end":{"line":1,"column":21}},"1":{"start":{"line":2,"column":0},"end":{"line":2,"column":12}},"2":{"start":{"line":3,"column":0},"end":{"line":3,"column":28}},"3":{"start":{"line":4,"column":0},"end":{"line":4,"column":15}},"4":{"start":{"line":5,"column":0},"end":{"line":5,"column":29}},"5":{"start":{"line":6,"column":0},"end":{"line":6,"column":15}},"6":{"start":{"line":7,"column":0},"end":{"line":7,"column":2}}},"s":{"0":0,"1":0,"2":0,"3":0,"4":0,"5":0,"6":0},"branchMap":{"0":{"type":"branch","line":1,"loc":{"start":{"line":1,"column":0},"end":{"line":7,"column":2}},"locations":[{"start":{"line":1,"column":0},"end":{"line":7,"column":2}}]}},"b":{"0":[0]},"fnMap":{"0":{"name":"(empty-report)","decl":{"start":{"line":1,"column":0},"end":{"line":7,"column":2}},"loc":{"start":{"line":1,"column":0},"end":{"line":7,"column":2}},"line":1}},"f":{"0":0}}
,"/home/jlarique/code/manager/packages/manager/apps/hub/src/routes/routes.tsx": {"path":"/home/jlarique/code/manager/packages/manager/apps/hub/src/routes/routes.tsx","all":true,"statementMap":{"0":{"start":{"line":1,"column":0},"end":{"line":1,"column":26}},"1":{"start":{"line":2,"column":0},"end":{"line":2,"column":47}},"2":{"start":{"line":3,"column":0},"end":{"line":3,"column":35}},"3":{"start":{"line":4,"column":0},"end":{"line":4,"column":0}},"4":{"start":{"line":5,"column":0},"end":{"line":5,"column":79}},"5":{"start":{"line":6,"column":0},"end":{"line":6,"column":10}},"6":{"start":{"line":7,"column":0},"end":{"line":7,"column":23}},"7":{"start":{"line":8,"column":0},"end":{"line":8,"column":76}},"8":{"start":{"line":9,"column":0},"end":{"line":9,"column":14}},"9":{"start":{"line":10,"column":0},"end":{"line":10,"column":33}},"10":{"start":{"line":11,"column":0},"end":{"line":11,"column":25}},"11":{"start":{"line":12,"column":0},"end":{"line":12,"column":8}},"12":{"start":{"line":13,"column":0},"end":{"line":13,"column":6}},"13":{"start":{"line":14,"column":0},"end":{"line":14,"column":4}},"14":{"start":{"line":15,"column":0},"end":{"line":15,"column":2}},"15":{"start":{"line":16,"column":0},"end":{"line":16,"column":0}},"16":{"start":{"line":17,"column":0},"end":{"line":17,"column":28}},"17":{"start":{"line":18,"column":0},"end":{"line":18,"column":3}},"18":{"start":{"line":19,"column":0},"end":{"line":19,"column":14}},"19":{"start":{"line":20,"column":0},"end":{"line":20,"column":62}},"20":{"start":{"line":21,"column":0},"end":{"line":21,"column":13}},"21":{"start":{"line":22,"column":0},"end":{"line":22,"column":17}},"22":{"start":{"line":23,"column":0},"end":{"line":23,"column":30}},"23":{"start":{"line":24,"column":0},"end":{"line":24,"column":8}},"24":{"start":{"line":25,"column":0},"end":{"line":25,"column":6}},"25":{"start":{"line":26,"column":0},"end":{"line":26,"column":4}},"26":{"start":{"line":27,"column":0},"end":{"line":27,"column":3}},"27":{"start":{"line":28,"column":0},"end":{"line":28,"column":14}},"28":{"start":{"line":29,"column":0},"end":{"line":29,"column":26}},"29":{"start":{"line":30,"column":0},"end":{"line":30,"column":4}},"30":{"start":{"line":31,"column":0},"end":{"line":31,"column":2}}},"s":{"0":0,"1":0,"2":0,"3":0,"4":0,"5":0,"6":0,"7":0,"8":0,"9":0,"10":0,"11":0,"12":0,"13":0,"14":0,"15":0,"16":0,"17":0,"18":0,"19":0,"20":0,"21":0,"22":0,"23":0,"24":0,"25":0,"26":0,"27":0,"28":0,"29":0,"30":0},"branchMap":{"0":{"type":"branch","line":1,"loc":{"start":{"line":1,"column":0},"end":{"line":31,"column":2}},"locations":[{"start":{"line":1,"column":0},"end":{"line":31,"column":2}}]}},"b":{"0":[0]},"fnMap":{"0":{"name":"(empty-report)","decl":{"start":{"line":1,"column":0},"end":{"line":31,"column":2}},"loc":{"start":{"line":1,"column":0},"end":{"line":31,"column":2}},"line":1}},"f":{"0":0}}
}
