{"/home/qpavy/Documents/workspace/manager/packages/manager-components/src/components/action-banner/action-banner.component.tsx": {"path":"/home/qpavy/Documents/workspace/manager/packages/manager-components/src/components/action-banner/action-banner.component.tsx","statementMap":{"0":{"start":{"line":26,"column":2},"end":{"line":55,"column":4}}},"fnMap":{"0":{"name":"ActionBanner","decl":{"start":{"line":20,"column":16},"end":{"line":20,"column":28}},"loc":{"start":{"line":25,"column":32},"end":{"line":56,"column":1}},"line":25}},"branchMap":{"0":{"loc":{"start":{"line":23,"column":2},"end":{"line":23,"column":30}},"type":"default-arg","locations":[{"start":{"line":23,"column":9},"end":{"line":23,"column":30}}],"line":23}},"s":{"0":5},"f":{"0":5},"b":{"0":[4]},"_coverageSchema":"1a1c01bbd47fc00a2c39e90264f33305004495a9","hash":"af9f6b86a165d9aeb625556a801f5a8f25a59ef8"}
,"/home/qpavy/Documents/workspace/manager/packages/manager-components/src/components/action-banner/pci/pci-announcement-banner.component.tsx": {"path":"/home/qpavy/Documents/workspace/manager/packages/manager-components/src/components/action-banner/pci/pci-announcement-banner.component.tsx","statementMap":{"0":{"start":{"line":15,"column":16},"end":{"line":15,"column":57}},"1":{"start":{"line":17,"column":25},"end":{"line":17,"column":40}},"2":{"start":{"line":19,"column":23},"end":{"line":21,"column":3}},"3":{"start":{"line":20,"column":4},"end":{"line":20,"column":80}},"4":{"start":{"line":23,"column":2},"end":{"line":29,"column":4}}},"fnMap":{"0":{"name":"PciAnnouncementBanner","decl":{"start":{"line":12,"column":16},"end":{"line":12,"column":37}},"loc":{"start":{"line":14,"column":41},"end":{"line":30,"column":1}},"line":14},"1":{"name":"(anonymous_1)","decl":{"start":{"line":19,"column":23},"end":{"line":19,"column":24}},"loc":{"start":{"line":19,"column":35},"end":{"line":21,"column":3}},"line":19}},"branchMap":{},"s":{"0":2,"1":2,"2":2,"3":1,"4":2},"f":{"0":2,"1":1},"b":{},"_coverageSchema":"1a1c01bbd47fc00a2c39e90264f33305004495a9","hash":"9fdb01b8a2c0c8133d6755e08ef675b2153a9c80"}
,"/home/qpavy/Documents/workspace/manager/packages/manager-components/src/components/action-banner/pci/pci-discovery-banner.component.tsx": {"path":"/home/qpavy/Documents/workspace/manager/packages/manager-components/src/components/action-banner/pci/pci-discovery-banner.component.tsx","statementMap":{"0":{"start":{"line":8,"column":35},"end":{"line":8,"column":54}},"1":{"start":{"line":10,"column":34},"end":{"line":12,"column":1}},"2":{"start":{"line":11,"column":2},"end":{"line":11,"column":49}},"3":{"start":{"line":21,"column":25},"end":{"line":21,"column":40}},"4":{"start":{"line":22,"column":35},"end":{"line":28,"column":3}},"5":{"start":{"line":23,"column":4},"end":{"line":27,"column":6}},"6":{"start":{"line":29,"column":14},"end":{"line":29,"column":52}},"7":{"start":{"line":30,"column":2},"end":{"line":37,"column":4}}},"fnMap":{"0":{"name":"(anonymous_0)","decl":{"start":{"line":10,"column":34},"end":{"line":10,"column":35}},"loc":{"start":{"line":10,"column":74},"end":{"line":12,"column":1}},"line":10},"1":{"name":"PciDiscoveryBanner","decl":{"start":{"line":18,"column":16},"end":{"line":18,"column":34}},"loc":{"start":{"line":20,"column":38},"end":{"line":38,"column":1}},"line":20},"2":{"name":"(anonymous_2)","decl":{"start":{"line":22,"column":35},"end":{"line":22,"column":36}},"loc":{"start":{"line":22,"column":47},"end":{"line":28,"column":3}},"line":22}},"branchMap":{},"s":{"0":1,"1":1,"2":3,"3":1,"4":1,"5":1,"6":1,"7":1},"f":{"0":3,"1":1,"2":1},"b":{},"_coverageSchema":"1a1c01bbd47fc00a2c39e90264f33305004495a9","hash":"c228498c26b3ee726b07238b5881a24efea75dba"}
,"/home/qpavy/Documents/workspace/manager/packages/manager-components/src/components/container/step/Step.component.tsx": {"path":"/home/qpavy/Documents/workspace/manager/packages/manager-components/src/components/container/step/Step.component.tsx","statementMap":{"0":{"start":{"line":25,"column":29},"end":{"line":121,"column":1}},"1":{"start":{"line":37,"column":2},"end":{"line":120,"column":4}},"2":{"start":{"line":80,"column":18},"end":{"line":80,"column":34}},"3":{"start":{"line":107,"column":20},"end":{"line":107,"column":36}}},"fnMap":{"0":{"name":"(anonymous_0)","decl":{"start":{"line":25,"column":29},"end":{"line":25,"column":30}},"loc":{"start":{"line":36,"column":31},"end":{"line":121,"column":1}},"line":36},"1":{"name":"(anonymous_1)","decl":{"start":{"line":79,"column":25},"end":{"line":79,"column":26}},"loc":{"start":{"line":79,"column":31},"end":{"line":81,"column":17}},"line":79},"2":{"name":"(anonymous_2)","decl":{"start":{"line":106,"column":27},"end":{"line":106,"column":28}},"loc":{"start":{"line":106,"column":33},"end":{"line":108,"column":19}},"line":106}},"branchMap":{"0":{"loc":{"start":{"line":26,"column":2},"end":{"line":26,"column":15}},"type":"default-arg","locations":[{"start":{"line":26,"column":7},"end":{"line":26,"column":15}}],"line":26},"1":{"loc":{"start":{"line":27,"column":2},"end":{"line":27,"column":12}},"type":"default-arg","locations":[{"start":{"line":27,"column":10},"end":{"line":27,"column":12}}],"line":27},"2":{"loc":{"start":{"line":28,"column":2},"end":{"line":28,"column":15}},"type":"default-arg","locations":[{"start":{"line":28,"column":13},"end":{"line":28,"column":15}}],"line":28},"3":{"loc":{"start":{"line":40,"column":9},"end":{"line":58,"column":9}},"type":"cond-expr","locations":[{"start":{"line":41,"column":10},"end":{"line":46,"column":12}},{"start":{"line":48,"column":10},"end":{"line":57,"column":16}}],"line":40},"4":{"loc":{"start":{"line":51,"column":14},"end":{"line":53,"column":45}},"type":"cond-expr","locations":[{"start":{"line":52,"column":18},"end":{"line":52,"column":51}},{"start":{"line":53,"column":18},"end":{"line":53,"column":45}}],"line":51},"5":{"loc":{"start":{"line":65,"column":14},"end":{"line":67,"column":46}},"type":"cond-expr","locations":[{"start":{"line":66,"column":18},"end":{"line":66,"column":50}},{"start":{"line":67,"column":18},"end":{"line":67,"column":46}}],"line":65},"6":{"loc":{"start":{"line":72,"column":11},"end":{"line":86,"column":11}},"type":"binary-expr","locations":[{"start":{"line":72,"column":11},"end":{"line":72,"column":23}},{"start":{"line":72,"column":27},"end":{"line":72,"column":35}},{"start":{"line":73,"column":12},"end":{"line":85,"column":18}}],"line":72},"7":{"loc":{"start":{"line":78,"column":21},"end":{"line":78,"column":62}},"type":"cond-expr","locations":[{"start":{"line":78,"column":39},"end":{"line":78,"column":57}},{"start":{"line":78,"column":60},"end":{"line":78,"column":62}}],"line":78},"8":{"loc":{"start":{"line":88,"column":9},"end":{"line":117,"column":9}},"type":"binary-expr","locations":[{"start":{"line":88,"column":9},"end":{"line":88,"column":15}},{"start":{"line":89,"column":10},"end":{"line":116,"column":13}}],"line":88},"9":{"loc":{"start":{"line":90,"column":13},"end":{"line":90,"column":46}},"type":"binary-expr","locations":[{"start":{"line":90,"column":13},"end":{"line":90,"column":21}},{"start":{"line":90,"column":25},"end":{"line":90,"column":46}}],"line":90},"10":{"loc":{"start":{"line":95,"column":16},"end":{"line":95,"column":79}},"type":"binary-expr","locations":[{"start":{"line":95,"column":16},"end":{"line":95,"column":24}},{"start":{"line":95,"column":28},"end":{"line":95,"column":79}}],"line":95},"11":{"loc":{"start":{"line":100,"column":13},"end":{"line":115,"column":13}},"type":"binary-expr","locations":[{"start":{"line":100,"column":13},"end":{"line":100,"column":25}},{"start":{"line":100,"column":29},"end":{"line":100,"column":38}},{"start":{"line":101,"column":14},"end":{"line":114,"column":20}}],"line":100},"12":{"loc":{"start":{"line":110,"column":23},"end":{"line":110,"column":64}},"type":"cond-expr","locations":[{"start":{"line":110,"column":41},"end":{"line":110,"column":59}},{"start":{"line":110,"column":62},"end":{"line":110,"column":64}}],"line":110}},"s":{"0":0,"1":0,"2":0,"3":0},"f":{"0":0,"1":0,"2":0},"b":{"0":[0],"1":[0],"2":[0],"3":[0,0],"4":[0,0],"5":[0,0],"6":[0,0,0],"7":[0,0],"8":[0,0],"9":[0,0],"10":[0,0],"11":[0,0,0],"12":[0,0]}}
,"/home/qpavy/Documents/workspace/manager/packages/manager-components/src/components/container/tabs/Tabs.component.tsx": {"path":"/home/qpavy/Documents/workspace/manager/packages/manager-components/src/components/container/tabs/Tabs.component.tsx","statementMap":{"0":{"start":{"line":25,"column":29},"end":{"line":150,"column":1}},"1":{"start":{"line":28,"column":27},"end":{"line":28,"column":55}},"2":{"start":{"line":29,"column":29},"end":{"line":29,"column":59}},"3":{"start":{"line":34,"column":28},"end":{"line":37,"column":4}},"4":{"start":{"line":39,"column":26},"end":{"line":44,"column":3}},"5":{"start":{"line":40,"column":4},"end":{"line":43,"column":8}},"6":{"start":{"line":40,"column":24},"end":{"line":43,"column":5}},"7":{"start":{"line":46,"column":2},"end":{"line":58,"column":14}},"8":{"start":{"line":47,"column":4},"end":{"line":57,"column":5}},"9":{"start":{"line":51,"column":36},"end":{"line":51,"column":72}},"10":{"start":{"line":53,"column":6},"end":{"line":56,"column":10}},"11":{"start":{"line":53,"column":22},"end":{"line":56,"column":7}},"12":{"start":{"line":60,"column":2},"end":{"line":64,"column":27}},"13":{"start":{"line":61,"column":4},"end":{"line":63,"column":5}},"14":{"start":{"line":62,"column":6},"end":{"line":62,"column":35}},"15":{"start":{"line":66,"column":20},"end":{"line":66,"column":73}},"16":{"start":{"line":68,"column":2},"end":{"line":149,"column":4}},"17":{"start":{"line":80,"column":14},"end":{"line":96,"column":19}},"18":{"start":{"line":91,"column":33},"end":{"line":91,"column":54}},"19":{"start":{"line":92,"column":35},"end":{"line":92,"column":56}},"20":{"start":{"line":113,"column":12},"end":{"line":144,"column":18}},"21":{"start":{"line":119,"column":31},"end":{"line":119,"column":52}},"22":{"start":{"line":120,"column":33},"end":{"line":120,"column":54}}},"fnMap":{"0":{"name":"TabsComponent","decl":{"start":{"line":25,"column":38},"end":{"line":25,"column":51}},"loc":{"start":{"line":33,"column":30},"end":{"line":150,"column":1}},"line":33},"1":{"name":"(anonymous_1)","decl":{"start":{"line":28,"column":17},"end":{"line":28,"column":18}},"loc":{"start":{"line":28,"column":27},"end":{"line":28,"column":55}},"line":28},"2":{"name":"(anonymous_2)","decl":{"start":{"line":29,"column":19},"end":{"line":29,"column":20}},"loc":{"start":{"line":29,"column":29},"end":{"line":29,"column":59}},"line":29},"3":{"name":"(anonymous_3)","decl":{"start":{"line":39,"column":26},"end":{"line":39,"column":27}},"loc":{"start":{"line":39,"column":48},"end":{"line":44,"column":3}},"line":39},"4":{"name":"(anonymous_4)","decl":{"start":{"line":40,"column":13},"end":{"line":40,"column":14}},"loc":{"start":{"line":40,"column":24},"end":{"line":43,"column":5}},"line":40},"5":{"name":"(anonymous_5)","decl":{"start":{"line":46,"column":12},"end":{"line":46,"column":13}},"loc":{"start":{"line":46,"column":18},"end":{"line":58,"column":3}},"line":46},"6":{"name":"(anonymous_6)","decl":{"start":{"line":51,"column":19},"end":{"line":51,"column":20}},"loc":{"start":{"line":51,"column":36},"end":{"line":51,"column":72}},"line":51},"7":{"name":"(anonymous_7)","decl":{"start":{"line":53,"column":15},"end":{"line":53,"column":16}},"loc":{"start":{"line":53,"column":22},"end":{"line":56,"column":7}},"line":53},"8":{"name":"(anonymous_8)","decl":{"start":{"line":60,"column":12},"end":{"line":60,"column":13}},"loc":{"start":{"line":60,"column":18},"end":{"line":64,"column":3}},"line":60},"9":{"name":"(anonymous_9)","decl":{"start":{"line":79,"column":29},"end":{"line":79,"column":30}},"loc":{"start":{"line":80,"column":14},"end":{"line":96,"column":19}},"line":80},"10":{"name":"(anonymous_10)","decl":{"start":{"line":91,"column":27},"end":{"line":91,"column":28}},"loc":{"start":{"line":91,"column":33},"end":{"line":91,"column":54}},"line":91},"11":{"name":"(anonymous_11)","decl":{"start":{"line":92,"column":29},"end":{"line":92,"column":30}},"loc":{"start":{"line":92,"column":35},"end":{"line":92,"column":56}},"line":92},"12":{"name":"(anonymous_12)","decl":{"start":{"line":112,"column":27},"end":{"line":112,"column":28}},"loc":{"start":{"line":113,"column":12},"end":{"line":144,"column":18}},"line":113},"13":{"name":"(anonymous_13)","decl":{"start":{"line":119,"column":25},"end":{"line":119,"column":26}},"loc":{"start":{"line":119,"column":31},"end":{"line":119,"column":52}},"line":119},"14":{"name":"(anonymous_14)","decl":{"start":{"line":120,"column":27},"end":{"line":120,"column":28}},"loc":{"start":{"line":120,"column":33},"end":{"line":120,"column":54}},"line":120}},"branchMap":{"0":{"loc":{"start":{"line":26,"column":2},"end":{"line":26,"column":15}},"type":"default-arg","locations":[{"start":{"line":26,"column":7},"end":{"line":26,"column":15}}],"line":26},"1":{"loc":{"start":{"line":27,"column":2},"end":{"line":27,"column":12}},"type":"default-arg","locations":[{"start":{"line":27,"column":10},"end":{"line":27,"column":12}}],"line":27},"2":{"loc":{"start":{"line":28,"column":2},"end":{"line":28,"column":55}},"type":"default-arg","locations":[{"start":{"line":28,"column":17},"end":{"line":28,"column":55}}],"line":28},"3":{"loc":{"start":{"line":29,"column":2},"end":{"line":29,"column":59}},"type":"default-arg","locations":[{"start":{"line":29,"column":19},"end":{"line":29,"column":59}}],"line":29},"4":{"loc":{"start":{"line":47,"column":4},"end":{"line":57,"column":5}},"type":"if","locations":[{"start":{"line":47,"column":4},"end":{"line":57,"column":5}},{"start":{},"end":{}}],"line":47},"5":{"loc":{"start":{"line":48,"column":6},"end":{"line":51,"column":74}},"type":"binary-expr","locations":[{"start":{"line":48,"column":6},"end":{"line":48,"column":26}},{"start":{"line":49,"column":6},"end":{"line":49,"column":18}},{"start":{"line":50,"column":7},"end":{"line":50,"column":42}},{"start":{"line":51,"column":8},"end":{"line":51,"column":73}}],"line":48},"6":{"loc":{"start":{"line":61,"column":4},"end":{"line":63,"column":5}},"type":"if","locations":[{"start":{"line":61,"column":4},"end":{"line":63,"column":5}},{"start":{},"end":{}}],"line":61},"7":{"loc":{"start":{"line":66,"column":44},"end":{"line":66,"column":67}},"type":"binary-expr","locations":[{"start":{"line":66,"column":44},"end":{"line":66,"column":60}},{"start":{"line":66,"column":64},"end":{"line":66,"column":67}}],"line":66},"8":{"loc":{"start":{"line":70,"column":7},"end":{"line":147,"column":7}},"type":"cond-expr","locations":[{"start":{"line":71,"column":8},"end":{"line":106,"column":18}},{"start":{"line":108,"column":8},"end":{"line":146,"column":18}}],"line":70},"9":{"loc":{"start":{"line":84,"column":18},"end":{"line":86,"column":41}},"type":"cond-expr","locations":[{"start":{"line":85,"column":22},"end":{"line":85,"column":47}},{"start":{"line":86,"column":22},"end":{"line":86,"column":41}}],"line":84},"10":{"loc":{"start":{"line":124,"column":19},"end":{"line":138,"column":19}},"type":"cond-expr","locations":[{"start":{"line":125,"column":20},"end":{"line":130,"column":32}},{"start":{"line":132,"column":20},"end":{"line":137,"column":32}}],"line":124},"11":{"loc":{"start":{"line":141,"column":15},"end":{"line":143,"column":15}},"type":"binary-expr","locations":[{"start":{"line":141,"column":15},"end":{"line":141,"column":50}},{"start":{"line":142,"column":16},"end":{"line":142,"column":49}}],"line":141}},"s":{"0":0,"1":0,"2":0,"3":0,"4":0,"5":0,"6":0,"7":0,"8":0,"9":0,"10":0,"11":0,"12":0,"13":0,"14":0,"15":0,"16":0,"17":0,"18":0,"19":0,"20":0,"21":0,"22":0},"f":{"0":0,"1":0,"2":0,"3":0,"4":0,"5":0,"6":0,"7":0,"8":0,"9":0,"10":0,"11":0,"12":0,"13":0,"14":0},"b":{"0":[0],"1":[0],"2":[0],"3":[0],"4":[0,0],"5":[0,0,0,0],"6":[0,0],"7":[0,0],"8":[0,0],"9":[0,0],"10":[0,0],"11":[0,0]}}
,"/home/qpavy/Documents/workspace/manager/packages/manager-components/src/components/content/headers/headers.component.tsx": {"path":"/home/qpavy/Documents/workspace/manager/packages/manager-components/src/components/content/headers/headers.component.tsx","statementMap":{"0":{"start":{"line":12,"column":47},"end":{"line":28,"column":1}},"1":{"start":{"line":18,"column":2},"end":{"line":27,"column":4}}},"fnMap":{"0":{"name":"(anonymous_0)","decl":{"start":{"line":12,"column":47},"end":{"line":12,"column":48}},"loc":{"start":{"line":17,"column":6},"end":{"line":28,"column":1}},"line":17}},"branchMap":{"0":{"loc":{"start":{"line":21,"column":9},"end":{"line":21,"column":40}},"type":"binary-expr","locations":[{"start":{"line":21,"column":9},"end":{"line":21,"column":14}},{"start":{"line":21,"column":18},"end":{"line":21,"column":40}}],"line":21},"1":{"loc":{"start":{"line":22,"column":9},"end":{"line":22,"column":52}},"type":"binary-expr","locations":[{"start":{"line":22,"column":9},"end":{"line":22,"column":17}},{"start":{"line":22,"column":21},"end":{"line":22,"column":52}}],"line":22},"2":{"loc":{"start":{"line":23,"column":9},"end":{"line":23,"column":64}},"type":"binary-expr","locations":[{"start":{"line":23,"column":9},"end":{"line":23,"column":20}},{"start":{"line":23,"column":24},"end":{"line":23,"column":64}}],"line":23}},"s":{"0":2,"1":8},"f":{"0":8},"b":{"0":[8,4],"1":[8,4],"2":[8,5]},"_coverageSchema":"1a1c01bbd47fc00a2c39e90264f33305004495a9","hash":"6d9aba5bd6a14a9633ea16c044d79e2eb15e4806"}
,"/home/qpavy/Documents/workspace/manager/packages/manager-components/src/components/content/price/price.component.tsx": {"path":"/home/qpavy/Documents/workspace/manager/packages/manager-components/src/components/content/price/price.component.tsx","statementMap":{"0":{"start":{"line":19,"column":66},"end":{"line":30,"column":1}},"1":{"start":{"line":22,"column":2},"end":{"line":29,"column":13}},"2":{"start":{"line":40,"column":16},"end":{"line":40,"column":39}},"3":{"start":{"line":41,"column":23},"end":{"line":41,"column":73}},"4":{"start":{"line":42,"column":25},"end":{"line":42,"column":67}},"5":{"start":{"line":43,"column":25},"end":{"line":56,"column":27}},"6":{"start":{"line":57,"column":21},"end":{"line":57,"column":75}},"7":{"start":{"line":59,"column":25},"end":{"line":61,"column":11}},"8":{"start":{"line":62,"column":23},"end":{"line":64,"column":14}},"9":{"start":{"line":66,"column":26},"end":{"line":70,"column":3}},"10":{"start":{"line":71,"column":23},"end":{"line":75,"column":3}},"11":{"start":{"line":77,"column":4},"end":{"line":79,"column":10}},"12":{"start":{"line":80,"column":21},"end":{"line":151,"column":3}},"13":{"start":{"line":153,"column":28},"end":{"line":153,"column":73}},"14":{"start":{"line":153,"column":63},"end":{"line":153,"column":72}},"15":{"start":{"line":154,"column":2},"end":{"line":156,"column":3}},"16":{"start":{"line":155,"column":4},"end":{"line":155,"column":17}},"17":{"start":{"line":158,"column":2},"end":{"line":167,"column":4}}},"fnMap":{"0":{"name":"(anonymous_0)","decl":{"start":{"line":19,"column":66},"end":{"line":19,"column":67}},"loc":{"start":{"line":22,"column":2},"end":{"line":29,"column":13}},"line":22},"1":{"name":"Price","decl":{"start":{"line":32,"column":16},"end":{"line":32,"column":21}},"loc":{"start":{"line":39,"column":25},"end":{"line":168,"column":1}},"line":39},"2":{"name":"(anonymous_2)","decl":{"start":{"line":153,"column":44},"end":{"line":153,"column":45}},"loc":{"start":{"line":153,"column":63},"end":{"line":153,"column":72}},"line":153}},"branchMap":{"0":{"loc":{"start":{"line":59,"column":25},"end":{"line":61,"column":11}},"type":"cond-expr","locations":[{"start":{"line":60,"column":6},"end":{"line":60,"column":47}},{"start":{"line":61,"column":6},"end":{"line":61,"column":11}}],"line":59},"1":{"loc":{"start":{"line":62,"column":23},"end":{"line":64,"column":14}},"type":"cond-expr","locations":[{"start":{"line":63,"column":6},"end":{"line":63,"column":50}},{"start":{"line":64,"column":6},"end":{"line":64,"column":14}}],"line":62},"2":{"loc":{"start":{"line":63,"column":27},"end":{"line":63,"column":35}},"type":"binary-expr","locations":[{"start":{"line":63,"column":27},"end":{"line":63,"column":30}},{"start":{"line":63,"column":34},"end":{"line":63,"column":35}}],"line":63},"3":{"loc":{"start":{"line":64,"column":6},"end":{"line":64,"column":14}},"type":"binary-expr","locations":[{"start":{"line":64,"column":6},"end":{"line":64,"column":9}},{"start":{"line":64,"column":13},"end":{"line":64,"column":14}}],"line":64},"4":{"loc":{"start":{"line":77,"column":4},"end":{"line":79,"column":10}},"type":"cond-expr","locations":[{"start":{"line":78,"column":8},"end":{"line":78,"column":38}},{"start":{"line":79,"column":8},"end":{"line":79,"column":10}}],"line":77},"5":{"loc":{"start":{"line":77,"column":4},"end":{"line":77,"column":58}},"type":"binary-expr","locations":[{"start":{"line":77,"column":4},"end":{"line":77,"column":16}},{"start":{"line":77,"column":20},"end":{"line":77,"column":58}}],"line":77},"6":{"loc":{"start":{"line":86,"column":17},"end":{"line":86,"column":42}},"type":"binary-expr","locations":[{"start":{"line":86,"column":17},"end":{"line":86,"column":31}},{"start":{"line":86,"column":35},"end":{"line":86,"column":42}}],"line":86},"7":{"loc":{"start":{"line":100,"column":17},"end":{"line":100,"column":39}},"type":"binary-expr","locations":[{"start":{"line":100,"column":17},"end":{"line":100,"column":31}},{"start":{"line":100,"column":35},"end":{"line":100,"column":39}}],"line":100},"8":{"loc":{"start":{"line":110,"column":17},"end":{"line":110,"column":42}},"type":"binary-expr","locations":[{"start":{"line":110,"column":17},"end":{"line":110,"column":31}},{"start":{"line":110,"column":35},"end":{"line":110,"column":42}}],"line":110},"9":{"loc":{"start":{"line":119,"column":17},"end":{"line":119,"column":52}},"type":"binary-expr","locations":[{"start":{"line":119,"column":17},"end":{"line":119,"column":29}},{"start":{"line":119,"column":34},"end":{"line":119,"column":38}},{"start":{"line":119,"column":42},"end":{"line":119,"column":51}}],"line":119},"10":{"loc":{"start":{"line":154,"column":2},"end":{"line":156,"column":3}},"type":"if","locations":[{"start":{"line":154,"column":2},"end":{"line":156,"column":3}},{"start":{},"end":{}}],"line":154}},"s":{"0":2,"1":2,"2":9,"3":9,"4":9,"5":9,"6":9,"7":9,"8":9,"9":9,"10":9,"11":9,"12":9,"13":9,"14":34,"15":9,"16":0,"17":9},"f":{"0":2,"1":9,"2":34},"b":{"0":[2,7],"1":[2,7],"2":[2,1],"3":[7,5],"4":[8,1],"5":[9,9],"6":[9,5],"7":[9,5],"8":[9,1],"9":[9,2,1],"10":[0,9]},"_coverageSchema":"1a1c01bbd47fc00a2c39e90264f33305004495a9","hash":"9e166ebe2b4361c1a2e6fdb9f0c45fa04af4255a"}
,"/home/qpavy/Documents/workspace/manager/packages/manager-components/src/components/datagrid/datagrid.component.tsx": {"path":"/home/qpavy/Documents/workspace/manager/packages/manager-components/src/components/datagrid/datagrid.component.tsx","statementMap":{"0":{"start":{"line":66,"column":24},"end":{"line":249,"column":1}},"1":{"start":{"line":76,"column":16},"end":{"line":76,"column":42}},"2":{"start":{"line":77,"column":20},"end":{"line":79,"column":7}},"3":{"start":{"line":81,"column":16},"end":{"line":111,"column":4}},"4":{"start":{"line":83,"column":30},"end":{"line":88,"column":7}},"5":{"start":{"line":85,"column":25},"end":{"line":85,"column":53}},"6":{"start":{"line":103,"column":6},"end":{"line":108,"column":7}},"7":{"start":{"line":104,"column":22},"end":{"line":104,"column":66}},"8":{"start":{"line":105,"column":8},"end":{"line":105,"column":57}},"9":{"start":{"line":105,"column":26},"end":{"line":105,"column":57}},"10":{"start":{"line":106,"column":13},"end":{"line":108,"column":7}},"11":{"start":{"line":107,"column":8},"end":{"line":107,"column":41}},"12":{"start":{"line":113,"column":2},"end":{"line":248,"column":4}},"13":{"start":{"line":119,"column":14},"end":{"line":175,"column":19}},"14":{"start":{"line":121,"column":18},"end":{"line":173,"column":23}},"15":{"start":{"line":180,"column":14},"end":{"line":194,"column":19}},"16":{"start":{"line":185,"column":18},"end":{"line":192,"column":23}},"17":{"start":{"line":220,"column":12},"end":{"line":226,"column":13}},"18":{"start":{"line":221,"column":14},"end":{"line":225,"column":17}},"19":{"start":{"line":229,"column":12},"end":{"line":234,"column":17}},"20":{"start":{"line":230,"column":14},"end":{"line":234,"column":17}}},"fnMap":{"0":{"name":"(anonymous_0)","decl":{"start":{"line":66,"column":24},"end":{"line":66,"column":25}},"loc":{"start":{"line":75,"column":24},"end":{"line":249,"column":1}},"line":75},"1":{"name":"(anonymous_1)","decl":{"start":{"line":83,"column":6},"end":{"line":83,"column":7}},"loc":{"start":{"line":83,"column":30},"end":{"line":88,"column":7}},"line":83},"2":{"name":"(anonymous_2)","decl":{"start":{"line":85,"column":14},"end":{"line":85,"column":15}},"loc":{"start":{"line":85,"column":25},"end":{"line":85,"column":53}},"line":85},"3":{"name":"(anonymous_3)","decl":{"start":{"line":102,"column":19},"end":{"line":102,"column":20}},"loc":{"start":{"line":102,"column":32},"end":{"line":109,"column":5}},"line":102},"4":{"name":"(anonymous_4)","decl":{"start":{"line":118,"column":41},"end":{"line":118,"column":42}},"loc":{"start":{"line":119,"column":14},"end":{"line":175,"column":19}},"line":119},"5":{"name":"(anonymous_5)","decl":{"start":{"line":120,"column":41},"end":{"line":120,"column":42}},"loc":{"start":{"line":121,"column":18},"end":{"line":173,"column":23}},"line":121},"6":{"name":"(anonymous_6)","decl":{"start":{"line":179,"column":42},"end":{"line":179,"column":43}},"loc":{"start":{"line":180,"column":14},"end":{"line":194,"column":19}},"line":180},"7":{"name":"(anonymous_7)","decl":{"start":{"line":184,"column":43},"end":{"line":184,"column":44}},"loc":{"start":{"line":185,"column":18},"end":{"line":192,"column":23}},"line":185},"8":{"name":"(anonymous_8)","decl":{"start":{"line":219,"column":34},"end":{"line":219,"column":35}},"loc":{"start":{"line":219,"column":50},"end":{"line":227,"column":11}},"line":219},"9":{"name":"(anonymous_9)","decl":{"start":{"line":228,"column":45},"end":{"line":228,"column":46}},"loc":{"start":{"line":228,"column":61},"end":{"line":235,"column":11}},"line":228}},"branchMap":{"0":{"loc":{"start":{"line":77,"column":20},"end":{"line":79,"column":7}},"type":"cond-expr","locations":[{"start":{"line":78,"column":6},"end":{"line":78,"column":49}},{"start":{"line":79,"column":6},"end":{"line":79,"column":7}}],"line":77},"1":{"loc":{"start":{"line":95,"column":10},"end":{"line":97,"column":7}},"type":"binary-expr","locations":[{"start":{"line":95,"column":10},"end":{"line":95,"column":17}},{"start":{"line":95,"column":21},"end":{"line":97,"column":7}}],"line":95},"2":{"loc":{"start":{"line":103,"column":6},"end":{"line":108,"column":7}},"type":"if","locations":[{"start":{"line":103,"column":6},"end":{"line":108,"column":7}},{"start":{"line":106,"column":13},"end":{"line":108,"column":7}}],"line":103},"3":{"loc":{"start":{"line":105,"column":8},"end":{"line":105,"column":57}},"type":"if","locations":[{"start":{"line":105,"column":8},"end":{"line":105,"column":57}},{"start":{},"end":{}}],"line":105},"4":{"loc":{"start":{"line":106,"column":13},"end":{"line":108,"column":7}},"type":"if","locations":[{"start":{"line":106,"column":13},"end":{"line":108,"column":7}},{"start":{},"end":{}}],"line":106},"5":{"loc":{"start":{"line":115,"column":59},"end":{"line":115,"column":74}},"type":"binary-expr","locations":[{"start":{"line":115,"column":59},"end":{"line":115,"column":68}},{"start":{"line":115,"column":72},"end":{"line":115,"column":74}}],"line":115},"6":{"loc":{"start":{"line":125,"column":21},"end":{"line":172,"column":21}},"type":"cond-expr","locations":[{"start":{"line":125,"column":44},"end":{"line":125,"column":48}},{"start":{"line":126,"column":22},"end":{"line":171,"column":28}}],"line":125},"7":{"loc":{"start":{"line":129,"column":28},"end":{"line":131,"column":34}},"type":"cond-expr","locations":[{"start":{"line":130,"column":32},"end":{"line":130,"column":60}},{"start":{"line":131,"column":32},"end":{"line":131,"column":34}}],"line":129},"8":{"loc":{"start":{"line":129,"column":28},"end":{"line":129,"column":70}},"type":"binary-expr","locations":[{"start":{"line":129,"column":28},"end":{"line":129,"column":40}},{"start":{"line":129,"column":44},"end":{"line":129,"column":70}}],"line":129},"9":{"loc":{"start":{"line":132,"column":30},"end":{"line":134,"column":27}},"type":"binary-expr","locations":[{"start":{"line":132,"column":30},"end":{"line":132,"column":42}},{"start":{"line":132,"column":46},"end":{"line":134,"column":27}}],"line":132},"10":{"loc":{"start":{"line":153,"column":28},"end":{"line":155,"column":39}},"type":"cond-expr","locations":[{"start":{"line":154,"column":32},"end":{"line":154,"column":39}},{"start":{"line":155,"column":32},"end":{"line":155,"column":39}}],"line":153},"11":{"loc":{"start":{"line":162,"column":30},"end":{"line":162,"column":76}},"type":"cond-expr","locations":[{"start":{"line":162,"column":60},"end":{"line":162,"column":62}},{"start":{"line":162,"column":65},"end":{"line":162,"column":76}}],"line":162},"12":{"loc":{"start":{"line":165,"column":30},"end":{"line":167,"column":57}},"type":"cond-expr","locations":[{"start":{"line":166,"column":34},"end":{"line":166,"column":55}},{"start":{"line":167,"column":34},"end":{"line":167,"column":57}}],"line":165},"13":{"loc":{"start":{"line":196,"column":13},"end":{"line":208,"column":13}},"type":"binary-expr","locations":[{"start":{"line":196,"column":13},"end":{"line":196,"column":50}},{"start":{"line":197,"column":14},"end":{"line":207,"column":19}}],"line":196},"14":{"loc":{"start":{"line":212,"column":7},"end":{"line":246,"column":7}},"type":"cond-expr","locations":[{"start":{"line":213,"column":8},"end":{"line":243,"column":25}},{"start":{"line":245,"column":8},"end":{"line":245,"column":55}}],"line":212},"15":{"loc":{"start":{"line":212,"column":7},"end":{"line":212,"column":38}},"type":"binary-expr","locations":[{"start":{"line":212,"column":7},"end":{"line":212,"column":24}},{"start":{"line":212,"column":28},"end":{"line":212,"column":38}}],"line":212},"16":{"loc":{"start":{"line":220,"column":12},"end":{"line":226,"column":13}},"type":"if","locations":[{"start":{"line":220,"column":12},"end":{"line":226,"column":13}},{"start":{},"end":{}}],"line":220},"17":{"loc":{"start":{"line":229,"column":12},"end":{"line":234,"column":17}},"type":"if","locations":[{"start":{"line":229,"column":12},"end":{"line":234,"column":17}},{"start":{},"end":{}}],"line":229}},"s":{"0":1,"1":10,"2":10,"3":10,"4":17,"5":3,"6":4,"7":4,"8":4,"9":4,"10":0,"11":0,"12":10,"13":10,"14":17,"15":3,"16":3,"17":0,"18":0,"19":0,"20":0},"f":{"0":10,"1":17,"2":3,"3":4,"4":10,"5":17,"6":3,"7":3,"8":0,"9":0},"b":{"0":[10,0],"1":[10,10],"2":[4,0],"3":[4,0],"4":[0,0],"5":[10,9],"6":[0,17],"7":[17,0],"8":[17,17],"9":[17,17],"10":[7,10],"11":[9,8],"12":[7,10],"13":[10,8],"14":[2,8],"15":[10,2],"16":[0,0],"17":[0,0]},"_coverageSchema":"1a1c01bbd47fc00a2c39e90264f33305004495a9","hash":"1c6642523b83766634755f48975a8a56ac69cc5f"}
,"/home/qpavy/Documents/workspace/manager/packages/manager-components/src/components/datagrid/text-cell.component.tsx": {"path":"/home/qpavy/Documents/workspace/manager/packages/manager-components/src/components/datagrid/text-cell.component.tsx","statementMap":{"0":{"start":{"line":11,"column":2},"end":{"line":19,"column":4}}},"fnMap":{"0":{"name":"DataGridTextCell","decl":{"start":{"line":10,"column":16},"end":{"line":10,"column":32}},"loc":{"start":{"line":10,"column":72},"end":{"line":20,"column":1}},"line":10}},"branchMap":{},"s":{"0":8},"f":{"0":8},"b":{},"_coverageSchema":"1a1c01bbd47fc00a2c39e90264f33305004495a9","hash":"755d0adb56da2277706522593c77c0b413ce542a"}
,"/home/qpavy/Documents/workspace/manager/packages/manager-components/src/components/filters/filter-add.component.tsx": {"path":"/home/qpavy/Documents/workspace/manager/packages/manager-components/src/components/filters/filter-add.component.tsx","statementMap":{"0":{"start":{"line":32,"column":16},"end":{"line":32,"column":41}},"1":{"start":{"line":34,"column":38},"end":{"line":34,"column":70}},"2":{"start":{"line":35,"column":54},"end":{"line":37,"column":3}},"3":{"start":{"line":38,"column":28},"end":{"line":38,"column":40}},"4":{"start":{"line":40,"column":25},"end":{"line":43,"column":3}},"5":{"start":{"line":41,"column":10},"end":{"line":41,"column":53}},"6":{"start":{"line":41,"column":35},"end":{"line":41,"column":52}},"7":{"start":{"line":45,"column":26},"end":{"line":55,"column":3}},"8":{"start":{"line":46,"column":4},"end":{"line":53,"column":6}},"9":{"start":{"line":54,"column":4},"end":{"line":54,"column":17}},"10":{"start":{"line":57,"column":2},"end":{"line":139,"column":4}},"11":{"start":{"line":72,"column":12},"end":{"line":72,"column":55}},"12":{"start":{"line":76,"column":12},"end":{"line":78,"column":31}},"13":{"start":{"line":94,"column":12},"end":{"line":94,"column":74}},"14":{"start":{"line":98,"column":12},"end":{"line":100,"column":31}},"15":{"start":{"line":120,"column":35},"end":{"line":120,"column":64}},"16":{"start":{"line":122,"column":12},"end":{"line":124,"column":13}},"17":{"start":{"line":123,"column":14},"end":{"line":123,"column":32}}},"fnMap":{"0":{"name":"FilterAdd","decl":{"start":{"line":31,"column":16},"end":{"line":31,"column":25}},"loc":{"start":{"line":31,"column":78},"end":{"line":140,"column":1}},"line":31},"1":{"name":"(anonymous_1)","decl":{"start":{"line":41,"column":4},"end":{"line":41,"column":5}},"loc":{"start":{"line":41,"column":10},"end":{"line":41,"column":53}},"line":41},"2":{"name":"(anonymous_2)","decl":{"start":{"line":41,"column":23},"end":{"line":41,"column":24}},"loc":{"start":{"line":41,"column":35},"end":{"line":41,"column":52}},"line":41},"3":{"name":"(anonymous_3)","decl":{"start":{"line":45,"column":26},"end":{"line":45,"column":27}},"loc":{"start":{"line":45,"column":32},"end":{"line":55,"column":3}},"line":45},"4":{"name":"(anonymous_4)","decl":{"start":{"line":71,"column":28},"end":{"line":71,"column":29}},"loc":{"start":{"line":72,"column":12},"end":{"line":72,"column":55}},"line":72},"5":{"name":"(anonymous_5)","decl":{"start":{"line":75,"column":23},"end":{"line":75,"column":24}},"loc":{"start":{"line":76,"column":12},"end":{"line":78,"column":31}},"line":76},"6":{"name":"(anonymous_6)","decl":{"start":{"line":93,"column":28},"end":{"line":93,"column":29}},"loc":{"start":{"line":93,"column":39},"end":{"line":95,"column":11}},"line":93},"7":{"name":"(anonymous_7)","decl":{"start":{"line":97,"column":44},"end":{"line":97,"column":45}},"loc":{"start":{"line":98,"column":12},"end":{"line":100,"column":31}},"line":98},"8":{"name":"(anonymous_8)","decl":{"start":{"line":120,"column":28},"end":{"line":120,"column":29}},"loc":{"start":{"line":120,"column":35},"end":{"line":120,"column":64}},"line":120},"9":{"name":"(anonymous_9)","decl":{"start":{"line":121,"column":21},"end":{"line":121,"column":22}},"loc":{"start":{"line":121,"column":28},"end":{"line":125,"column":11}},"line":121}},"branchMap":{"0":{"loc":{"start":{"line":34,"column":47},"end":{"line":34,"column":69}},"type":"binary-expr","locations":[{"start":{"line":34,"column":47},"end":{"line":34,"column":63}},{"start":{"line":34,"column":67},"end":{"line":34,"column":69}}],"line":34},"1":{"loc":{"start":{"line":36,"column":4},"end":{"line":36,"column":62}},"type":"binary-expr","locations":[{"start":{"line":36,"column":4},"end":{"line":36,"column":34}},{"start":{"line":36,"column":38},"end":{"line":36,"column":62}}],"line":36},"2":{"loc":{"start":{"line":122,"column":12},"end":{"line":124,"column":13}},"type":"if","locations":[{"start":{"line":122,"column":12},"end":{"line":124,"column":13}},{"start":{},"end":{}}],"line":122},"3":{"loc":{"start":{"line":132,"column":18},"end":{"line":132,"column":42}},"type":"cond-expr","locations":[{"start":{"line":132,"column":26},"end":{"line":132,"column":35}},{"start":{"line":132,"column":38},"end":{"line":132,"column":42}}],"line":132}},"s":{"0":2,"1":2,"2":2,"3":2,"4":2,"5":2,"6":2,"7":2,"8":0,"9":0,"10":2,"11":0,"12":2,"13":0,"14":10,"15":0,"16":0,"17":0},"f":{"0":2,"1":2,"2":2,"3":0,"4":0,"5":2,"6":0,"7":10,"8":0,"9":0},"b":{"0":[2,0],"1":[2,0],"2":[0,0],"3":[0,2]},"_coverageSchema":"1a1c01bbd47fc00a2c39e90264f33305004495a9","hash":"efcdc08d2838e878b48060ddb6b5bc83feed04b2"}
,"/home/qpavy/Documents/workspace/manager/packages/manager-components/src/components/filters/filter-list.component.tsx": {"path":"/home/qpavy/Documents/workspace/manager/packages/manager-components/src/components/filters/filter-list.component.tsx","statementMap":{"0":{"start":{"line":17,"column":16},"end":{"line":17,"column":41}},"1":{"start":{"line":18,"column":16},"end":{"line":19,"column":53}},"2":{"start":{"line":19,"column":4},"end":{"line":19,"column":53}},"3":{"start":{"line":21,"column":2},"end":{"line":38,"column":4}},"4":{"start":{"line":24,"column":8},"end":{"line":35,"column":19}},"5":{"start":{"line":30,"column":34},"end":{"line":30,"column":56}}},"fnMap":{"0":{"name":"FilterList","decl":{"start":{"line":13,"column":16},"end":{"line":13,"column":26}},"loc":{"start":{"line":16,"column":30},"end":{"line":39,"column":1}},"line":16},"1":{"name":"(anonymous_1)","decl":{"start":{"line":18,"column":16},"end":{"line":18,"column":17}},"loc":{"start":{"line":19,"column":4},"end":{"line":19,"column":53}},"line":19},"2":{"name":"(anonymous_2)","decl":{"start":{"line":23,"column":20},"end":{"line":23,"column":21}},"loc":{"start":{"line":24,"column":8},"end":{"line":35,"column":19}},"line":24},"3":{"name":"(anonymous_3)","decl":{"start":{"line":30,"column":28},"end":{"line":30,"column":29}},"loc":{"start":{"line":30,"column":34},"end":{"line":30,"column":56}},"line":30}},"branchMap":{"0":{"loc":{"start":{"line":33,"column":11},"end":{"line":33,"column":77}},"type":"cond-expr","locations":[{"start":{"line":33,"column":26},"end":{"line":33,"column":72}},{"start":{"line":33,"column":75},"end":{"line":33,"column":77}}],"line":33}},"s":{"0":4,"1":4,"2":4,"3":4,"4":4,"5":1},"f":{"0":4,"1":4,"2":4,"3":1},"b":{"0":[4,0]},"_coverageSchema":"1a1c01bbd47fc00a2c39e90264f33305004495a9","hash":"5507dcd2f7c0f6a29adb369f3add61efee269b16"}
,"/home/qpavy/Documents/workspace/manager/packages/manager-components/src/components/guides-header/guides-header-item.component.tsx": {"path":"/home/qpavy/Documents/workspace/manager/packages/manager-components/src/components/guides-header/guides-header-item.component.tsx","statementMap":{"0":{"start":{"line":35,"column":2},"end":{"line":65,"column":4}},"1":{"start":{"line":44,"column":10},"end":{"line":46,"column":11}},"2":{"start":{"line":45,"column":12},"end":{"line":45,"column":27}}},"fnMap":{"0":{"name":"GuidesHeaderItem","decl":{"start":{"line":29,"column":16},"end":{"line":29,"column":32}},"loc":{"start":{"line":34,"column":26},"end":{"line":66,"column":1}},"line":34},"1":{"name":"(anonymous_1)","decl":{"start":{"line":43,"column":17},"end":{"line":43,"column":18}},"loc":{"start":{"line":43,"column":23},"end":{"line":47,"column":9}},"line":43}},"branchMap":{"0":{"loc":{"start":{"line":44,"column":10},"end":{"line":46,"column":11}},"type":"if","locations":[{"start":{"line":44,"column":10},"end":{"line":46,"column":11}},{"start":{},"end":{}}],"line":44}},"s":{"0":10,"1":2,"2":2},"f":{"0":10,"1":2},"b":{"0":[2,0]},"_coverageSchema":"1a1c01bbd47fc00a2c39e90264f33305004495a9","hash":"f733db47bef7eacb9aa4c05a21e6e5967cbb5cae"}
,"/home/qpavy/Documents/workspace/manager/packages/manager-components/src/components/guides-header/guides-header.component.tsx": {"path":"/home/qpavy/Documents/workspace/manager/packages/manager-components/src/components/guides-header/guides-header.component.tsx","statementMap":{"0":{"start":{"line":37,"column":2},"end":{"line":73,"column":4}},"1":{"start":{"line":60,"column":8},"end":{"line":70,"column":28}},"2":{"start":{"line":66,"column":12},"end":{"line":68,"column":13}},"3":{"start":{"line":67,"column":14},"end":{"line":67,"column":30}}},"fnMap":{"0":{"name":"GuidesHeader","decl":{"start":{"line":30,"column":16},"end":{"line":30,"column":28}},"loc":{"start":{"line":36,"column":22},"end":{"line":74,"column":1}},"line":36},"1":{"name":"(anonymous_1)","decl":{"start":{"line":59,"column":31},"end":{"line":59,"column":32}},"loc":{"start":{"line":60,"column":8},"end":{"line":70,"column":28}},"line":60},"2":{"name":"(anonymous_2)","decl":{"start":{"line":65,"column":19},"end":{"line":65,"column":20}},"loc":{"start":{"line":65,"column":33},"end":{"line":69,"column":11}},"line":65}},"branchMap":{"0":{"loc":{"start":{"line":66,"column":12},"end":{"line":68,"column":13}},"type":"if","locations":[{"start":{"line":66,"column":12},"end":{"line":68,"column":13}},{"start":{},"end":{}}],"line":66}},"s":{"0":5,"1":10,"2":2,"3":1},"f":{"0":5,"1":10,"2":2},"b":{"0":[1,1]},"_coverageSchema":"1a1c01bbd47fc00a2c39e90264f33305004495a9","hash":"8e1502fd38c103571b94d36032993f647aaed6d3"}
,"/home/qpavy/Documents/workspace/manager/packages/manager-components/src/components/guides-header/pci/pci-guides-header.component.tsx": {"path":"/home/qpavy/Documents/workspace/manager/packages/manager-components/src/components/guides-header/pci/pci-guides-header.component.tsx","statementMap":{"0":{"start":{"line":17,"column":28},"end":{"line":17,"column":54}},"1":{"start":{"line":18,"column":25},"end":{"line":18,"column":38}},"2":{"start":{"line":19,"column":14},"end":{"line":19,"column":49}},"3":{"start":{"line":20,"column":2},"end":{"line":35,"column":4}},"4":{"start":{"line":26,"column":8},"end":{"line":26,"column":51}},"5":{"start":{"line":29,"column":8},"end":{"line":32,"column":11}}},"fnMap":{"0":{"name":"PciGuidesHeader","decl":{"start":{"line":16,"column":16},"end":{"line":16,"column":31}},"loc":{"start":{"line":16,"column":68},"end":{"line":36,"column":1}},"line":16},"1":{"name":"(anonymous_1)","decl":{"start":{"line":25,"column":21},"end":{"line":25,"column":22}},"loc":{"start":{"line":26,"column":8},"end":{"line":26,"column":51}},"line":26},"2":{"name":"(anonymous_2)","decl":{"start":{"line":28,"column":20},"end":{"line":28,"column":21}},"loc":{"start":{"line":28,"column":38},"end":{"line":33,"column":7}},"line":28}},"branchMap":{},"s":{"0":0,"1":0,"2":0,"3":0,"4":0,"5":0},"f":{"0":0,"1":0,"2":0},"b":{}}
,"/home/qpavy/Documents/workspace/manager/packages/manager-components/src/components/input/tiles/TilesInput.component.tsx": {"path":"/home/qpavy/Documents/workspace/manager/packages/manager-components/src/components/input/tiles/TilesInput.component.tsx","statementMap":{"0":{"start":{"line":24,"column":35},"end":{"line":111,"column":1}},"1":{"start":{"line":34,"column":28},"end":{"line":38,"column":4}},"2":{"start":{"line":40,"column":2},"end":{"line":58,"column":21}},"3":{"start":{"line":41,"column":4},"end":{"line":57,"column":5}},"4":{"start":{"line":42,"column":21},"end":{"line":42,"column":38}},"5":{"start":{"line":44,"column":6},"end":{"line":46,"column":7}},"6":{"start":{"line":45,"column":8},"end":{"line":45,"column":42}},"7":{"start":{"line":48,"column":6},"end":{"line":54,"column":9}},"8":{"start":{"line":49,"column":24},"end":{"line":49,"column":38}},"9":{"start":{"line":50,"column":8},"end":{"line":52,"column":9}},"10":{"start":{"line":51,"column":10},"end":{"line":51,"column":34}},"11":{"start":{"line":53,"column":8},"end":{"line":53,"column":39}},"12":{"start":{"line":56,"column":6},"end":{"line":56,"column":48}},"13":{"start":{"line":56,"column":26},"end":{"line":56,"column":45}},"14":{"start":{"line":60,"column":2},"end":{"line":64,"column":28}},"15":{"start":{"line":61,"column":4},"end":{"line":63,"column":5}},"16":{"start":{"line":62,"column":6},"end":{"line":62,"column":42}},"17":{"start":{"line":66,"column":2},"end":{"line":110,"column":4}},"18":{"start":{"line":72,"column":33},"end":{"line":72,"column":72}},"19":{"start":{"line":74,"column":12},"end":{"line":92,"column":14}},"20":{"start":{"line":86,"column":24},"end":{"line":86,"column":76}},"21":{"start":{"line":86,"column":44},"end":{"line":86,"column":73}},"22":{"start":{"line":87,"column":24},"end":{"line":87,"column":64}},"23":{"start":{"line":87,"column":45},"end":{"line":87,"column":64}},"24":{"start":{"line":95,"column":12},"end":{"line":95,"column":64}},"25":{"start":{"line":95,"column":32},"end":{"line":95,"column":61}}},"fnMap":{"0":{"name":"TilesInputComponent","decl":{"start":{"line":24,"column":44},"end":{"line":24,"column":63}},"loc":{"start":{"line":33,"column":33},"end":{"line":111,"column":1}},"line":33},"1":{"name":"(anonymous_1)","decl":{"start":{"line":40,"column":12},"end":{"line":40,"column":13}},"loc":{"start":{"line":40,"column":18},"end":{"line":58,"column":3}},"line":40},"2":{"name":"(anonymous_2)","decl":{"start":{"line":48,"column":20},"end":{"line":48,"column":21}},"loc":{"start":{"line":48,"column":30},"end":{"line":54,"column":7}},"line":48},"3":{"name":"(anonymous_3)","decl":{"start":{"line":56,"column":15},"end":{"line":56,"column":16}},"loc":{"start":{"line":56,"column":26},"end":{"line":56,"column":45}},"line":56},"4":{"name":"(anonymous_4)","decl":{"start":{"line":60,"column":12},"end":{"line":60,"column":13}},"loc":{"start":{"line":60,"column":18},"end":{"line":64,"column":3}},"line":60},"5":{"name":"(anonymous_5)","decl":{"start":{"line":72,"column":24},"end":{"line":72,"column":25}},"loc":{"start":{"line":72,"column":33},"end":{"line":72,"column":72}},"line":72},"6":{"name":"(anonymous_6)","decl":{"start":{"line":73,"column":26},"end":{"line":73,"column":27}},"loc":{"start":{"line":74,"column":12},"end":{"line":92,"column":14}},"line":74},"7":{"name":"(anonymous_7)","decl":{"start":{"line":85,"column":32},"end":{"line":85,"column":33}},"loc":{"start":{"line":85,"column":39},"end":{"line":88,"column":23}},"line":85},"8":{"name":"(anonymous_8)","decl":{"start":{"line":86,"column":33},"end":{"line":86,"column":34}},"loc":{"start":{"line":86,"column":44},"end":{"line":86,"column":73}},"line":86},"9":{"name":"(anonymous_9)","decl":{"start":{"line":94,"column":20},"end":{"line":94,"column":21}},"loc":{"start":{"line":94,"column":27},"end":{"line":96,"column":11}},"line":94},"10":{"name":"(anonymous_10)","decl":{"start":{"line":95,"column":21},"end":{"line":95,"column":22}},"loc":{"start":{"line":95,"column":32},"end":{"line":95,"column":61}},"line":95}},"branchMap":{"0":{"loc":{"start":{"line":41,"column":4},"end":{"line":57,"column":5}},"type":"if","locations":[{"start":{"line":41,"column":4},"end":{"line":57,"column":5}},{"start":{},"end":{}}],"line":41},"1":{"loc":{"start":{"line":41,"column":8},"end":{"line":41,"column":47}},"type":"binary-expr","locations":[{"start":{"line":41,"column":8},"end":{"line":41,"column":13}},{"start":{"line":41,"column":17},"end":{"line":41,"column":47}}],"line":41},"2":{"loc":{"start":{"line":44,"column":6},"end":{"line":46,"column":7}},"type":"if","locations":[{"start":{"line":44,"column":6},"end":{"line":46,"column":7}},{"start":{},"end":{}}],"line":44},"3":{"loc":{"start":{"line":50,"column":8},"end":{"line":52,"column":9}},"type":"if","locations":[{"start":{"line":50,"column":8},"end":{"line":52,"column":9}},{"start":{},"end":{}}],"line":50},"4":{"loc":{"start":{"line":61,"column":4},"end":{"line":63,"column":5}},"type":"if","locations":[{"start":{"line":61,"column":4},"end":{"line":63,"column":5}},{"start":{},"end":{}}],"line":61},"5":{"loc":{"start":{"line":61,"column":8},"end":{"line":61,"column":31}},"type":"binary-expr","locations":[{"start":{"line":61,"column":8},"end":{"line":61,"column":13}},{"start":{"line":61,"column":17},"end":{"line":61,"column":31}}],"line":61},"6":{"loc":{"start":{"line":68,"column":7},"end":{"line":108,"column":7}},"type":"cond-expr","locations":[{"start":{"line":69,"column":8},"end":{"line":97,"column":10}},{"start":{"line":99,"column":8},"end":{"line":107,"column":10}}],"line":68},"7":{"loc":{"start":{"line":76,"column":21},"end":{"line":76,"column":49}},"type":"binary-expr","locations":[{"start":{"line":76,"column":21},"end":{"line":76,"column":43}},{"start":{"line":76,"column":47},"end":{"line":76,"column":49}}],"line":76},"8":{"loc":{"start":{"line":82,"column":16},"end":{"line":90,"column":29}},"type":"cond-expr","locations":[{"start":{"line":83,"column":20},"end":{"line":89,"column":21}},{"start":{"line":90,"column":20},"end":{"line":90,"column":29}}],"line":82},"9":{"loc":{"start":{"line":87,"column":24},"end":{"line":87,"column":64}},"type":"if","locations":[{"start":{"line":87,"column":24},"end":{"line":87,"column":64}},{"start":{},"end":{}}],"line":87}},"s":{"0":0,"1":0,"2":0,"3":0,"4":0,"5":0,"6":0,"7":0,"8":0,"9":0,"10":0,"11":0,"12":0,"13":0,"14":0,"15":0,"16":0,"17":0,"18":0,"19":0,"20":0,"21":0,"22":0,"23":0,"24":0,"25":0},"f":{"0":0,"1":0,"2":0,"3":0,"4":0,"5":0,"6":0,"7":0,"8":0,"9":0,"10":0},"b":{"0":[0,0],"1":[0,0],"2":[0,0],"3":[0,0],"4":[0,0],"5":[0,0],"6":[0,0],"7":[0,0],"8":[0,0],"9":[0,0]}}
,"/home/qpavy/Documents/workspace/manager/packages/manager-components/src/components/input/tiles/components/SimpleTilesInput.component.tsx": {"path":"/home/qpavy/Documents/workspace/manager/packages/manager-components/src/components/input/tiles/components/SimpleTilesInput.component.tsx","statementMap":{"0":{"start":{"line":11,"column":15},"end":{"line":21,"column":1}},"1":{"start":{"line":12,"column":2},"end":{"line":20,"column":4}},"2":{"start":{"line":15,"column":8},"end":{"line":15,"column":56}},"3":{"start":{"line":15,"column":32},"end":{"line":15,"column":56}},"4":{"start":{"line":17,"column":8},"end":{"line":17,"column":19}},"5":{"start":{"line":23,"column":19},"end":{"line":41,"column":1}},"6":{"start":{"line":27,"column":17},"end":{"line":27,"column":34}},"7":{"start":{"line":29,"column":2},"end":{"line":38,"column":3}},"8":{"start":{"line":30,"column":20},"end":{"line":30,"column":43}},"9":{"start":{"line":31,"column":4},"end":{"line":35,"column":7}},"10":{"start":{"line":32,"column":18},"end":{"line":32,"column":28}},"11":{"start":{"line":33,"column":6},"end":{"line":33,"column":26}},"12":{"start":{"line":34,"column":6},"end":{"line":34,"column":80}},"13":{"start":{"line":34,"column":53},"end":{"line":34,"column":77}},"14":{"start":{"line":37,"column":4},"end":{"line":37,"column":33}},"15":{"start":{"line":40,"column":2},"end":{"line":40,"column":16}},"16":{"start":{"line":69,"column":41},"end":{"line":218,"column":1}},"17":{"start":{"line":81,"column":28},"end":{"line":86,"column":4}},"18":{"start":{"line":88,"column":14},"end":{"line":93,"column":3}},"19":{"start":{"line":90,"column":6},"end":{"line":90,"column":58}},"20":{"start":{"line":90,"column":26},"end":{"line":90,"column":55}},"21":{"start":{"line":92,"column":21},"end":{"line":92,"column":31}},"22":{"start":{"line":95,"column":13},"end":{"line":108,"column":3}},"23":{"start":{"line":99,"column":10},"end":{"line":101,"column":54}},"24":{"start":{"line":104,"column":39},"end":{"line":104,"column":72}},"25":{"start":{"line":111,"column":2},"end":{"line":113,"column":21}},"26":{"start":{"line":112,"column":4},"end":{"line":112,"column":76}},"27":{"start":{"line":112,"column":24},"end":{"line":112,"column":73}},"28":{"start":{"line":116,"column":2},"end":{"line":124,"column":18}},"29":{"start":{"line":117,"column":4},"end":{"line":123,"column":5}},"30":{"start":{"line":118,"column":6},"end":{"line":122,"column":10}},"31":{"start":{"line":118,"column":26},"end":{"line":122,"column":7}},"32":{"start":{"line":127,"column":2},"end":{"line":131,"column":28}},"33":{"start":{"line":128,"column":4},"end":{"line":130,"column":5}},"34":{"start":{"line":129,"column":6},"end":{"line":129,"column":42}},"35":{"start":{"line":134,"column":2},"end":{"line":138,"column":14}},"36":{"start":{"line":135,"column":4},"end":{"line":137,"column":5}},"37":{"start":{"line":136,"column":6},"end":{"line":136,"column":61}},"38":{"start":{"line":141,"column":2},"end":{"line":149,"column":28}},"39":{"start":{"line":142,"column":4},"end":{"line":148,"column":5}},"40":{"start":{"line":147,"column":6},"end":{"line":147,"column":58}},"41":{"start":{"line":151,"column":2},"end":{"line":217,"column":4}},"42":{"start":{"line":156,"column":14},"end":{"line":174,"column":19}},"43":{"start":{"line":160,"column":20},"end":{"line":162,"column":46}},"44":{"start":{"line":177,"column":14},"end":{"line":189,"column":19}},"45":{"start":{"line":180,"column":33},"end":{"line":180,"column":48}}},"fnMap":{"0":{"name":"uniqBy","decl":{"start":{"line":11,"column":24},"end":{"line":11,"column":30}},"loc":{"start":{"line":11,"column":74},"end":{"line":21,"column":1}},"line":11},"1":{"name":"(anonymous_1)","decl":{"start":{"line":14,"column":14},"end":{"line":14,"column":15}},"loc":{"start":{"line":14,"column":44},"end":{"line":18,"column":7}},"line":14},"2":{"name":"stackItems","decl":{"start":{"line":23,"column":28},"end":{"line":23,"column":38}},"loc":{"start":{"line":26,"column":15},"end":{"line":41,"column":1}},"line":26},"3":{"name":"(anonymous_3)","decl":{"start":{"line":31,"column":20},"end":{"line":31,"column":21}},"loc":{"start":{"line":31,"column":32},"end":{"line":35,"column":5}},"line":31},"4":{"name":"(anonymous_4)","decl":{"start":{"line":34,"column":43},"end":{"line":34,"column":44}},"loc":{"start":{"line":34,"column":53},"end":{"line":34,"column":77}},"line":34},"5":{"name":"SimpleTilesInputComponent","decl":{"start":{"line":69,"column":50},"end":{"line":69,"column":75}},"loc":{"start":{"line":80,"column":36},"end":{"line":218,"column":1}},"line":80},"6":{"name":"(anonymous_6)","decl":{"start":{"line":89,"column":19},"end":{"line":89,"column":20}},"loc":{"start":{"line":89,"column":29},"end":{"line":91,"column":5}},"line":89},"7":{"name":"(anonymous_7)","decl":{"start":{"line":90,"column":15},"end":{"line":90,"column":16}},"loc":{"start":{"line":90,"column":26},"end":{"line":90,"column":55}},"line":90},"8":{"name":"(anonymous_8)","decl":{"start":{"line":92,"column":11},"end":{"line":92,"column":12}},"loc":{"start":{"line":92,"column":21},"end":{"line":92,"column":31}},"line":92},"9":{"name":"(anonymous_9)","decl":{"start":{"line":98,"column":8},"end":{"line":98,"column":9}},"loc":{"start":{"line":99,"column":10},"end":{"line":101,"column":54}},"line":99},"10":{"name":"(anonymous_10)","decl":{"start":{"line":104,"column":29},"end":{"line":104,"column":30}},"loc":{"start":{"line":104,"column":39},"end":{"line":104,"column":72}},"line":104},"11":{"name":"(anonymous_11)","decl":{"start":{"line":111,"column":12},"end":{"line":111,"column":13}},"loc":{"start":{"line":111,"column":18},"end":{"line":113,"column":3}},"line":111},"12":{"name":"(anonymous_12)","decl":{"start":{"line":112,"column":13},"end":{"line":112,"column":14}},"loc":{"start":{"line":112,"column":24},"end":{"line":112,"column":73}},"line":112},"13":{"name":"(anonymous_13)","decl":{"start":{"line":116,"column":12},"end":{"line":116,"column":13}},"loc":{"start":{"line":116,"column":18},"end":{"line":124,"column":3}},"line":116},"14":{"name":"(anonymous_14)","decl":{"start":{"line":118,"column":15},"end":{"line":118,"column":16}},"loc":{"start":{"line":118,"column":26},"end":{"line":122,"column":7}},"line":118},"15":{"name":"(anonymous_15)","decl":{"start":{"line":127,"column":12},"end":{"line":127,"column":13}},"loc":{"start":{"line":127,"column":18},"end":{"line":131,"column":3}},"line":127},"16":{"name":"(anonymous_16)","decl":{"start":{"line":134,"column":12},"end":{"line":134,"column":13}},"loc":{"start":{"line":134,"column":18},"end":{"line":138,"column":3}},"line":134},"17":{"name":"(anonymous_17)","decl":{"start":{"line":141,"column":12},"end":{"line":141,"column":13}},"loc":{"start":{"line":141,"column":18},"end":{"line":149,"column":3}},"line":141},"18":{"name":"(anonymous_18)","decl":{"start":{"line":155,"column":41},"end":{"line":155,"column":42}},"loc":{"start":{"line":156,"column":14},"end":{"line":174,"column":19}},"line":156},"19":{"name":"(anonymous_19)","decl":{"start":{"line":159,"column":27},"end":{"line":159,"column":28}},"loc":{"start":{"line":160,"column":20},"end":{"line":162,"column":46}},"line":160},"20":{"name":"(anonymous_20)","decl":{"start":{"line":176,"column":22},"end":{"line":176,"column":23}},"loc":{"start":{"line":177,"column":14},"end":{"line":189,"column":19}},"line":177},"21":{"name":"(anonymous_21)","decl":{"start":{"line":180,"column":27},"end":{"line":180,"column":28}},"loc":{"start":{"line":180,"column":33},"end":{"line":180,"column":48}},"line":180}},"branchMap":{"0":{"loc":{"start":{"line":15,"column":8},"end":{"line":15,"column":56}},"type":"if","locations":[{"start":{"line":15,"column":8},"end":{"line":15,"column":56}},{"start":{},"end":{}}],"line":15},"1":{"loc":{"start":{"line":29,"column":2},"end":{"line":38,"column":3}},"type":"if","locations":[{"start":{"line":29,"column":2},"end":{"line":38,"column":3}},{"start":{"line":36,"column":9},"end":{"line":38,"column":3}}],"line":29},"2":{"loc":{"start":{"line":99,"column":10},"end":{"line":101,"column":54}},"type":"cond-expr","locations":[{"start":{"line":100,"column":14},"end":{"line":100,"column":47}},{"start":{"line":101,"column":14},"end":{"line":101,"column":54}}],"line":99},"3":{"loc":{"start":{"line":117,"column":4},"end":{"line":123,"column":5}},"type":"if","locations":[{"start":{"line":117,"column":4},"end":{"line":123,"column":5}},{"start":{},"end":{}}],"line":117},"4":{"loc":{"start":{"line":128,"column":4},"end":{"line":130,"column":5}},"type":"if","locations":[{"start":{"line":128,"column":4},"end":{"line":130,"column":5}},{"start":{},"end":{}}],"line":128},"5":{"loc":{"start":{"line":135,"column":4},"end":{"line":137,"column":5}},"type":"if","locations":[{"start":{"line":135,"column":4},"end":{"line":137,"column":5}},{"start":{},"end":{}}],"line":135},"6":{"loc":{"start":{"line":136,"column":24},"end":{"line":136,"column":59}},"type":"cond-expr","locations":[{"start":{"line":136,"column":32},"end":{"line":136,"column":47}},{"start":{"line":136,"column":50},"end":{"line":136,"column":59}}],"line":136},"7":{"loc":{"start":{"line":142,"column":4},"end":{"line":148,"column":5}},"type":"if","locations":[{"start":{"line":142,"column":4},"end":{"line":148,"column":5}},{"start":{},"end":{}}],"line":142},"8":{"loc":{"start":{"line":143,"column":6},"end":{"line":145,"column":54}},"type":"binary-expr","locations":[{"start":{"line":143,"column":6},"end":{"line":143,"column":11}},{"start":{"line":144,"column":6},"end":{"line":144,"column":51}},{"start":{"line":145,"column":6},"end":{"line":145,"column":54}}],"line":143},"9":{"loc":{"start":{"line":152,"column":13},"end":{"line":152,"column":49}},"type":"cond-expr","locations":[{"start":{"line":152,"column":40},"end":{"line":152,"column":44}},{"start":{"line":152,"column":47},"end":{"line":152,"column":49}}],"line":152},"10":{"loc":{"start":{"line":154,"column":9},"end":{"line":190,"column":14}},"type":"cond-expr","locations":[{"start":{"line":155,"column":12},"end":{"line":175,"column":14}},{"start":{"line":176,"column":12},"end":{"line":190,"column":14}}],"line":154},"11":{"loc":{"start":{"line":160,"column":20},"end":{"line":162,"column":46}},"type":"cond-expr","locations":[{"start":{"line":161,"column":24},"end":{"line":161,"column":59}},{"start":{"line":162,"column":24},"end":{"line":162,"column":46}}],"line":160},"12":{"loc":{"start":{"line":165,"column":20},"end":{"line":167,"column":43}},"type":"cond-expr","locations":[{"start":{"line":166,"column":24},"end":{"line":166,"column":41}},{"start":{"line":167,"column":24},"end":{"line":167,"column":43}}],"line":165},"13":{"loc":{"start":{"line":170,"column":19},"end":{"line":172,"column":62}},"type":"cond-expr","locations":[{"start":{"line":171,"column":22},"end":{"line":171,"column":53}},{"start":{"line":172,"column":22},"end":{"line":172,"column":62}}],"line":170},"14":{"loc":{"start":{"line":182,"column":20},"end":{"line":184,"column":43}},"type":"cond-expr","locations":[{"start":{"line":183,"column":24},"end":{"line":183,"column":41}},{"start":{"line":184,"column":24},"end":{"line":184,"column":43}}],"line":182},"15":{"loc":{"start":{"line":192,"column":7},"end":{"line":215,"column":9}},"type":"binary-expr","locations":[{"start":{"line":192,"column":7},"end":{"line":192,"column":26}},{"start":{"line":193,"column":8},"end":{"line":193,"column":57}},{"start":{"line":194,"column":10},"end":{"line":214,"column":13}}],"line":192}},"s":{"0":0,"1":0,"2":0,"3":0,"4":0,"5":0,"6":0,"7":0,"8":0,"9":0,"10":0,"11":0,"12":0,"13":0,"14":0,"15":0,"16":0,"17":0,"18":0,"19":0,"20":0,"21":0,"22":0,"23":0,"24":0,"25":0,"26":0,"27":0,"28":0,"29":0,"30":0,"31":0,"32":0,"33":0,"34":0,"35":0,"36":0,"37":0,"38":0,"39":0,"40":0,"41":0,"42":0,"43":0,"44":0,"45":0},"f":{"0":0,"1":0,"2":0,"3":0,"4":0,"5":0,"6":0,"7":0,"8":0,"9":0,"10":0,"11":0,"12":0,"13":0,"14":0,"15":0,"16":0,"17":0,"18":0,"19":0,"20":0,"21":0},"b":{"0":[0,0],"1":[0,0],"2":[0,0],"3":[0,0],"4":[0,0],"5":[0,0],"6":[0,0],"7":[0,0],"8":[0,0,0],"9":[0,0],"10":[0,0],"11":[0,0],"12":[0,0],"13":[0,0],"14":[0,0],"15":[0,0,0]}}
,"/home/qpavy/Documents/workspace/manager/packages/manager-components/src/components/navigation/card/card.component.tsx": {"path":"/home/qpavy/Documents/workspace/manager/packages/manager-components/src/components/navigation/card/card.component.tsx","statementMap":{"0":{"start":{"line":46,"column":41},"end":{"line":136,"column":1}},"1":{"start":{"line":57,"column":43},"end":{"line":57,"column":48}},"2":{"start":{"line":58,"column":16},"end":{"line":58,"column":38}},"3":{"start":{"line":60,"column":2},"end":{"line":135,"column":4}},"4":{"start":{"line":95,"column":16},"end":{"line":103,"column":27}}},"fnMap":{"0":{"name":"(anonymous_0)","decl":{"start":{"line":46,"column":41},"end":{"line":46,"column":42}},"loc":{"start":{"line":56,"column":6},"end":{"line":136,"column":1}},"line":56},"1":{"name":"(anonymous_1)","decl":{"start":{"line":94,"column":27},"end":{"line":94,"column":28}},"loc":{"start":{"line":95,"column":16},"end":{"line":103,"column":27}},"line":95}},"branchMap":{"0":{"loc":{"start":{"line":78,"column":11},"end":{"line":84,"column":11}},"type":"binary-expr","locations":[{"start":{"line":78,"column":11},"end":{"line":78,"column":19}},{"start":{"line":79,"column":12},"end":{"line":83,"column":14}}],"line":78},"1":{"loc":{"start":{"line":130,"column":18},"end":{"line":130,"column":68}},"type":"cond-expr","locations":[{"start":{"line":130,"column":35},"end":{"line":130,"column":52}},{"start":{"line":130,"column":55},"end":{"line":130,"column":68}}],"line":130}},"s":{"0":4,"1":8,"2":8,"3":8,"4":1},"f":{"0":8,"1":1},"b":{"0":[8,2],"1":[0,8]},"_coverageSchema":"1a1c01bbd47fc00a2c39e90264f33305004495a9","hash":"ea8bcd829828049e41f3a6e20022c06e53eb51fe"}
,"/home/qpavy/Documents/workspace/manager/packages/manager-components/src/components/navigation/menus/action/action.component.tsx": {"path":"/home/qpavy/Documents/workspace/manager/packages/manager-components/src/components/navigation/menus/action/action.component.tsx","statementMap":{"0":{"start":{"line":47,"column":28},"end":{"line":63,"column":1}},"1":{"start":{"line":55,"column":15},"end":{"line":55,"column":63}},"2":{"start":{"line":56,"column":16},"end":{"line":56,"column":46}},"3":{"start":{"line":59,"column":4},"end":{"line":60,"column":75}},"4":{"start":{"line":62,"column":2},"end":{"line":62,"column":31}},"5":{"start":{"line":65,"column":17},"end":{"line":105,"column":1}},"6":{"start":{"line":72,"column":22},"end":{"line":78,"column":3}},"7":{"start":{"line":79,"column":2},"end":{"line":104,"column":4}},"8":{"start":{"line":107,"column":53},"end":{"line":140,"column":1}},"9":{"start":{"line":113,"column":16},"end":{"line":113,"column":41}},"10":{"start":{"line":114,"column":23},"end":{"line":114,"column":59}},"11":{"start":{"line":115,"column":36},"end":{"line":115,"column":57}},"12":{"start":{"line":117,"column":2},"end":{"line":139,"column":4}},"13":{"start":{"line":127,"column":23},"end":{"line":127,"column":41}},"14":{"start":{"line":136,"column":8},"end":{"line":136,"column":71}}},"fnMap":{"0":{"name":"(anonymous_0)","decl":{"start":{"line":47,"column":28},"end":{"line":47,"column":29}},"loc":{"start":{"line":54,"column":5},"end":{"line":63,"column":1}},"line":54},"1":{"name":"(anonymous_1)","decl":{"start":{"line":65,"column":17},"end":{"line":65,"column":18}},"loc":{"start":{"line":71,"column":6},"end":{"line":105,"column":1}},"line":71},"2":{"name":"(anonymous_2)","decl":{"start":{"line":107,"column":53},"end":{"line":107,"column":54}},"loc":{"start":{"line":112,"column":6},"end":{"line":140,"column":1}},"line":112},"3":{"name":"(anonymous_3)","decl":{"start":{"line":127,"column":17},"end":{"line":127,"column":18}},"loc":{"start":{"line":127,"column":23},"end":{"line":127,"column":41}},"line":127},"4":{"name":"(anonymous_4)","decl":{"start":{"line":135,"column":17},"end":{"line":135,"column":18}},"loc":{"start":{"line":135,"column":38},"end":{"line":137,"column":7}},"line":135}},"branchMap":{"0":{"loc":{"start":{"line":55,"column":15},"end":{"line":55,"column":63}},"type":"cond-expr","locations":[{"start":{"line":55,"column":27},"end":{"line":55,"column":43}},{"start":{"line":55,"column":46},"end":{"line":55,"column":63}}],"line":55},"1":{"loc":{"start":{"line":59,"column":4},"end":{"line":60,"column":75}},"type":"binary-expr","locations":[{"start":{"line":59,"column":4},"end":{"line":59,"column":8}},{"start":{"line":60,"column":5},"end":{"line":60,"column":74}}],"line":59},"2":{"loc":{"start":{"line":60,"column":5},"end":{"line":60,"column":74}},"type":"cond-expr","locations":[{"start":{"line":60,"column":17},"end":{"line":60,"column":39}},{"start":{"line":60,"column":42},"end":{"line":60,"column":74}}],"line":60},"3":{"loc":{"start":{"line":81,"column":7},"end":{"line":102,"column":7}},"type":"cond-expr","locations":[{"start":{"line":82,"column":8},"end":{"line":89,"column":21}},{"start":{"line":91,"column":8},"end":{"line":101,"column":24}}],"line":81},"4":{"loc":{"start":{"line":81,"column":7},"end":{"line":81,"column":58}},"type":"binary-expr","locations":[{"start":{"line":81,"column":7},"end":{"line":81,"column":24}},{"start":{"line":81,"column":28},"end":{"line":81,"column":58}}],"line":81},"5":{"loc":{"start":{"line":84,"column":20},"end":{"line":84,"column":53}},"type":"binary-expr","locations":[{"start":{"line":84,"column":20},"end":{"line":84,"column":40}},{"start":{"line":84,"column":44},"end":{"line":84,"column":53}}],"line":84},"6":{"loc":{"start":{"line":96,"column":20},"end":{"line":96,"column":53}},"type":"binary-expr","locations":[{"start":{"line":96,"column":20},"end":{"line":96,"column":40}},{"start":{"line":96,"column":44},"end":{"line":96,"column":53}}],"line":96},"7":{"loc":{"start":{"line":118,"column":24},"end":{"line":118,"column":45}},"type":"binary-expr","locations":[{"start":{"line":118,"column":24},"end":{"line":118,"column":32}},{"start":{"line":118,"column":36},"end":{"line":118,"column":45}}],"line":118},"8":{"loc":{"start":{"line":126,"column":16},"end":{"line":126,"column":38}},"type":"binary-expr","locations":[{"start":{"line":126,"column":16},"end":{"line":126,"column":25}},{"start":{"line":126,"column":29},"end":{"line":126,"column":38}}],"line":126},"9":{"loc":{"start":{"line":129,"column":9},"end":{"line":129,"column":42}},"type":"binary-expr","locations":[{"start":{"line":129,"column":9},"end":{"line":129,"column":19}},{"start":{"line":129,"column":23},"end":{"line":129,"column":42}}],"line":129},"10":{"loc":{"start":{"line":130,"column":20},"end":{"line":130,"column":50}},"type":"cond-expr","locations":[{"start":{"line":130,"column":33},"end":{"line":130,"column":38}},{"start":{"line":130,"column":41},"end":{"line":130,"column":50}}],"line":130}},"s":{"0":2,"1":5,"2":5,"3":5,"4":5,"5":2,"6":10,"7":10,"8":2,"9":5,"10":5,"11":5,"12":5,"13":1,"14":10},"f":{"0":5,"1":10,"2":5,"3":1,"4":10},"b":{"0":[1,4],"1":[5,4],"2":[1,3],"3":[2,8],"4":[10,8],"5":[2,2],"6":[8,8],"7":[5,5],"8":[5,4],"9":[5,4],"10":[4,1]},"_coverageSchema":"1a1c01bbd47fc00a2c39e90264f33305004495a9","hash":"1d9d9ff0a3aea1dc2e139d8ab7c15d789c410eed"}
,"/home/qpavy/Documents/workspace/manager/packages/manager-components/src/components/navigation/menus/guide/guide.component.tsx": {"path":"/home/qpavy/Documents/workspace/manager/packages/manager-components/src/components/navigation/menus/guide/guide.component.tsx","statementMap":{"0":{"start":{"line":37,"column":55},"end":{"line":75,"column":1}},"1":{"start":{"line":38,"column":16},"end":{"line":38,"column":41}},"2":{"start":{"line":39,"column":2},"end":{"line":74,"column":4}},"3":{"start":{"line":60,"column":8},"end":{"line":71,"column":24}}},"fnMap":{"0":{"name":"(anonymous_0)","decl":{"start":{"line":37,"column":55},"end":{"line":37,"column":56}},"loc":{"start":{"line":37,"column":70},"end":{"line":75,"column":1}},"line":37},"1":{"name":"(anonymous_1)","decl":{"start":{"line":59,"column":17},"end":{"line":59,"column":18}},"loc":{"start":{"line":60,"column":8},"end":{"line":71,"column":24}},"line":60}},"branchMap":{},"s":{"0":2,"1":2,"2":2,"3":4},"f":{"0":2,"1":4},"b":{},"_coverageSchema":"1a1c01bbd47fc00a2c39e90264f33305004495a9","hash":"150738d6dd0c1881e76390f899ea36550ac16d44"}
,"/home/qpavy/Documents/workspace/manager/packages/manager-components/src/components/notifications/notifications.component.tsx": {"path":"/home/qpavy/Documents/workspace/manager/packages/manager-components/src/components/notifications/notifications.component.tsx","statementMap":{"0":{"start":{"line":20,"column":52},"end":{"line":39,"column":1}},"1":{"start":{"line":23,"column":19},"end":{"line":23,"column":32}},"2":{"start":{"line":24,"column":27},"end":{"line":24,"column":45}},"3":{"start":{"line":25,"column":48},"end":{"line":25,"column":66}},"4":{"start":{"line":27,"column":2},"end":{"line":30,"column":42}},"5":{"start":{"line":28,"column":4},"end":{"line":29,"column":27}},"6":{"start":{"line":29,"column":6},"end":{"line":29,"column":27}},"7":{"start":{"line":32,"column":2},"end":{"line":38,"column":4}},"8":{"start":{"line":35,"column":8},"end":{"line":35,"column":78}}},"fnMap":{"0":{"name":"(anonymous_0)","decl":{"start":{"line":20,"column":52},"end":{"line":20,"column":53}},"loc":{"start":{"line":22,"column":6},"end":{"line":39,"column":1}},"line":22},"1":{"name":"(anonymous_1)","decl":{"start":{"line":27,"column":12},"end":{"line":27,"column":13}},"loc":{"start":{"line":27,"column":18},"end":{"line":30,"column":3}},"line":27},"2":{"name":"(anonymous_2)","decl":{"start":{"line":34,"column":25},"end":{"line":34,"column":26}},"loc":{"start":{"line":35,"column":8},"end":{"line":35,"column":78}},"line":35}},"branchMap":{"0":{"loc":{"start":{"line":21,"column":2},"end":{"line":21,"column":23}},"type":"default-arg","locations":[{"start":{"line":21,"column":19},"end":{"line":21,"column":23}}],"line":21},"1":{"loc":{"start":{"line":28,"column":4},"end":{"line":29,"column":27}},"type":"if","locations":[{"start":{"line":28,"column":4},"end":{"line":29,"column":27}},{"start":{},"end":{}}],"line":28},"2":{"loc":{"start":{"line":28,"column":8},"end":{"line":28,"column":71}},"type":"binary-expr","locations":[{"start":{"line":28,"column":8},"end":{"line":28,"column":22}},{"start":{"line":28,"column":26},"end":{"line":28,"column":71}}],"line":28}},"s":{"0":1,"1":6,"2":6,"3":6,"4":6,"5":4,"6":0,"7":6,"8":6},"f":{"0":6,"1":4,"2":6},"b":{"0":[6],"1":[0,4],"2":[4,4]},"_coverageSchema":"1a1c01bbd47fc00a2c39e90264f33305004495a9","hash":"577e0512576e249379f67c7750cf5cd37b9559af"}
,"/home/qpavy/Documents/workspace/manager/packages/manager-components/src/components/table/table.component.tsx": {"path":"/home/qpavy/Documents/workspace/manager/packages/manager-components/src/components/table/table.component.tsx","statementMap":{"0":{"start":{"line":9,"column":43},"end":{"line":20,"column":1}},"1":{"start":{"line":14,"column":2},"end":{"line":19,"column":10}}},"fnMap":{"0":{"name":"(anonymous_0)","decl":{"start":{"line":9,"column":43},"end":{"line":9,"column":44}},"loc":{"start":{"line":14,"column":2},"end":{"line":19,"column":10}},"line":14}},"branchMap":{"0":{"loc":{"start":{"line":11,"column":2},"end":{"line":11,"column":19}},"type":"default-arg","locations":[{"start":{"line":11,"column":14},"end":{"line":11,"column":19}}],"line":11},"1":{"loc":{"start":{"line":12,"column":2},"end":{"line":12,"column":17}},"type":"default-arg","locations":[{"start":{"line":12,"column":16},"end":{"line":12,"column":17}}],"line":12},"2":{"loc":{"start":{"line":15,"column":33},"end":{"line":15,"column":58}},"type":"cond-expr","locations":[{"start":{"line":15,"column":45},"end":{"line":15,"column":53}},{"start":{"line":15,"column":56},"end":{"line":15,"column":58}}],"line":15}},"s":{"0":1,"1":4},"f":{"0":4},"b":{"0":[3],"1":[4],"2":[1,3]},"_coverageSchema":"1a1c01bbd47fc00a2c39e90264f33305004495a9","hash":"69ee4d397be123e214e328faf6f7ffb13c769a95"}
,"/home/qpavy/Documents/workspace/manager/packages/manager-components/src/components/templates/dashboard/dashboard.component.tsx": {"path":"/home/qpavy/Documents/workspace/manager/packages/manager-components/src/components/templates/dashboard/dashboard.component.tsx","statementMap":{"0":{"start":{"line":16,"column":31},"end":{"line":47,"column":1}},"1":{"start":{"line":24,"column":2},"end":{"line":46,"column":4}}},"fnMap":{"0":{"name":"(anonymous_0)","decl":{"start":{"line":16,"column":31},"end":{"line":16,"column":32}},"loc":{"start":{"line":23,"column":28},"end":{"line":47,"column":1}},"line":23}},"branchMap":{"0":{"loc":{"start":{"line":27,"column":7},"end":{"line":33,"column":7}},"type":"binary-expr","locations":[{"start":{"line":27,"column":7},"end":{"line":27,"column":13}},{"start":{"line":28,"column":8},"end":{"line":32,"column":10}}],"line":27},"1":{"loc":{"start":{"line":34,"column":7},"end":{"line":42,"column":7}},"type":"binary-expr","locations":[{"start":{"line":34,"column":7},"end":{"line":34,"column":16}},{"start":{"line":35,"column":8},"end":{"line":41,"column":10}}],"line":34}},"s":{"0":1,"1":1},"f":{"0":1},"b":{"0":[1,1],"1":[1,1]},"_coverageSchema":"1a1c01bbd47fc00a2c39e90264f33305004495a9","hash":"d9e1f04fb8bd7d34a8e62fc22e8a799b8c4024c4"}
,"/home/qpavy/Documents/workspace/manager/packages/manager-components/src/components/templates/error/error.component.tsx": {"path":"/home/qpavy/Documents/workspace/manager/packages/manager-components/src/components/templates/error/error.component.tsx","statementMap":{"0":{"start":{"line":20,"column":27},"end":{"line":74,"column":1}},"1":{"start":{"line":26,"column":16},"end":{"line":26,"column":39}},"2":{"start":{"line":28,"column":2},"end":{"line":73,"column":4}}},"fnMap":{"0":{"name":"(anonymous_0)","decl":{"start":{"line":20,"column":27},"end":{"line":20,"column":28}},"loc":{"start":{"line":25,"column":24},"end":{"line":74,"column":1}},"line":25}},"branchMap":{"0":{"loc":{"start":{"line":44,"column":13},"end":{"line":44,"column":74}},"type":"binary-expr","locations":[{"start":{"line":44,"column":13},"end":{"line":44,"column":33}},{"start":{"line":44,"column":37},"end":{"line":44,"column":74}}],"line":44},"1":{"loc":{"start":{"line":45,"column":13},"end":{"line":50,"column":13}},"type":"binary-expr","locations":[{"start":{"line":45,"column":13},"end":{"line":45,"column":46}},{"start":{"line":46,"column":14},"end":{"line":49,"column":18}}],"line":45}},"s":{"0":1,"1":4,"2":4},"f":{"0":4},"b":{"0":[4,4],"1":[4,4]},"_coverageSchema":"1a1c01bbd47fc00a2c39e90264f33305004495a9","hash":"7099115f346286fd25090d19c25013df75c12f61"}
,"/home/qpavy/Documents/workspace/manager/packages/manager-components/src/components/templates/layout/layout.component.tsx": {"path":"/home/qpavy/Documents/workspace/manager/packages/manager-components/src/components/templates/layout/layout.component.tsx","statementMap":{"0":{"start":{"line":3,"column":61},"end":{"line":5,"column":1}},"1":{"start":{"line":4,"column":2},"end":{"line":4,"column":48}}},"fnMap":{"0":{"name":"(anonymous_0)","decl":{"start":{"line":3,"column":61},"end":{"line":3,"column":62}},"loc":{"start":{"line":3,"column":79},"end":{"line":5,"column":1}},"line":3}},"branchMap":{},"s":{"0":1,"1":1},"f":{"0":1},"b":{},"_coverageSchema":"1a1c01bbd47fc00a2c39e90264f33305004495a9","hash":"e16512f70958941a363cf370295db8247b5efe2b"}
,"/home/qpavy/Documents/workspace/manager/packages/manager-components/src/components/templates/onboarding/onboarding.component.tsx": {"path":"/home/qpavy/Documents/workspace/manager/packages/manager-components/src/components/templates/onboarding/onboarding.component.tsx","statementMap":{"0":{"start":{"line":39,"column":65},"end":{"line":113,"column":1}},"1":{"start":{"line":52,"column":2},"end":{"line":112,"column":4}}},"fnMap":{"0":{"name":"(anonymous_0)","decl":{"start":{"line":39,"column":65},"end":{"line":39,"column":66}},"loc":{"start":{"line":51,"column":6},"end":{"line":113,"column":1}},"line":51}},"branchMap":{"0":{"loc":{"start":{"line":54,"column":7},"end":{"line":109,"column":7}},"type":"binary-expr","locations":[{"start":{"line":54,"column":7},"end":{"line":54,"column":26}},{"start":{"line":55,"column":8},"end":{"line":108,"column":18}}],"line":54},"1":{"loc":{"start":{"line":59,"column":19},"end":{"line":59,"column":45}},"type":"binary-expr","locations":[{"start":{"line":59,"column":19},"end":{"line":59,"column":27}},{"start":{"line":59,"column":31},"end":{"line":59,"column":45}}],"line":59},"2":{"loc":{"start":{"line":90,"column":21},"end":{"line":90,"column":59}},"type":"binary-expr","locations":[{"start":{"line":90,"column":21},"end":{"line":90,"column":37}},{"start":{"line":90,"column":41},"end":{"line":90,"column":59}}],"line":90},"3":{"loc":{"start":{"line":95,"column":13},"end":{"line":106,"column":13}},"type":"binary-expr","locations":[{"start":{"line":95,"column":13},"end":{"line":95,"column":32}},{"start":{"line":95,"column":36},"end":{"line":95,"column":48}},{"start":{"line":96,"column":14},"end":{"line":105,"column":20}}],"line":95}},"s":{"0":1,"1":2},"f":{"0":2},"b":{"0":[2,2],"1":[2,0],"2":[2,0],"3":[2,2,2]},"_coverageSchema":"1a1c01bbd47fc00a2c39e90264f33305004495a9","hash":"04d0afe2e7b54da54d06668297e76fe4f992e73b"}
,"/home/qpavy/Documents/workspace/manager/packages/manager-components/src/components/typography/description/description.component.tsx": {"path":"/home/qpavy/Documents/workspace/manager/packages/manager-components/src/components/typography/description/description.component.tsx","statementMap":{"0":{"start":{"line":13,"column":55},"end":{"line":27,"column":1}},"1":{"start":{"line":16,"column":2},"end":{"line":26,"column":4}}},"fnMap":{"0":{"name":"(anonymous_0)","decl":{"start":{"line":13,"column":55},"end":{"line":13,"column":56}},"loc":{"start":{"line":15,"column":24},"end":{"line":27,"column":1}},"line":15}},"branchMap":{},"s":{"0":5,"1":6},"f":{"0":6},"b":{},"_coverageSchema":"1a1c01bbd47fc00a2c39e90264f33305004495a9","hash":"c58875d31fc08aa79d9e468f692199ff3fc97f37"}
,"/home/qpavy/Documents/workspace/manager/packages/manager-components/src/components/typography/links/links.component.tsx": {"path":"/home/qpavy/Documents/workspace/manager/packages/manager-components/src/components/typography/links/links.component.tsx","statementMap":{"0":{"start":{"line":27,"column":43},"end":{"line":88,"column":1}},"1":{"start":{"line":38,"column":19},"end":{"line":38,"column":21}},"2":{"start":{"line":40,"column":2},"end":{"line":49,"column":3}},"3":{"start":{"line":41,"column":4},"end":{"line":41,"column":41}},"4":{"start":{"line":42,"column":4},"end":{"line":42,"column":24}},"5":{"start":{"line":43,"column":9},"end":{"line":49,"column":3}},"6":{"start":{"line":44,"column":4},"end":{"line":44,"column":44}},"7":{"start":{"line":45,"column":4},"end":{"line":45,"column":24}},"8":{"start":{"line":46,"column":9},"end":{"line":49,"column":3}},"9":{"start":{"line":47,"column":4},"end":{"line":47,"column":42}},"10":{"start":{"line":48,"column":4},"end":{"line":48,"column":24}},"11":{"start":{"line":51,"column":2},"end":{"line":87,"column":4}}},"fnMap":{"0":{"name":"(anonymous_0)","decl":{"start":{"line":27,"column":43},"end":{"line":27,"column":44}},"loc":{"start":{"line":36,"column":18},"end":{"line":88,"column":1}},"line":36}},"branchMap":{"0":{"loc":{"start":{"line":40,"column":2},"end":{"line":49,"column":3}},"type":"if","locations":[{"start":{"line":40,"column":2},"end":{"line":49,"column":3}},{"start":{"line":43,"column":9},"end":{"line":49,"column":3}}],"line":40},"1":{"loc":{"start":{"line":43,"column":9},"end":{"line":49,"column":3}},"type":"if","locations":[{"start":{"line":43,"column":9},"end":{"line":49,"column":3}},{"start":{"line":46,"column":9},"end":{"line":49,"column":3}}],"line":43},"2":{"loc":{"start":{"line":46,"column":9},"end":{"line":49,"column":3}},"type":"if","locations":[{"start":{"line":46,"column":9},"end":{"line":49,"column":3}},{"start":{},"end":{}}],"line":46},"3":{"loc":{"start":{"line":62,"column":9},"end":{"line":70,"column":9}},"type":"binary-expr","locations":[{"start":{"line":62,"column":9},"end":{"line":62,"column":31}},{"start":{"line":63,"column":10},"end":{"line":69,"column":12}}],"line":62},"4":{"loc":{"start":{"line":74,"column":7},"end":{"line":85,"column":7}},"type":"binary-expr","locations":[{"start":{"line":74,"column":8},"end":{"line":74,"column":30}},{"start":{"line":74,"column":34},"end":{"line":74,"column":60}},{"start":{"line":75,"column":8},"end":{"line":84,"column":15}}],"line":74}},"s":{"0":5,"1":16,"2":16,"3":2,"4":2,"5":14,"6":5,"7":5,"8":9,"9":9,"10":9,"11":16},"f":{"0":16},"b":{"0":[2,14],"1":[5,9],"2":[9,0],"3":[16,2],"4":[16,7,14]},"_coverageSchema":"1a1c01bbd47fc00a2c39e90264f33305004495a9","hash":"e024deea7294275b3e5880494e039bc7a4147273"}
,"/home/qpavy/Documents/workspace/manager/packages/manager-components/src/components/typography/title/title.component.tsx": {"path":"/home/qpavy/Documents/workspace/manager/packages/manager-components/src/components/typography/title/title.component.tsx","statementMap":{"0":{"start":{"line":12,"column":5},"end":{"line":23,"column":1}},"1":{"start":{"line":13,"column":2},"end":{"line":22,"column":4}},"2":{"start":{"line":25,"column":56},"end":{"line":31,"column":1}},"3":{"start":{"line":26,"column":2},"end":{"line":30,"column":4}},"4":{"start":{"line":33,"column":59},"end":{"line":39,"column":1}},"5":{"start":{"line":34,"column":2},"end":{"line":38,"column":4}}},"fnMap":{"0":{"name":"(anonymous_0)","decl":{"start":{"line":12,"column":5},"end":{"line":12,"column":6}},"loc":{"start":{"line":12,"column":66},"end":{"line":23,"column":1}},"line":12},"1":{"name":"(anonymous_1)","decl":{"start":{"line":25,"column":56},"end":{"line":25,"column":57}},"loc":{"start":{"line":25,"column":74},"end":{"line":31,"column":1}},"line":25},"2":{"name":"(anonymous_2)","decl":{"start":{"line":33,"column":59},"end":{"line":33,"column":60}},"loc":{"start":{"line":33,"column":77},"end":{"line":39,"column":1}},"line":33}},"branchMap":{"0":{"loc":{"start":{"line":12,"column":18},"end":{"line":12,"column":59}},"type":"default-arg","locations":[{"start":{"line":12,"column":29},"end":{"line":12,"column":59}}],"line":12}},"s":{"0":4,"1":8,"2":4,"3":4,"4":4,"5":4},"f":{"0":8,"1":4,"2":4},"b":{"0":[0]},"_coverageSchema":"1a1c01bbd47fc00a2c39e90264f33305004495a9","hash":"24265d17b0454bfe067639c943a21ce514d320b0"}
}
