TN:
SF:src/components/action-banner/action-banner.component.tsx
FN:20,ActionBanner
FNF:1
FNH:1
FNDA:5,ActionBanner
DA:26,5
LF:1
LH:1
BRDA:23,0,0,4
BRF:1
BRH:1
end_of_record
TN:
SF:src/components/action-banner/pci/pci-announcement-banner.component.tsx
FN:12,PciAnnouncementBanner
FN:19,(anonymous_1)
FNF:2
FNH:2
FNDA:2,PciAnnouncementBanner
FNDA:1,(anonymous_1)
DA:15,2
DA:17,2
DA:19,2
DA:20,1
DA:23,2
LF:5
LH:5
BRF:0
BRH:0
end_of_record
TN:
SF:src/components/action-banner/pci/pci-discovery-banner.component.tsx
FN:10,(anonymous_0)
FN:18,PciDiscoveryBanner
FN:22,(anonymous_2)
FNF:3
FNH:3
FNDA:3,(anonymous_0)
FNDA:1,PciDiscoveryBanner
FNDA:1,(anonymous_2)
DA:8,1
DA:10,1
DA:11,3
DA:21,1
DA:22,1
DA:23,1
DA:29,1
DA:30,1
LF:8
LH:8
BRF:0
BRH:0
end_of_record
TN:
SF:src/components/container/step/Step.component.tsx
FN:25,(anonymous_0)
FN:79,(anonymous_1)
FN:106,(anonymous_2)
FNF:3
FNH:0
FNDA:0,(anonymous_0)
FNDA:0,(anonymous_1)
FNDA:0,(anonymous_2)
DA:25,0
DA:37,0
DA:80,0
DA:107,0
LF:4
LH:0
BRDA:26,0,0,0
BRDA:27,1,0,0
BRDA:28,2,0,0
BRDA:40,3,0,0
BRDA:40,3,1,0
BRDA:51,4,0,0
BRDA:51,4,1,0
BRDA:65,5,0,0
BRDA:65,5,1,0
BRDA:72,6,0,0
BRDA:72,6,1,0
BRDA:72,6,2,0
BRDA:78,7,0,0
BRDA:78,7,1,0
BRDA:88,8,0,0
BRDA:88,8,1,0
BRDA:90,9,0,0
BRDA:90,9,1,0
BRDA:95,10,0,0
BRDA:95,10,1,0
BRDA:100,11,0,0
BRDA:100,11,1,0
BRDA:100,11,2,0
BRDA:110,12,0,0
BRDA:110,12,1,0
BRF:25
BRH:0
end_of_record
TN:
SF:src/components/container/tabs/Tabs.component.tsx
FN:25,TabsComponent
FN:28,(anonymous_1)
FN:29,(anonymous_2)
FN:39,(anonymous_3)
FN:40,(anonymous_4)
FN:46,(anonymous_5)
FN:51,(anonymous_6)
FN:53,(anonymous_7)
FN:60,(anonymous_8)
FN:79,(anonymous_9)
FN:91,(anonymous_10)
FN:92,(anonymous_11)
FN:112,(anonymous_12)
FN:119,(anonymous_13)
FN:120,(anonymous_14)
FNF:15
FNH:0
FNDA:0,TabsComponent
FNDA:0,(anonymous_1)
FNDA:0,(anonymous_2)
FNDA:0,(anonymous_3)
FNDA:0,(anonymous_4)
FNDA:0,(anonymous_5)
FNDA:0,(anonymous_6)
FNDA:0,(anonymous_7)
FNDA:0,(anonymous_8)
FNDA:0,(anonymous_9)
FNDA:0,(anonymous_10)
FNDA:0,(anonymous_11)
FNDA:0,(anonymous_12)
FNDA:0,(anonymous_13)
FNDA:0,(anonymous_14)
DA:25,0
DA:28,0
DA:29,0
DA:34,0
DA:39,0
DA:40,0
DA:46,0
DA:47,0
DA:51,0
DA:53,0
DA:60,0
DA:61,0
DA:62,0
DA:66,0
DA:68,0
DA:80,0
DA:91,0
DA:92,0
DA:113,0
DA:119,0
DA:120,0
LF:21
LH:0
BRDA:26,0,0,0
BRDA:27,1,0,0
BRDA:28,2,0,0
BRDA:29,3,0,0
BRDA:47,4,0,0
BRDA:47,4,1,0
BRDA:48,5,0,0
BRDA:48,5,1,0
BRDA:48,5,2,0
BRDA:48,5,3,0
BRDA:61,6,0,0
BRDA:61,6,1,0
BRDA:66,7,0,0
BRDA:66,7,1,0
BRDA:70,8,0,0
BRDA:70,8,1,0
BRDA:84,9,0,0
BRDA:84,9,1,0
BRDA:124,10,0,0
BRDA:124,10,1,0
BRDA:141,11,0,0
BRDA:141,11,1,0
BRF:22
BRH:0
end_of_record
TN:
SF:src/components/content/headers/headers.component.tsx
FN:12,(anonymous_0)
FNF:1
FNH:1
FNDA:8,(anonymous_0)
DA:12,2
DA:18,8
LF:2
LH:2
BRDA:21,0,0,8
BRDA:21,0,1,4
BRDA:22,1,0,8
BRDA:22,1,1,4
BRDA:23,2,0,8
BRDA:23,2,1,5
BRF:6
BRH:6
end_of_record
TN:
SF:src/components/content/price/price.component.tsx
FN:19,(anonymous_0)
FN:32,Price
FN:153,(anonymous_2)
FNF:3
FNH:3
FNDA:2,(anonymous_0)
FNDA:9,Price
FNDA:34,(anonymous_2)
DA:19,2
DA:22,2
DA:40,9
DA:41,9
DA:42,9
DA:43,9
DA:57,9
DA:59,9
DA:62,9
DA:66,9
DA:71,9
DA:77,9
DA:80,9
DA:153,34
DA:154,9
DA:155,0
DA:158,9
LF:17
LH:16
BRDA:59,0,0,2
BRDA:59,0,1,7
BRDA:62,1,0,2
BRDA:62,1,1,7
BRDA:63,2,0,2
BRDA:63,2,1,1
BRDA:64,3,0,7
BRDA:64,3,1,5
BRDA:77,4,0,8
BRDA:77,4,1,1
BRDA:77,5,0,9
BRDA:77,5,1,9
BRDA:86,6,0,9
BRDA:86,6,1,5
BRDA:100,7,0,9
BRDA:100,7,1,5
BRDA:110,8,0,9
BRDA:110,8,1,1
BRDA:119,9,0,9
BRDA:119,9,1,2
BRDA:119,9,2,1
BRDA:154,10,0,0
BRDA:154,10,1,9
BRF:23
BRH:22
end_of_record
TN:
SF:src/components/datagrid/datagrid.component.tsx
FN:66,(anonymous_0)
FN:83,(anonymous_1)
FN:85,(anonymous_2)
FN:102,(anonymous_3)
FN:118,(anonymous_4)
FN:120,(anonymous_5)
FN:179,(anonymous_6)
FN:184,(anonymous_7)
FN:219,(anonymous_8)
FN:228,(anonymous_9)
FNF:10
FNH:8
FNDA:10,(anonymous_0)
FNDA:17,(anonymous_1)
FNDA:3,(anonymous_2)
FNDA:4,(anonymous_3)
FNDA:10,(anonymous_4)
FNDA:17,(anonymous_5)
FNDA:3,(anonymous_6)
FNDA:3,(anonymous_7)
FNDA:0,(anonymous_8)
FNDA:0,(anonymous_9)
DA:66,1
DA:76,10
DA:77,10
DA:81,10
DA:83,17
DA:85,3
DA:103,4
DA:104,4
DA:105,4
DA:106,0
DA:107,0
DA:113,10
DA:119,10
DA:121,17
DA:180,3
DA:185,3
DA:220,0
DA:221,0
DA:229,0
DA:230,0
LF:20
LH:14
BRDA:77,0,0,10
BRDA:77,0,1,0
BRDA:95,1,0,10
BRDA:95,1,1,10
BRDA:103,2,0,4
BRDA:103,2,1,0
BRDA:105,3,0,4
BRDA:105,3,1,0
BRDA:106,4,0,0
BRDA:106,4,1,0
BRDA:115,5,0,10
BRDA:115,5,1,9
BRDA:125,6,0,0
BRDA:125,6,1,17
BRDA:129,7,0,17
BRDA:129,7,1,0
BRDA:129,8,0,17
BRDA:129,8,1,17
BRDA:132,9,0,17
BRDA:132,9,1,17
BRDA:153,10,0,7
BRDA:153,10,1,10
BRDA:162,11,0,9
BRDA:162,11,1,8
BRDA:165,12,0,7
BRDA:165,12,1,10
BRDA:196,13,0,10
BRDA:196,13,1,8
BRDA:212,14,0,2
BRDA:212,14,1,8
BRDA:212,15,0,10
BRDA:212,15,1,2
BRDA:220,16,0,0
BRDA:220,16,1,0
BRDA:229,17,0,0
BRDA:229,17,1,0
BRF:36
BRH:25
end_of_record
TN:
SF:src/components/datagrid/text-cell.component.tsx
FN:10,DataGridTextCell
FNF:1
FNH:1
FNDA:8,DataGridTextCell
DA:11,8
LF:1
LH:1
BRF:0
BRH:0
end_of_record
TN:
SF:src/components/filters/filter-add.component.tsx
FN:31,FilterAdd
FN:41,(anonymous_1)
FN:41,(anonymous_2)
FN:45,(anonymous_3)
FN:71,(anonymous_4)
FN:75,(anonymous_5)
FN:93,(anonymous_6)
FN:97,(anonymous_7)
FN:120,(anonymous_8)
FN:121,(anonymous_9)
FNF:10
FNH:5
FNDA:2,FilterAdd
FNDA:2,(anonymous_1)
FNDA:2,(anonymous_2)
FNDA:0,(anonymous_3)
FNDA:0,(anonymous_4)
FNDA:2,(anonymous_5)
FNDA:0,(anonymous_6)
FNDA:10,(anonymous_7)
FNDA:0,(anonymous_8)
FNDA:0,(anonymous_9)
DA:32,2
DA:34,2
DA:35,2
DA:38,2
DA:40,2
DA:41,2
DA:45,2
DA:46,0
DA:54,0
DA:57,2
DA:72,0
DA:76,2
DA:94,0
DA:98,10
DA:120,0
DA:122,0
DA:123,0
LF:17
LH:10
BRDA:34,0,0,2
BRDA:34,0,1,0
BRDA:36,1,0,2
BRDA:36,1,1,0
BRDA:122,2,0,0
BRDA:122,2,1,0
BRDA:132,3,0,0
BRDA:132,3,1,2
BRF:8
BRH:3
end_of_record
TN:
SF:src/components/filters/filter-list.component.tsx
FN:13,FilterList
FN:18,(anonymous_1)
FN:23,(anonymous_2)
FN:30,(anonymous_3)
FNF:4
FNH:4
FNDA:4,FilterList
FNDA:4,(anonymous_1)
FNDA:4,(anonymous_2)
FNDA:1,(anonymous_3)
DA:17,4
DA:18,4
DA:19,4
DA:21,4
DA:24,4
DA:30,1
LF:6
LH:6
BRDA:33,0,0,4
BRDA:33,0,1,0
BRF:2
BRH:1
end_of_record
TN:
SF:src/components/guides-header/guides-header-item.component.tsx
FN:29,GuidesHeaderItem
FN:43,(anonymous_1)
FNF:2
FNH:2
FNDA:10,GuidesHeaderItem
FNDA:2,(anonymous_1)
DA:35,10
DA:44,2
DA:45,2
LF:3
LH:3
BRDA:44,0,0,2
BRDA:44,0,1,0
BRF:2
BRH:1
end_of_record
TN:
SF:src/components/guides-header/guides-header.component.tsx
FN:30,GuidesHeader
FN:59,(anonymous_1)
FN:65,(anonymous_2)
FNF:3
FNH:3
FNDA:5,GuidesHeader
FNDA:10,(anonymous_1)
FNDA:2,(anonymous_2)
DA:37,5
DA:60,10
DA:66,2
DA:67,1
LF:4
LH:4
BRDA:66,0,0,1
BRDA:66,0,1,1
BRF:2
BRH:2
end_of_record
TN:
SF:src/components/guides-header/pci/pci-guides-header.component.tsx
FN:16,PciGuidesHeader
FN:25,(anonymous_1)
FN:28,(anonymous_2)
FNF:3
FNH:0
FNDA:0,PciGuidesHeader
FNDA:0,(anonymous_1)
FNDA:0,(anonymous_2)
DA:17,0
DA:18,0
DA:19,0
DA:20,0
DA:26,0
DA:29,0
LF:6
LH:0
BRF:0
BRH:0
end_of_record
TN:
SF:src/components/input/tiles/TilesInput.component.tsx
FN:24,TilesInputComponent
FN:40,(anonymous_1)
FN:48,(anonymous_2)
FN:56,(anonymous_3)
FN:60,(anonymous_4)
FN:72,(anonymous_5)
FN:73,(anonymous_6)
FN:85,(anonymous_7)
FN:86,(anonymous_8)
FN:94,(anonymous_9)
FN:95,(anonymous_10)
FNF:11
FNH:0
FNDA:0,TilesInputComponent
FNDA:0,(anonymous_1)
FNDA:0,(anonymous_2)
FNDA:0,(anonymous_3)
FNDA:0,(anonymous_4)
FNDA:0,(anonymous_5)
FNDA:0,(anonymous_6)
FNDA:0,(anonymous_7)
FNDA:0,(anonymous_8)
FNDA:0,(anonymous_9)
FNDA:0,(anonymous_10)
DA:24,0
DA:34,0
DA:40,0
DA:41,0
DA:42,0
DA:44,0
DA:45,0
DA:48,0
DA:49,0
DA:50,0
DA:51,0
DA:53,0
DA:56,0
DA:60,0
DA:61,0
DA:62,0
DA:66,0
DA:72,0
DA:74,0
DA:86,0
DA:87,0
DA:95,0
LF:22
LH:0
BRDA:41,0,0,0
BRDA:41,0,1,0
BRDA:41,1,0,0
BRDA:41,1,1,0
BRDA:44,2,0,0
BRDA:44,2,1,0
BRDA:50,3,0,0
BRDA:50,3,1,0
BRDA:61,4,0,0
BRDA:61,4,1,0
BRDA:61,5,0,0
BRDA:61,5,1,0
BRDA:68,6,0,0
BRDA:68,6,1,0
BRDA:76,7,0,0
BRDA:76,7,1,0
BRDA:82,8,0,0
BRDA:82,8,1,0
BRDA:87,9,0,0
BRDA:87,9,1,0
BRF:20
BRH:0
end_of_record
TN:
SF:src/components/input/tiles/components/SimpleTilesInput.component.tsx
FN:11,uniqBy
FN:14,(anonymous_1)
FN:23,stackItems
FN:31,(anonymous_3)
FN:34,(anonymous_4)
FN:69,SimpleTilesInputComponent
FN:89,(anonymous_6)
FN:90,(anonymous_7)
FN:92,(anonymous_8)
FN:98,(anonymous_9)
FN:104,(anonymous_10)
FN:111,(anonymous_11)
FN:112,(anonymous_12)
FN:116,(anonymous_13)
FN:118,(anonymous_14)
FN:127,(anonymous_15)
FN:134,(anonymous_16)
FN:141,(anonymous_17)
FN:155,(anonymous_18)
FN:159,(anonymous_19)
FN:176,(anonymous_20)
FN:180,(anonymous_21)
FNF:22
FNH:0
FNDA:0,uniqBy
FNDA:0,(anonymous_1)
FNDA:0,stackItems
FNDA:0,(anonymous_3)
FNDA:0,(anonymous_4)
FNDA:0,SimpleTilesInputComponent
FNDA:0,(anonymous_6)
FNDA:0,(anonymous_7)
FNDA:0,(anonymous_8)
FNDA:0,(anonymous_9)
FNDA:0,(anonymous_10)
FNDA:0,(anonymous_11)
FNDA:0,(anonymous_12)
FNDA:0,(anonymous_13)
FNDA:0,(anonymous_14)
FNDA:0,(anonymous_15)
FNDA:0,(anonymous_16)
FNDA:0,(anonymous_17)
FNDA:0,(anonymous_18)
FNDA:0,(anonymous_19)
FNDA:0,(anonymous_20)
FNDA:0,(anonymous_21)
DA:11,0
DA:12,0
DA:15,0
DA:17,0
DA:23,0
DA:27,0
DA:29,0
DA:30,0
DA:31,0
DA:32,0
DA:33,0
DA:34,0
DA:37,0
DA:40,0
DA:69,0
DA:81,0
DA:88,0
DA:90,0
DA:92,0
DA:95,0
DA:99,0
DA:104,0
DA:111,0
DA:112,0
DA:116,0
DA:117,0
DA:118,0
DA:127,0
DA:128,0
DA:129,0
DA:134,0
DA:135,0
DA:136,0
DA:141,0
DA:142,0
DA:147,0
DA:151,0
DA:156,0
DA:160,0
DA:177,0
DA:180,0
LF:41
LH:0
BRDA:15,0,0,0
BRDA:15,0,1,0
BRDA:29,1,0,0
BRDA:29,1,1,0
BRDA:99,2,0,0
BRDA:99,2,1,0
BRDA:117,3,0,0
BRDA:117,3,1,0
BRDA:128,4,0,0
BRDA:128,4,1,0
BRDA:135,5,0,0
BRDA:135,5,1,0
BRDA:136,6,0,0
BRDA:136,6,1,0
BRDA:142,7,0,0
BRDA:142,7,1,0
BRDA:143,8,0,0
BRDA:143,8,1,0
BRDA:143,8,2,0
BRDA:152,9,0,0
BRDA:152,9,1,0
BRDA:154,10,0,0
BRDA:154,10,1,0
BRDA:160,11,0,0
BRDA:160,11,1,0
BRDA:165,12,0,0
BRDA:165,12,1,0
BRDA:170,13,0,0
BRDA:170,13,1,0
BRDA:182,14,0,0
BRDA:182,14,1,0
BRDA:192,15,0,0
BRDA:192,15,1,0
BRDA:192,15,2,0
BRF:34
BRH:0
end_of_record
TN:
SF:src/components/navigation/card/card.component.tsx
FN:46,(anonymous_0)
FN:94,(anonymous_1)
FNF:2
FNH:2
FNDA:8,(anonymous_0)
FNDA:1,(anonymous_1)
DA:46,4
DA:57,8
DA:58,8
DA:60,8
DA:95,1
LF:5
LH:5
BRDA:78,0,0,8
BRDA:78,0,1,2
BRDA:130,1,0,0
BRDA:130,1,1,8
BRF:4
BRH:3
end_of_record
TN:
SF:src/components/navigation/menus/action/action.component.tsx
FN:47,(anonymous_0)
FN:65,(anonymous_1)
FN:107,(anonymous_2)
FN:127,(anonymous_3)
FN:135,(anonymous_4)
FNF:5
FNH:5
FNDA:5,(anonymous_0)
FNDA:10,(anonymous_1)
FNDA:5,(anonymous_2)
FNDA:1,(anonymous_3)
FNDA:10,(anonymous_4)
DA:47,2
DA:55,5
DA:56,5
DA:59,5
DA:62,5
DA:65,2
DA:72,10
DA:79,10
DA:107,2
DA:113,5
DA:114,5
DA:115,5
DA:117,5
DA:127,1
DA:136,10
LF:15
LH:15
BRDA:55,0,0,1
BRDA:55,0,1,4
BRDA:59,1,0,5
BRDA:59,1,1,4
BRDA:60,2,0,1
BRDA:60,2,1,3
BRDA:81,3,0,2
BRDA:81,3,1,8
BRDA:81,4,0,10
BRDA:81,4,1,8
BRDA:84,5,0,2
BRDA:84,5,1,2
BRDA:96,6,0,8
BRDA:96,6,1,8
BRDA:118,7,0,5
BRDA:118,7,1,5
BRDA:126,8,0,5
BRDA:126,8,1,4
BRDA:129,9,0,5
BRDA:129,9,1,4
BRDA:130,10,0,4
BRDA:130,10,1,1
BRF:22
BRH:22
end_of_record
TN:
SF:src/components/navigation/menus/guide/guide.component.tsx
FN:37,(anonymous_0)
FN:59,(anonymous_1)
FNF:2
FNH:2
FNDA:2,(anonymous_0)
FNDA:4,(anonymous_1)
DA:37,2
DA:38,2
DA:39,2
DA:60,4
LF:4
LH:4
BRF:0
BRH:0
end_of_record
TN:
SF:src/components/notifications/notifications.component.tsx
FN:20,(anonymous_0)
FN:27,(anonymous_1)
FN:34,(anonymous_2)
FNF:3
FNH:3
FNDA:6,(anonymous_0)
FNDA:4,(anonymous_1)
FNDA:6,(anonymous_2)
DA:20,1
DA:23,6
DA:24,6
DA:25,6
DA:27,6
DA:28,4
DA:29,0
DA:32,6
DA:35,6
LF:9
LH:8
BRDA:21,0,0,6
BRDA:28,1,0,0
BRDA:28,1,1,4
BRDA:28,2,0,4
BRDA:28,2,1,4
BRF:5
BRH:4
end_of_record
TN:
SF:src/components/table/table.component.tsx
FN:9,(anonymous_0)
FNF:1
FNH:1
FNDA:4,(anonymous_0)
DA:9,1
DA:14,4
LF:2
LH:2
BRDA:11,0,0,3
BRDA:12,1,0,4
BRDA:15,2,0,1
BRDA:15,2,1,3
BRF:4
BRH:4
end_of_record
TN:
SF:src/components/templates/dashboard/dashboard.component.tsx
FN:16,(anonymous_0)
FNF:1
FNH:1
FNDA:1,(anonymous_0)
DA:16,1
DA:24,1
LF:2
LH:2
BRDA:27,0,0,1
BRDA:27,0,1,1
BRDA:34,1,0,1
BRDA:34,1,1,1
BRF:4
BRH:4
end_of_record
TN:
SF:src/components/templates/error/error.component.tsx
FN:20,(anonymous_0)
FNF:1
FNH:1
FNDA:4,(anonymous_0)
DA:20,1
DA:26,4
DA:28,4
LF:3
LH:3
BRDA:44,0,0,4
BRDA:44,0,1,4
BRDA:45,1,0,4
BRDA:45,1,1,4
BRF:4
BRH:4
end_of_record
TN:
SF:src/components/templates/layout/layout.component.tsx
FN:3,(anonymous_0)
FNF:1
FNH:1
FNDA:1,(anonymous_0)
DA:3,1
DA:4,1
LF:2
LH:2
BRF:0
BRH:0
end_of_record
TN:
SF:src/components/templates/onboarding/onboarding.component.tsx
FN:39,(anonymous_0)
FNF:1
FNH:1
FNDA:2,(anonymous_0)
DA:39,1
DA:52,2
LF:2
LH:2
BRDA:54,0,0,2
BRDA:54,0,1,2
BRDA:59,1,0,2
BRDA:59,1,1,0
BRDA:90,2,0,2
BRDA:90,2,1,0
BRDA:95,3,0,2
BRDA:95,3,1,2
BRDA:95,3,2,2
BRF:9
BRH:7
end_of_record
TN:
SF:src/components/typography/description/description.component.tsx
FN:13,(anonymous_0)
FNF:1
FNH:1
FNDA:6,(anonymous_0)
DA:13,5
DA:16,6
LF:2
LH:2
BRF:0
BRH:0
end_of_record
TN:
SF:src/components/typography/links/links.component.tsx
FN:27,(anonymous_0)
FNF:1
FNH:1
FNDA:16,(anonymous_0)
DA:27,5
DA:38,16
DA:40,16
DA:41,2
DA:42,2
DA:43,14
DA:44,5
DA:45,5
DA:46,9
DA:47,9
DA:48,9
DA:51,16
LF:12
LH:12
BRDA:40,0,0,2
BRDA:40,0,1,14
BRDA:43,1,0,5
BRDA:43,1,1,9
BRDA:46,2,0,9
BRDA:46,2,1,0
BRDA:62,3,0,16
BRDA:62,3,1,2
BRDA:74,4,0,16
BRDA:74,4,1,7
BRDA:74,4,2,14
BRF:11
BRH:10
end_of_record
TN:
SF:src/components/typography/title/title.component.tsx
FN:12,(anonymous_0)
FN:25,(anonymous_1)
FN:33,(anonymous_2)
FNF:3
FNH:3
FNDA:8,(anonymous_0)
FNDA:4,(anonymous_1)
FNDA:4,(anonymous_2)
DA:12,4
DA:13,8
DA:25,4
DA:26,4
DA:33,4
DA:34,4
LF:6
LH:6
BRDA:12,0,0,0
BRF:1
BRH:0
end_of_record
